INFO [2017-01-09 11:20:36] [[1]]
INFO [2017-01-09 11:20:36] mylist_day2
INFO [2017-01-09 11:20:36] 
INFO [2017-01-09 11:20:36] $filename
INFO [2017-01-09 11:20:36] [1] "Day 2 Comparison.png"
INFO [2017-01-09 11:20:36] 
INFO [2017-01-09 11:20:36] $imagetype
INFO [2017-01-09 11:20:36] [1] "png"
INFO [2017-01-09 11:20:36] 
INFO [2017-01-09 11:20:36] $main
INFO [2017-01-09 11:20:36] [1] "Day 2 Comparison"
INFO [2017-01-09 11:20:36] 
INFO [2017-01-09 11:20:36] $cex
INFO [2017-01-09 11:20:36] [1] 1.5
INFO [2017-01-09 11:20:36] 
INFO [2017-01-09 11:20:36] $fill
INFO [2017-01-09 11:20:36] pal[1:2]
INFO [2017-01-09 11:20:36] 
INFO [2017-01-09 11:20:36] $lty
INFO [2017-01-09 11:20:36] [1] 1
INFO [2017-01-09 11:20:36] 
INFO [2017-01-09 11:20:36] $height
INFO [2017-01-09 11:20:36] [1] 2000
INFO [2017-01-09 11:20:36] 
INFO [2017-01-09 11:20:36] $width
INFO [2017-01-09 11:20:36] [1] 3000
INFO [2017-01-09 11:20:36] 
