INFO [2017-01-10 15:54:12] [[1]]
INFO [2017-01-10 15:54:12] mylist_day2
INFO [2017-01-10 15:54:12] 
INFO [2017-01-10 15:54:12] $filename
INFO [2017-01-10 15:54:12] [1] "Day 2 Comparison.png"
INFO [2017-01-10 15:54:12] 
INFO [2017-01-10 15:54:12] $imagetype
INFO [2017-01-10 15:54:12] [1] "png"
INFO [2017-01-10 15:54:12] 
INFO [2017-01-10 15:54:12] $main
INFO [2017-01-10 15:54:12] [1] "Day 2 Comparison"
INFO [2017-01-10 15:54:12] 
INFO [2017-01-10 15:54:12] $cex
INFO [2017-01-10 15:54:12] [1] 1.5
INFO [2017-01-10 15:54:12] 
INFO [2017-01-10 15:54:12] $fill
INFO [2017-01-10 15:54:12] pal[1:2]
INFO [2017-01-10 15:54:12] 
INFO [2017-01-10 15:54:12] $lty
INFO [2017-01-10 15:54:12] [1] 1
INFO [2017-01-10 15:54:12] 
INFO [2017-01-10 15:54:12] $height
INFO [2017-01-10 15:54:12] [1] 2000
INFO [2017-01-10 15:54:12] 
INFO [2017-01-10 15:54:12] $width
INFO [2017-01-10 15:54:12] [1] 3000
INFO [2017-01-10 15:54:12] 
