INFO [2017-01-09 22:01:42] [[1]]
INFO [2017-01-09 22:01:42] mylist_day3
INFO [2017-01-09 22:01:42] 
INFO [2017-01-09 22:01:42] $filename
INFO [2017-01-09 22:01:42] [1] "Day 3 Comparison.png"
INFO [2017-01-09 22:01:42] 
INFO [2017-01-09 22:01:42] $imagetype
INFO [2017-01-09 22:01:42] [1] "png"
INFO [2017-01-09 22:01:42] 
INFO [2017-01-09 22:01:42] $main
INFO [2017-01-09 22:01:42] [1] "Day 3 Comparison"
INFO [2017-01-09 22:01:42] 
INFO [2017-01-09 22:01:42] $cex
INFO [2017-01-09 22:01:42] [1] 1.5
INFO [2017-01-09 22:01:42] 
INFO [2017-01-09 22:01:42] $fill
INFO [2017-01-09 22:01:42] pal[1:2]
INFO [2017-01-09 22:01:42] 
INFO [2017-01-09 22:01:42] $lty
INFO [2017-01-09 22:01:42] [1] 1
INFO [2017-01-09 22:01:42] 
INFO [2017-01-09 22:01:42] $height
INFO [2017-01-09 22:01:42] [1] 2000
INFO [2017-01-09 22:01:42] 
INFO [2017-01-09 22:01:42] $width
INFO [2017-01-09 22:01:42] [1] 3000
INFO [2017-01-09 22:01:42] 
