INFO [2017-01-10 15:54:13] [[1]]
INFO [2017-01-10 15:54:13] mylist_day3
INFO [2017-01-10 15:54:13] 
INFO [2017-01-10 15:54:13] $filename
INFO [2017-01-10 15:54:13] [1] "Day 3 Comparison.png"
INFO [2017-01-10 15:54:13] 
INFO [2017-01-10 15:54:13] $imagetype
INFO [2017-01-10 15:54:13] [1] "png"
INFO [2017-01-10 15:54:13] 
INFO [2017-01-10 15:54:13] $main
INFO [2017-01-10 15:54:13] [1] "Day 3 Comparison"
INFO [2017-01-10 15:54:13] 
INFO [2017-01-10 15:54:13] $cex
INFO [2017-01-10 15:54:13] [1] 1.5
INFO [2017-01-10 15:54:13] 
INFO [2017-01-10 15:54:13] $fill
INFO [2017-01-10 15:54:13] pal[1:2]
INFO [2017-01-10 15:54:13] 
INFO [2017-01-10 15:54:13] $lty
INFO [2017-01-10 15:54:13] [1] 1
INFO [2017-01-10 15:54:13] 
INFO [2017-01-10 15:54:13] $height
INFO [2017-01-10 15:54:13] [1] 2000
INFO [2017-01-10 15:54:13] 
INFO [2017-01-10 15:54:13] $width
INFO [2017-01-10 15:54:13] [1] 3000
INFO [2017-01-10 15:54:13] 
