INFO [2017-01-10 15:54:11] [[1]]
INFO [2017-01-10 15:54:11] mylist_day1
INFO [2017-01-10 15:54:11] 
INFO [2017-01-10 15:54:11] $filename
INFO [2017-01-10 15:54:11] [1] "Day 1 Comparison.png"
INFO [2017-01-10 15:54:11] 
INFO [2017-01-10 15:54:11] $imagetype
INFO [2017-01-10 15:54:11] [1] "png"
INFO [2017-01-10 15:54:11] 
INFO [2017-01-10 15:54:11] $main
INFO [2017-01-10 15:54:11] [1] "Day 1 Comparison"
INFO [2017-01-10 15:54:11] 
INFO [2017-01-10 15:54:11] $cex
INFO [2017-01-10 15:54:11] [1] 1.5
INFO [2017-01-10 15:54:11] 
INFO [2017-01-10 15:54:11] $fill
INFO [2017-01-10 15:54:11] pal[1:2]
INFO [2017-01-10 15:54:11] 
INFO [2017-01-10 15:54:11] $lty
INFO [2017-01-10 15:54:11] [1] 1
INFO [2017-01-10 15:54:11] 
INFO [2017-01-10 15:54:11] $height
INFO [2017-01-10 15:54:11] [1] 2000
INFO [2017-01-10 15:54:11] 
INFO [2017-01-10 15:54:11] $width
INFO [2017-01-10 15:54:11] [1] 3000
INFO [2017-01-10 15:54:11] 
