INFO [2017-01-09 21:40:02] [[1]]
INFO [2017-01-09 21:40:02] mylist_day1
INFO [2017-01-09 21:40:02] 
INFO [2017-01-09 21:40:02] $filename
INFO [2017-01-09 21:40:02] [1] "Day 1 Comparison.png"
INFO [2017-01-09 21:40:02] 
INFO [2017-01-09 21:40:02] $imagetype
INFO [2017-01-09 21:40:02] [1] "png"
INFO [2017-01-09 21:40:02] 
INFO [2017-01-09 21:40:02] $main
INFO [2017-01-09 21:40:02] [1] "Day 1 Comparison"
INFO [2017-01-09 21:40:02] 
INFO [2017-01-09 21:40:02] $cex
INFO [2017-01-09 21:40:02] [1] 1.5
INFO [2017-01-09 21:40:02] 
INFO [2017-01-09 21:40:02] $fill
INFO [2017-01-09 21:40:02] pal[1:2]
INFO [2017-01-09 21:40:02] 
INFO [2017-01-09 21:40:02] $lty
INFO [2017-01-09 21:40:02] [1] 1
INFO [2017-01-09 21:40:02] 
INFO [2017-01-09 21:40:02] $height
INFO [2017-01-09 21:40:02] [1] 2000
INFO [2017-01-09 21:40:02] 
INFO [2017-01-09 21:40:02] $width
INFO [2017-01-09 21:40:02] [1] 3000
INFO [2017-01-09 21:40:02] 
