INFO [2017-01-09 11:37:07] [[1]]
INFO [2017-01-09 11:37:07] mylist_day3
INFO [2017-01-09 11:37:07] 
INFO [2017-01-09 11:37:07] $filename
INFO [2017-01-09 11:37:07] [1] "Day 3 Comparison.png"
INFO [2017-01-09 11:37:07] 
INFO [2017-01-09 11:37:07] $imagetype
INFO [2017-01-09 11:37:07] [1] "png"
INFO [2017-01-09 11:37:07] 
INFO [2017-01-09 11:37:07] $main
INFO [2017-01-09 11:37:07] [1] "Day 3 Comparison"
INFO [2017-01-09 11:37:07] 
INFO [2017-01-09 11:37:07] $cex
INFO [2017-01-09 11:37:07] [1] 1.5
INFO [2017-01-09 11:37:07] 
INFO [2017-01-09 11:37:07] $fill
INFO [2017-01-09 11:37:07] pal[1:2]
INFO [2017-01-09 11:37:07] 
INFO [2017-01-09 11:37:07] $lty
INFO [2017-01-09 11:37:07] [1] 1
INFO [2017-01-09 11:37:07] 
INFO [2017-01-09 11:37:07] $height
INFO [2017-01-09 11:37:07] [1] 2000
INFO [2017-01-09 11:37:07] 
INFO [2017-01-09 11:37:07] $width
INFO [2017-01-09 11:37:07] [1] 3000
INFO [2017-01-09 11:37:07] 
