INFO [2017-01-09 22:01:41] [[1]]
INFO [2017-01-09 22:01:41] mylist_day2
INFO [2017-01-09 22:01:41] 
INFO [2017-01-09 22:01:41] $filename
INFO [2017-01-09 22:01:41] [1] "Day 2 Comparison.png"
INFO [2017-01-09 22:01:41] 
INFO [2017-01-09 22:01:41] $imagetype
INFO [2017-01-09 22:01:41] [1] "png"
INFO [2017-01-09 22:01:41] 
INFO [2017-01-09 22:01:41] $main
INFO [2017-01-09 22:01:41] [1] "Day 2 Comparison"
INFO [2017-01-09 22:01:41] 
INFO [2017-01-09 22:01:41] $cex
INFO [2017-01-09 22:01:41] [1] 1.5
INFO [2017-01-09 22:01:41] 
INFO [2017-01-09 22:01:41] $fill
INFO [2017-01-09 22:01:41] pal[1:2]
INFO [2017-01-09 22:01:41] 
INFO [2017-01-09 22:01:41] $lty
INFO [2017-01-09 22:01:41] [1] 1
INFO [2017-01-09 22:01:41] 
INFO [2017-01-09 22:01:41] $height
INFO [2017-01-09 22:01:41] [1] 2000
INFO [2017-01-09 22:01:41] 
INFO [2017-01-09 22:01:41] $width
INFO [2017-01-09 22:01:41] [1] 3000
INFO [2017-01-09 22:01:41] 
