INFO [2017-01-09 11:20:35] [[1]]
INFO [2017-01-09 11:20:35] mylist_day1
INFO [2017-01-09 11:20:35] 
INFO [2017-01-09 11:20:35] $filename
INFO [2017-01-09 11:20:35] [1] "Day 1 Comparison.png"
INFO [2017-01-09 11:20:35] 
INFO [2017-01-09 11:20:35] $imagetype
INFO [2017-01-09 11:20:35] [1] "png"
INFO [2017-01-09 11:20:35] 
INFO [2017-01-09 11:20:35] $main
INFO [2017-01-09 11:20:35] [1] "Day 1 Comparison"
INFO [2017-01-09 11:20:35] 
INFO [2017-01-09 11:20:35] $cex
INFO [2017-01-09 11:20:35] [1] 1.5
INFO [2017-01-09 11:20:35] 
INFO [2017-01-09 11:20:35] $fill
INFO [2017-01-09 11:20:35] pal[1:2]
INFO [2017-01-09 11:20:35] 
INFO [2017-01-09 11:20:35] $lty
INFO [2017-01-09 11:20:35] [1] 1
INFO [2017-01-09 11:20:35] 
INFO [2017-01-09 11:20:35] $height
INFO [2017-01-09 11:20:35] [1] 2000
INFO [2017-01-09 11:20:35] 
INFO [2017-01-09 11:20:35] $width
INFO [2017-01-09 11:20:35] [1] 3000
INFO [2017-01-09 11:20:35] 
