INFO [2017-01-09 15:35:03] [[1]]
INFO [2017-01-09 15:35:03] mylist_day2
INFO [2017-01-09 15:35:03] 
INFO [2017-01-09 15:35:03] $filename
INFO [2017-01-09 15:35:03] [1] "Day 2 Comparison.png"
INFO [2017-01-09 15:35:03] 
INFO [2017-01-09 15:35:03] $imagetype
INFO [2017-01-09 15:35:03] [1] "png"
INFO [2017-01-09 15:35:03] 
INFO [2017-01-09 15:35:03] $main
INFO [2017-01-09 15:35:03] [1] "Day 2 Comparison"
INFO [2017-01-09 15:35:03] 
INFO [2017-01-09 15:35:03] $cex
INFO [2017-01-09 15:35:03] [1] 1.5
INFO [2017-01-09 15:35:03] 
INFO [2017-01-09 15:35:03] $fill
INFO [2017-01-09 15:35:03] pal[1:2]
INFO [2017-01-09 15:35:03] 
INFO [2017-01-09 15:35:03] $lty
INFO [2017-01-09 15:35:03] [1] 1
INFO [2017-01-09 15:35:03] 
INFO [2017-01-09 15:35:03] $height
INFO [2017-01-09 15:35:03] [1] 2000
INFO [2017-01-09 15:35:03] 
INFO [2017-01-09 15:35:03] $width
INFO [2017-01-09 15:35:03] [1] 3000
INFO [2017-01-09 15:35:03] 
