INFO [2017-01-12 00:51:14] [[1]]
INFO [2017-01-12 00:51:14] mylist_day3
INFO [2017-01-12 00:51:14] 
INFO [2017-01-12 00:51:14] $filename
INFO [2017-01-12 00:51:14] [1] "Day 3 Comparison.png"
INFO [2017-01-12 00:51:14] 
INFO [2017-01-12 00:51:14] $imagetype
INFO [2017-01-12 00:51:14] [1] "png"
INFO [2017-01-12 00:51:14] 
INFO [2017-01-12 00:51:14] $main
INFO [2017-01-12 00:51:14] [1] "Day 3 Comparison"
INFO [2017-01-12 00:51:14] 
INFO [2017-01-12 00:51:14] $cex
INFO [2017-01-12 00:51:14] [1] 1.5
INFO [2017-01-12 00:51:14] 
INFO [2017-01-12 00:51:14] $fill
INFO [2017-01-12 00:51:14] pal[1:2]
INFO [2017-01-12 00:51:14] 
INFO [2017-01-12 00:51:14] $lty
INFO [2017-01-12 00:51:14] [1] 1
INFO [2017-01-12 00:51:14] 
INFO [2017-01-12 00:51:14] $height
INFO [2017-01-12 00:51:14] [1] 2000
INFO [2017-01-12 00:51:14] 
INFO [2017-01-12 00:51:14] $width
INFO [2017-01-12 00:51:14] [1] 3000
INFO [2017-01-12 00:51:14] 
