INFO [2017-01-09 16:30:47] [[1]]
INFO [2017-01-09 16:30:47] mylist_day3
INFO [2017-01-09 16:30:47] 
INFO [2017-01-09 16:30:47] $filename
INFO [2017-01-09 16:30:47] [1] "Day 3 Comparison.png"
INFO [2017-01-09 16:30:47] 
INFO [2017-01-09 16:30:47] $imagetype
INFO [2017-01-09 16:30:47] [1] "png"
INFO [2017-01-09 16:30:47] 
INFO [2017-01-09 16:30:47] $main
INFO [2017-01-09 16:30:47] [1] "Day 3 Comparison"
INFO [2017-01-09 16:30:47] 
INFO [2017-01-09 16:30:47] $cex
INFO [2017-01-09 16:30:47] [1] 1.5
INFO [2017-01-09 16:30:47] 
INFO [2017-01-09 16:30:47] $fill
INFO [2017-01-09 16:30:47] pal[1:2]
INFO [2017-01-09 16:30:47] 
INFO [2017-01-09 16:30:47] $lty
INFO [2017-01-09 16:30:47] [1] 1
INFO [2017-01-09 16:30:47] 
INFO [2017-01-09 16:30:47] $height
INFO [2017-01-09 16:30:47] [1] 2000
INFO [2017-01-09 16:30:47] 
INFO [2017-01-09 16:30:47] $width
INFO [2017-01-09 16:30:47] [1] 3000
INFO [2017-01-09 16:30:47] 
