INFO [2017-01-09 21:40:03] [[1]]
INFO [2017-01-09 21:40:03] mylist_day3
INFO [2017-01-09 21:40:03] 
INFO [2017-01-09 21:40:03] $filename
INFO [2017-01-09 21:40:03] [1] "Day 3 Comparison.png"
INFO [2017-01-09 21:40:03] 
INFO [2017-01-09 21:40:03] $imagetype
INFO [2017-01-09 21:40:03] [1] "png"
INFO [2017-01-09 21:40:03] 
INFO [2017-01-09 21:40:03] $main
INFO [2017-01-09 21:40:03] [1] "Day 3 Comparison"
INFO [2017-01-09 21:40:03] 
INFO [2017-01-09 21:40:03] $cex
INFO [2017-01-09 21:40:03] [1] 1.5
INFO [2017-01-09 21:40:03] 
INFO [2017-01-09 21:40:03] $fill
INFO [2017-01-09 21:40:03] pal[1:2]
INFO [2017-01-09 21:40:03] 
INFO [2017-01-09 21:40:03] $lty
INFO [2017-01-09 21:40:03] [1] 1
INFO [2017-01-09 21:40:03] 
INFO [2017-01-09 21:40:03] $height
INFO [2017-01-09 21:40:03] [1] 2000
INFO [2017-01-09 21:40:03] 
INFO [2017-01-09 21:40:03] $width
INFO [2017-01-09 21:40:03] [1] 3000
INFO [2017-01-09 21:40:03] 
