INFO [2017-01-09 16:30:46] [[1]]
INFO [2017-01-09 16:30:46] mylist_day1
INFO [2017-01-09 16:30:46] 
INFO [2017-01-09 16:30:46] $filename
INFO [2017-01-09 16:30:46] [1] "Day 1 Comparison.png"
INFO [2017-01-09 16:30:46] 
INFO [2017-01-09 16:30:46] $imagetype
INFO [2017-01-09 16:30:46] [1] "png"
INFO [2017-01-09 16:30:46] 
INFO [2017-01-09 16:30:46] $main
INFO [2017-01-09 16:30:46] [1] "Day 1 Comparison"
INFO [2017-01-09 16:30:46] 
INFO [2017-01-09 16:30:46] $cex
INFO [2017-01-09 16:30:46] [1] 1.5
INFO [2017-01-09 16:30:46] 
INFO [2017-01-09 16:30:46] $fill
INFO [2017-01-09 16:30:46] pal[1:2]
INFO [2017-01-09 16:30:46] 
INFO [2017-01-09 16:30:46] $lty
INFO [2017-01-09 16:30:46] [1] 1
INFO [2017-01-09 16:30:46] 
INFO [2017-01-09 16:30:46] $height
INFO [2017-01-09 16:30:46] [1] 2000
INFO [2017-01-09 16:30:46] 
INFO [2017-01-09 16:30:46] $width
INFO [2017-01-09 16:30:46] [1] 3000
INFO [2017-01-09 16:30:46] 
