INFO [2017-01-09 15:35:04] [[1]]
INFO [2017-01-09 15:35:04] mylist_day3
INFO [2017-01-09 15:35:04] 
INFO [2017-01-09 15:35:04] $filename
INFO [2017-01-09 15:35:04] [1] "Day 3 Comparison.png"
INFO [2017-01-09 15:35:04] 
INFO [2017-01-09 15:35:04] $imagetype
INFO [2017-01-09 15:35:04] [1] "png"
INFO [2017-01-09 15:35:04] 
INFO [2017-01-09 15:35:04] $main
INFO [2017-01-09 15:35:04] [1] "Day 3 Comparison"
INFO [2017-01-09 15:35:04] 
INFO [2017-01-09 15:35:04] $cex
INFO [2017-01-09 15:35:04] [1] 1.5
INFO [2017-01-09 15:35:04] 
INFO [2017-01-09 15:35:04] $fill
INFO [2017-01-09 15:35:04] pal[1:2]
INFO [2017-01-09 15:35:04] 
INFO [2017-01-09 15:35:04] $lty
INFO [2017-01-09 15:35:04] [1] 1
INFO [2017-01-09 15:35:04] 
INFO [2017-01-09 15:35:04] $height
INFO [2017-01-09 15:35:04] [1] 2000
INFO [2017-01-09 15:35:04] 
INFO [2017-01-09 15:35:04] $width
INFO [2017-01-09 15:35:04] [1] 3000
INFO [2017-01-09 15:35:04] 
