INFO [2017-01-09 21:40:01] [[1]]
INFO [2017-01-09 21:40:01] mylist
INFO [2017-01-09 21:40:01] 
INFO [2017-01-09 21:40:01] $filename
INFO [2017-01-09 21:40:01] [1] "Genes with Significant Interaction Terms.png"
INFO [2017-01-09 21:40:01] 
INFO [2017-01-09 21:40:01] $imagetype
INFO [2017-01-09 21:40:01] [1] "png"
INFO [2017-01-09 21:40:01] 
INFO [2017-01-09 21:40:01] $main
INFO [2017-01-09 21:40:01] [1] "Genes with Significant Interaction Terms"
INFO [2017-01-09 21:40:01] 
INFO [2017-01-09 21:40:01] $cex
INFO [2017-01-09 21:40:01] [1] 1.5
INFO [2017-01-09 21:40:01] 
INFO [2017-01-09 21:40:01] $fill
INFO [2017-01-09 21:40:01] pal[1:3]
INFO [2017-01-09 21:40:01] 
INFO [2017-01-09 21:40:01] $lty
INFO [2017-01-09 21:40:01] [1] 1
INFO [2017-01-09 21:40:01] 
INFO [2017-01-09 21:40:01] $height
INFO [2017-01-09 21:40:01] [1] 2000
INFO [2017-01-09 21:40:01] 
INFO [2017-01-09 21:40:01] $width
INFO [2017-01-09 21:40:01] [1] 3000
INFO [2017-01-09 21:40:01] 
