INFO [2017-01-12 00:51:12] [[1]]
INFO [2017-01-12 00:51:12] mylist
INFO [2017-01-12 00:51:12] 
INFO [2017-01-12 00:51:12] $filename
INFO [2017-01-12 00:51:12] [1] "Genes with Significant Interaction Terms.png"
INFO [2017-01-12 00:51:12] 
INFO [2017-01-12 00:51:12] $imagetype
INFO [2017-01-12 00:51:12] [1] "png"
INFO [2017-01-12 00:51:12] 
INFO [2017-01-12 00:51:12] $main
INFO [2017-01-12 00:51:12] [1] "Genes with Significant Interaction Terms"
INFO [2017-01-12 00:51:12] 
INFO [2017-01-12 00:51:12] $cex
INFO [2017-01-12 00:51:12] [1] 1.5
INFO [2017-01-12 00:51:12] 
INFO [2017-01-12 00:51:12] $fill
INFO [2017-01-12 00:51:12] pal[1:3]
INFO [2017-01-12 00:51:12] 
INFO [2017-01-12 00:51:12] $lty
INFO [2017-01-12 00:51:12] [1] 1
INFO [2017-01-12 00:51:12] 
INFO [2017-01-12 00:51:12] $height
INFO [2017-01-12 00:51:12] [1] 2000
INFO [2017-01-12 00:51:12] 
INFO [2017-01-12 00:51:12] $width
INFO [2017-01-12 00:51:12] [1] 3000
INFO [2017-01-12 00:51:12] 
