INFO [2017-01-09 15:35:02] [[1]]
INFO [2017-01-09 15:35:02] mylist
INFO [2017-01-09 15:35:02] 
INFO [2017-01-09 15:35:02] $filename
INFO [2017-01-09 15:35:02] [1] "Genes with Significant Interaction Terms.png"
INFO [2017-01-09 15:35:02] 
INFO [2017-01-09 15:35:02] $imagetype
INFO [2017-01-09 15:35:02] [1] "png"
INFO [2017-01-09 15:35:02] 
INFO [2017-01-09 15:35:02] $main
INFO [2017-01-09 15:35:02] [1] "Genes with Significant Interaction Terms"
INFO [2017-01-09 15:35:02] 
INFO [2017-01-09 15:35:02] $cex
INFO [2017-01-09 15:35:02] [1] 1.5
INFO [2017-01-09 15:35:02] 
INFO [2017-01-09 15:35:02] $fill
INFO [2017-01-09 15:35:02] pal[1:3]
INFO [2017-01-09 15:35:02] 
INFO [2017-01-09 15:35:02] $lty
INFO [2017-01-09 15:35:02] [1] 1
INFO [2017-01-09 15:35:02] 
INFO [2017-01-09 15:35:02] $height
INFO [2017-01-09 15:35:02] [1] 2000
INFO [2017-01-09 15:35:02] 
INFO [2017-01-09 15:35:02] $width
INFO [2017-01-09 15:35:02] [1] 3000
INFO [2017-01-09 15:35:02] 
