INFO [2017-04-16 18:35:03] [[1]]
INFO [2017-04-16 18:35:03] mylist_humans_by_day
INFO [2017-04-16 18:35:03] 
INFO [2017-04-16 18:35:03] $filename
INFO [2017-04-16 18:35:03] NULL
INFO [2017-04-16 18:35:03] 
INFO [2017-04-16 18:35:03] $main
INFO [2017-04-16 18:35:03] [1] "DE genes across days in humans (1% FDR)"
INFO [2017-04-16 18:35:03] 
INFO [2017-04-16 18:35:03] $cex
INFO [2017-04-16 18:35:03] [1] 1.5
INFO [2017-04-16 18:35:03] 
INFO [2017-04-16 18:35:03] $fill
INFO [2017-04-16 18:35:03] pal[1:3]
INFO [2017-04-16 18:35:03] 
INFO [2017-04-16 18:35:03] $lty
INFO [2017-04-16 18:35:03] [1] 1
INFO [2017-04-16 18:35:03] 
INFO [2017-04-16 18:35:03] $height
INFO [2017-04-16 18:35:03] [1] 2000
INFO [2017-04-16 18:35:03] 
INFO [2017-04-16 18:35:03] $width
INFO [2017-04-16 18:35:03] [1] 3000
INFO [2017-04-16 18:35:03] 
INFO [2017-04-16 18:35:03] [[1]]
INFO [2017-04-16 18:35:03] mylist_chimps_by_day
INFO [2017-04-16 18:35:03] 
INFO [2017-04-16 18:35:03] $filename
INFO [2017-04-16 18:35:03] NULL
INFO [2017-04-16 18:35:03] 
INFO [2017-04-16 18:35:03] $main
INFO [2017-04-16 18:35:03] [1] "DE genes across days in chimpanzees (1% FDR)"
INFO [2017-04-16 18:35:03] 
INFO [2017-04-16 18:35:03] $cex
INFO [2017-04-16 18:35:03] [1] 1.5
INFO [2017-04-16 18:35:03] 
INFO [2017-04-16 18:35:03] $fill
INFO [2017-04-16 18:35:03] pal[1:3]
INFO [2017-04-16 18:35:03] 
INFO [2017-04-16 18:35:03] $lty
INFO [2017-04-16 18:35:03] [1] 1
INFO [2017-04-16 18:35:03] 
INFO [2017-04-16 18:35:03] $height
INFO [2017-04-16 18:35:03] [1] 2000
INFO [2017-04-16 18:35:03] 
INFO [2017-04-16 18:35:03] $width
INFO [2017-04-16 18:35:03] [1] 3000
INFO [2017-04-16 18:35:03] 
INFO [2017-04-16 18:35:03] [[1]]
INFO [2017-04-16 18:35:03] mylist_interact
INFO [2017-04-16 18:35:03] 
INFO [2017-04-16 18:35:03] $filename
INFO [2017-04-16 18:35:03] NULL
INFO [2017-04-16 18:35:03] 
INFO [2017-04-16 18:35:03] $main
INFO [2017-04-16 18:35:03] [1] "Genes with a significant species-by-day interaction (1% FDR)"
INFO [2017-04-16 18:35:03] 
INFO [2017-04-16 18:35:03] $cex
INFO [2017-04-16 18:35:03] [1] 1.5
INFO [2017-04-16 18:35:03] 
INFO [2017-04-16 18:35:03] $fill
INFO [2017-04-16 18:35:03] pal[1:3]
INFO [2017-04-16 18:35:03] 
INFO [2017-04-16 18:35:03] $lty
INFO [2017-04-16 18:35:03] [1] 1
INFO [2017-04-16 18:35:03] 
INFO [2017-04-16 18:35:03] $height
INFO [2017-04-16 18:35:03] [1] 2000
INFO [2017-04-16 18:35:03] 
INFO [2017-04-16 18:35:03] $width
INFO [2017-04-16 18:35:03] [1] 3000
INFO [2017-04-16 18:35:03] 
