INFO [2017-03-28 21:08:48] [[1]]
INFO [2017-03-28 21:08:48] mylist
INFO [2017-03-28 21:08:48] 
INFO [2017-03-28 21:08:48] $filename
INFO [2017-03-28 21:08:48] NULL
INFO [2017-03-28 21:08:48] 
INFO [2017-03-28 21:08:48] $main
INFO [2017-03-28 21:08:48] [1] "DE genes between species per day (5% FDR; 3940 genes with log2 fold change >= 1)"
INFO [2017-03-28 21:08:48] 
INFO [2017-03-28 21:08:48] $cex
INFO [2017-03-28 21:08:48] [1] 1.5
INFO [2017-03-28 21:08:48] 
INFO [2017-03-28 21:08:48] $fill
INFO [2017-03-28 21:08:48] pal[1:4]
INFO [2017-03-28 21:08:48] 
INFO [2017-03-28 21:08:48] $lty
INFO [2017-03-28 21:08:48] [1] 1
INFO [2017-03-28 21:08:48] 
INFO [2017-03-28 21:08:48] $height
INFO [2017-03-28 21:08:48] [1] 2000
INFO [2017-03-28 21:08:48] 
INFO [2017-03-28 21:08:48] $width
INFO [2017-03-28 21:08:48] [1] 3000
INFO [2017-03-28 21:08:48] 
