INFO [2017-01-09 15:35:01] [[1]]
INFO [2017-01-09 15:35:01] mylist
INFO [2017-01-09 15:35:01] 
INFO [2017-01-09 15:35:01] $filename
INFO [2017-01-09 15:35:01] NULL
INFO [2017-01-09 15:35:01] 
INFO [2017-01-09 15:35:01] $main
INFO [2017-01-09 15:35:01] [1] "Genes with Significant Day Coefficients"
INFO [2017-01-09 15:35:01] 
INFO [2017-01-09 15:35:01] $cex
INFO [2017-01-09 15:35:01] [1] 1.5
INFO [2017-01-09 15:35:01] 
INFO [2017-01-09 15:35:01] $fill
INFO [2017-01-09 15:35:01] pal[1:3]
INFO [2017-01-09 15:35:01] 
INFO [2017-01-09 15:35:01] $lty
INFO [2017-01-09 15:35:01] [1] 1
INFO [2017-01-09 15:35:01] 
INFO [2017-01-09 15:35:01] $height
INFO [2017-01-09 15:35:01] [1] 2000
INFO [2017-01-09 15:35:01] 
INFO [2017-01-09 15:35:01] $width
INFO [2017-01-09 15:35:01] [1] 2500
INFO [2017-01-09 15:35:01] 
