INFO [2017-03-28 21:06:07] [[1]]
INFO [2017-03-28 21:06:07] mylist
INFO [2017-03-28 21:06:07] 
INFO [2017-03-28 21:06:07] $filename
INFO [2017-03-28 21:06:07] NULL
INFO [2017-03-28 21:06:07] 
INFO [2017-03-28 21:06:07] $main
INFO [2017-03-28 21:06:07] [1] "DE genes between species per day (10% FDR)"
INFO [2017-03-28 21:06:07] 
INFO [2017-03-28 21:06:07] $cex
INFO [2017-03-28 21:06:07] [1] 1.5
INFO [2017-03-28 21:06:07] 
INFO [2017-03-28 21:06:07] $fill
INFO [2017-03-28 21:06:07] pal[1:4]
INFO [2017-03-28 21:06:07] 
INFO [2017-03-28 21:06:07] $lty
INFO [2017-03-28 21:06:07] [1] 1
INFO [2017-03-28 21:06:07] 
INFO [2017-03-28 21:06:07] $height
INFO [2017-03-28 21:06:07] [1] 2000
INFO [2017-03-28 21:06:07] 
INFO [2017-03-28 21:06:07] $width
INFO [2017-03-28 21:06:07] [1] 3000
INFO [2017-03-28 21:06:07] 
INFO [2017-03-28 21:06:07] [[1]]
INFO [2017-03-28 21:06:07] mylist_humans_by_day
INFO [2017-03-28 21:06:07] 
INFO [2017-03-28 21:06:07] $filename
INFO [2017-03-28 21:06:07] NULL
INFO [2017-03-28 21:06:07] 
INFO [2017-03-28 21:06:07] $main
INFO [2017-03-28 21:06:07] [1] "DE genes across days in humans (1% FDR)"
INFO [2017-03-28 21:06:07] 
INFO [2017-03-28 21:06:07] $cex
INFO [2017-03-28 21:06:07] [1] 1.5
INFO [2017-03-28 21:06:07] 
INFO [2017-03-28 21:06:07] $fill
INFO [2017-03-28 21:06:07] pal[1:3]
INFO [2017-03-28 21:06:07] 
INFO [2017-03-28 21:06:07] $lty
INFO [2017-03-28 21:06:07] [1] 1
INFO [2017-03-28 21:06:07] 
INFO [2017-03-28 21:06:07] $height
INFO [2017-03-28 21:06:07] [1] 2000
INFO [2017-03-28 21:06:07] 
INFO [2017-03-28 21:06:07] $width
INFO [2017-03-28 21:06:07] [1] 3000
INFO [2017-03-28 21:06:07] 
INFO [2017-03-28 21:06:07] [[1]]
INFO [2017-03-28 21:06:07] mylist_chimps_by_day
INFO [2017-03-28 21:06:07] 
INFO [2017-03-28 21:06:07] $filename
INFO [2017-03-28 21:06:07] NULL
INFO [2017-03-28 21:06:07] 
INFO [2017-03-28 21:06:07] $main
INFO [2017-03-28 21:06:07] [1] "DE genes across days in chimpanzees (1% FDR)"
INFO [2017-03-28 21:06:07] 
INFO [2017-03-28 21:06:07] $cex
INFO [2017-03-28 21:06:07] [1] 1.5
INFO [2017-03-28 21:06:07] 
INFO [2017-03-28 21:06:07] $fill
INFO [2017-03-28 21:06:07] pal[1:3]
INFO [2017-03-28 21:06:07] 
INFO [2017-03-28 21:06:07] $lty
INFO [2017-03-28 21:06:07] [1] 1
INFO [2017-03-28 21:06:07] 
INFO [2017-03-28 21:06:07] $height
INFO [2017-03-28 21:06:07] [1] 2000
INFO [2017-03-28 21:06:07] 
INFO [2017-03-28 21:06:07] $width
INFO [2017-03-28 21:06:07] [1] 3000
INFO [2017-03-28 21:06:07] 
