INFO [2017-04-16 18:35:28] [[1]]
INFO [2017-04-16 18:35:28] mylist_chimps_by_day
INFO [2017-04-16 18:35:28] 
INFO [2017-04-16 18:35:28] $filename
INFO [2017-04-16 18:35:28] NULL
INFO [2017-04-16 18:35:28] 
INFO [2017-04-16 18:35:28] $main
INFO [2017-04-16 18:35:28] [1] "DE genes across days in chimpanzees (5% FDR, batch 1)"
INFO [2017-04-16 18:35:28] 
INFO [2017-04-16 18:35:28] $cex
INFO [2017-04-16 18:35:28] [1] 1.5
INFO [2017-04-16 18:35:28] 
INFO [2017-04-16 18:35:28] $fill
INFO [2017-04-16 18:35:28] pal[1:3]
INFO [2017-04-16 18:35:28] 
INFO [2017-04-16 18:35:28] $lty
INFO [2017-04-16 18:35:28] [1] 1
INFO [2017-04-16 18:35:28] 
INFO [2017-04-16 18:35:28] $height
INFO [2017-04-16 18:35:28] [1] 2000
INFO [2017-04-16 18:35:28] 
INFO [2017-04-16 18:35:28] $width
INFO [2017-04-16 18:35:28] [1] 3000
INFO [2017-04-16 18:35:28] 
INFO [2017-04-16 18:35:28] [[1]]
INFO [2017-04-16 18:35:28] mylist_interact
INFO [2017-04-16 18:35:28] 
INFO [2017-04-16 18:35:28] $filename
INFO [2017-04-16 18:35:28] NULL
INFO [2017-04-16 18:35:28] 
INFO [2017-04-16 18:35:28] $main
INFO [2017-04-16 18:35:28] [1] "Genes with a significant species-by-day interaction (5% FDR, batch 1)"
INFO [2017-04-16 18:35:28] 
INFO [2017-04-16 18:35:28] $cex
INFO [2017-04-16 18:35:28] [1] 1.5
INFO [2017-04-16 18:35:28] 
INFO [2017-04-16 18:35:28] $fill
INFO [2017-04-16 18:35:28] pal[1:3]
INFO [2017-04-16 18:35:28] 
INFO [2017-04-16 18:35:28] $lty
INFO [2017-04-16 18:35:28] [1] 1
INFO [2017-04-16 18:35:28] 
INFO [2017-04-16 18:35:28] $height
INFO [2017-04-16 18:35:28] [1] 2000
INFO [2017-04-16 18:35:28] 
INFO [2017-04-16 18:35:28] $width
INFO [2017-04-16 18:35:28] [1] 3000
INFO [2017-04-16 18:35:28] 
