INFO [2017-01-23 22:21:06] [[1]]
INFO [2017-01-23 22:21:06] mylist
INFO [2017-01-23 22:21:06] 
INFO [2017-01-23 22:21:06] $filename
INFO [2017-01-23 22:21:06] NULL
INFO [2017-01-23 22:21:06] 
INFO [2017-01-23 22:21:06] $main
INFO [2017-01-23 22:21:06] [1] "DE genes between species per day (FDR< 5%)"
INFO [2017-01-23 22:21:06] 
INFO [2017-01-23 22:21:06] $cex
INFO [2017-01-23 22:21:06] [1] 1.5
INFO [2017-01-23 22:21:06] 
INFO [2017-01-23 22:21:06] $fill
INFO [2017-01-23 22:21:06] pal[1:4]
INFO [2017-01-23 22:21:06] 
INFO [2017-01-23 22:21:06] $lty
INFO [2017-01-23 22:21:06] [1] 1
INFO [2017-01-23 22:21:06] 
INFO [2017-01-23 22:21:06] $height
INFO [2017-01-23 22:21:06] [1] 2000
INFO [2017-01-23 22:21:06] 
INFO [2017-01-23 22:21:06] $width
INFO [2017-01-23 22:21:06] [1] 3000
INFO [2017-01-23 22:21:06] 
