INFO [2017-01-10 15:54:10] [[1]]
INFO [2017-01-10 15:54:10] mylist
INFO [2017-01-10 15:54:10] 
INFO [2017-01-10 15:54:10] $filename
INFO [2017-01-10 15:54:10] NULL
INFO [2017-01-10 15:54:10] 
INFO [2017-01-10 15:54:10] $main
INFO [2017-01-10 15:54:10] [1] "Genes with Significant Day Coefficients"
INFO [2017-01-10 15:54:10] 
INFO [2017-01-10 15:54:10] $cex
INFO [2017-01-10 15:54:10] [1] 1.5
INFO [2017-01-10 15:54:10] 
INFO [2017-01-10 15:54:10] $fill
INFO [2017-01-10 15:54:10] pal[1:3]
INFO [2017-01-10 15:54:10] 
INFO [2017-01-10 15:54:10] $lty
INFO [2017-01-10 15:54:10] [1] 1
INFO [2017-01-10 15:54:10] 
INFO [2017-01-10 15:54:10] $height
INFO [2017-01-10 15:54:10] [1] 2000
INFO [2017-01-10 15:54:10] 
INFO [2017-01-10 15:54:10] $width
INFO [2017-01-10 15:54:10] [1] 2500
INFO [2017-01-10 15:54:10] 
