INFO [2017-03-28 20:39:56] [[1]]
INFO [2017-03-28 20:39:56] mylist
INFO [2017-03-28 20:39:56] 
INFO [2017-03-28 20:39:56] $filename
INFO [2017-03-28 20:39:56] NULL
INFO [2017-03-28 20:39:56] 
INFO [2017-03-28 20:39:56] $main
INFO [2017-03-28 20:39:56] [1] "DE genes between species per day (5% FDR)"
INFO [2017-03-28 20:39:56] 
INFO [2017-03-28 20:39:56] $cex
INFO [2017-03-28 20:39:56] [1] 1.5
INFO [2017-03-28 20:39:56] 
INFO [2017-03-28 20:39:56] $fill
INFO [2017-03-28 20:39:56] pal[1:4]
INFO [2017-03-28 20:39:56] 
INFO [2017-03-28 20:39:56] $lty
INFO [2017-03-28 20:39:56] [1] 1
INFO [2017-03-28 20:39:56] 
INFO [2017-03-28 20:39:56] $height
INFO [2017-03-28 20:39:56] [1] 2000
INFO [2017-03-28 20:39:56] 
INFO [2017-03-28 20:39:56] $width
INFO [2017-03-28 20:39:56] [1] 3000
INFO [2017-03-28 20:39:56] 
INFO [2017-03-28 20:39:56] [[1]]
INFO [2017-03-28 20:39:56] mylist_humans_by_day
INFO [2017-03-28 20:39:56] 
INFO [2017-03-28 20:39:56] $filename
INFO [2017-03-28 20:39:56] NULL
INFO [2017-03-28 20:39:56] 
INFO [2017-03-28 20:39:56] $main
INFO [2017-03-28 20:39:56] [1] "DE genes across days in humans (5% FDR)"
INFO [2017-03-28 20:39:56] 
INFO [2017-03-28 20:39:56] $cex
INFO [2017-03-28 20:39:56] [1] 1.5
INFO [2017-03-28 20:39:56] 
INFO [2017-03-28 20:39:56] $fill
INFO [2017-03-28 20:39:56] pal[1:3]
INFO [2017-03-28 20:39:56] 
INFO [2017-03-28 20:39:56] $lty
INFO [2017-03-28 20:39:56] [1] 1
INFO [2017-03-28 20:39:56] 
INFO [2017-03-28 20:39:56] $height
INFO [2017-03-28 20:39:56] [1] 2000
INFO [2017-03-28 20:39:56] 
INFO [2017-03-28 20:39:56] $width
INFO [2017-03-28 20:39:56] [1] 3000
INFO [2017-03-28 20:39:56] 
