INFO [2017-01-09 22:02:28] [[1]]
INFO [2017-01-09 22:02:28] mylist
INFO [2017-01-09 22:02:28] 
INFO [2017-01-09 22:02:28] $filename
INFO [2017-01-09 22:02:28] NULL
INFO [2017-01-09 22:02:28] 
INFO [2017-01-09 22:02:28] $main
INFO [2017-01-09 22:02:28] [1] "DE genes between species per day"
INFO [2017-01-09 22:02:28] 
INFO [2017-01-09 22:02:28] $cex
INFO [2017-01-09 22:02:28] [1] 1.5
INFO [2017-01-09 22:02:28] 
INFO [2017-01-09 22:02:28] $fill
INFO [2017-01-09 22:02:28] pal[1:4]
INFO [2017-01-09 22:02:28] 
INFO [2017-01-09 22:02:28] $lty
INFO [2017-01-09 22:02:28] [1] 1
INFO [2017-01-09 22:02:28] 
INFO [2017-01-09 22:02:28] $height
INFO [2017-01-09 22:02:28] [1] 2000
INFO [2017-01-09 22:02:28] 
INFO [2017-01-09 22:02:28] $width
INFO [2017-01-09 22:02:28] [1] 3000
INFO [2017-01-09 22:02:28] 
