INFO [2017-03-28 20:40:24] [[1]]
INFO [2017-03-28 20:40:24] mylist_humans_by_day
INFO [2017-03-28 20:40:24] 
INFO [2017-03-28 20:40:24] $filename
INFO [2017-03-28 20:40:24] NULL
INFO [2017-03-28 20:40:24] 
INFO [2017-03-28 20:40:24] $main
INFO [2017-03-28 20:40:24] [1] "DE genes across days in humans (5% FDR, batch 1)"
INFO [2017-03-28 20:40:24] 
INFO [2017-03-28 20:40:24] $cex
INFO [2017-03-28 20:40:24] [1] 1.5
INFO [2017-03-28 20:40:24] 
INFO [2017-03-28 20:40:24] $fill
INFO [2017-03-28 20:40:24] pal[1:3]
INFO [2017-03-28 20:40:24] 
INFO [2017-03-28 20:40:24] $lty
INFO [2017-03-28 20:40:24] [1] 1
INFO [2017-03-28 20:40:24] 
INFO [2017-03-28 20:40:24] $height
INFO [2017-03-28 20:40:24] [1] 2000
INFO [2017-03-28 20:40:24] 
INFO [2017-03-28 20:40:24] $width
INFO [2017-03-28 20:40:24] [1] 3000
INFO [2017-03-28 20:40:24] 
INFO [2017-03-28 20:40:24] [[1]]
INFO [2017-03-28 20:40:24] mylist_chimps_by_day
INFO [2017-03-28 20:40:24] 
INFO [2017-03-28 20:40:24] $filename
INFO [2017-03-28 20:40:24] NULL
INFO [2017-03-28 20:40:24] 
INFO [2017-03-28 20:40:24] $main
INFO [2017-03-28 20:40:24] [1] "DE genes across days in chimpanzees (5% FDR, batch 1)"
INFO [2017-03-28 20:40:24] 
INFO [2017-03-28 20:40:24] $cex
INFO [2017-03-28 20:40:24] [1] 1.5
INFO [2017-03-28 20:40:24] 
INFO [2017-03-28 20:40:24] $fill
INFO [2017-03-28 20:40:24] pal[1:3]
INFO [2017-03-28 20:40:24] 
INFO [2017-03-28 20:40:24] $lty
INFO [2017-03-28 20:40:24] [1] 1
INFO [2017-03-28 20:40:24] 
INFO [2017-03-28 20:40:24] $height
INFO [2017-03-28 20:40:24] [1] 2000
INFO [2017-03-28 20:40:24] 
INFO [2017-03-28 20:40:24] $width
INFO [2017-03-28 20:40:24] [1] 3000
INFO [2017-03-28 20:40:24] 
INFO [2017-03-28 20:40:24] [[1]]
INFO [2017-03-28 20:40:24] mylist_interact
INFO [2017-03-28 20:40:24] 
INFO [2017-03-28 20:40:24] $filename
INFO [2017-03-28 20:40:24] NULL
INFO [2017-03-28 20:40:24] 
INFO [2017-03-28 20:40:24] $main
INFO [2017-03-28 20:40:24] [1] "Genes with a significant species-by-day interaction (5% FDR, batch 1)"
INFO [2017-03-28 20:40:24] 
INFO [2017-03-28 20:40:24] $cex
INFO [2017-03-28 20:40:24] [1] 1.5
INFO [2017-03-28 20:40:24] 
INFO [2017-03-28 20:40:24] $fill
INFO [2017-03-28 20:40:24] pal[1:3]
INFO [2017-03-28 20:40:24] 
INFO [2017-03-28 20:40:24] $lty
INFO [2017-03-28 20:40:24] [1] 1
INFO [2017-03-28 20:40:24] 
INFO [2017-03-28 20:40:24] $height
INFO [2017-03-28 20:40:24] [1] 2000
INFO [2017-03-28 20:40:24] 
INFO [2017-03-28 20:40:24] $width
INFO [2017-03-28 20:40:24] [1] 3000
INFO [2017-03-28 20:40:24] 
