INFO [2017-04-02 18:52:13] [[1]]
INFO [2017-04-02 18:52:13] mylist_chimps_by_day
INFO [2017-04-02 18:52:13] 
INFO [2017-04-02 18:52:13] $filename
INFO [2017-04-02 18:52:13] NULL
INFO [2017-04-02 18:52:13] 
INFO [2017-04-02 18:52:13] $main
INFO [2017-04-02 18:52:13] [1] "DE genes across days in chimpanzees (5% FDR, batch 2)"
INFO [2017-04-02 18:52:13] 
INFO [2017-04-02 18:52:13] $cex
INFO [2017-04-02 18:52:13] [1] 1.5
INFO [2017-04-02 18:52:13] 
INFO [2017-04-02 18:52:13] $fill
INFO [2017-04-02 18:52:13] pal[1:3]
INFO [2017-04-02 18:52:13] 
INFO [2017-04-02 18:52:13] $lty
INFO [2017-04-02 18:52:13] [1] 1
INFO [2017-04-02 18:52:13] 
INFO [2017-04-02 18:52:13] $height
INFO [2017-04-02 18:52:13] [1] 2000
INFO [2017-04-02 18:52:13] 
INFO [2017-04-02 18:52:13] $width
INFO [2017-04-02 18:52:13] [1] 3000
INFO [2017-04-02 18:52:13] 
INFO [2017-04-02 18:52:13] [[1]]
INFO [2017-04-02 18:52:13] mylist_interact
INFO [2017-04-02 18:52:13] 
INFO [2017-04-02 18:52:13] $filename
INFO [2017-04-02 18:52:13] NULL
INFO [2017-04-02 18:52:13] 
INFO [2017-04-02 18:52:13] $main
INFO [2017-04-02 18:52:13] [1] "Genes with a significant species-by-day interaction (5% FDR, batch 2)"
INFO [2017-04-02 18:52:13] 
INFO [2017-04-02 18:52:13] $cex
INFO [2017-04-02 18:52:13] [1] 1.5
INFO [2017-04-02 18:52:13] 
INFO [2017-04-02 18:52:13] $fill
INFO [2017-04-02 18:52:13] pal[1:3]
INFO [2017-04-02 18:52:13] 
INFO [2017-04-02 18:52:13] $lty
INFO [2017-04-02 18:52:13] [1] 1
INFO [2017-04-02 18:52:13] 
INFO [2017-04-02 18:52:13] $height
INFO [2017-04-02 18:52:13] [1] 2000
INFO [2017-04-02 18:52:13] 
INFO [2017-04-02 18:52:13] $width
INFO [2017-04-02 18:52:13] [1] 3000
INFO [2017-04-02 18:52:13] 
