INFO [2017-04-20 22:37:58] [[1]]
INFO [2017-04-20 22:37:58] mylist_interact
INFO [2017-04-20 22:37:58] 
INFO [2017-04-20 22:37:58] $filename
INFO [2017-04-20 22:37:58] NULL
INFO [2017-04-20 22:37:58] 
INFO [2017-04-20 22:37:58] $main
INFO [2017-04-20 22:37:58] [1] "Genes with a significant species-by-day interaction (1% FDR)"
INFO [2017-04-20 22:37:58] 
INFO [2017-04-20 22:37:58] $cex
INFO [2017-04-20 22:37:58] [1] 1.5
INFO [2017-04-20 22:37:58] 
INFO [2017-04-20 22:37:58] $fill
INFO [2017-04-20 22:37:58] pal[1:3]
INFO [2017-04-20 22:37:58] 
INFO [2017-04-20 22:37:58] $lty
INFO [2017-04-20 22:37:58] [1] 1
INFO [2017-04-20 22:37:58] 
INFO [2017-04-20 22:37:58] $height
INFO [2017-04-20 22:37:58] [1] 2000
INFO [2017-04-20 22:37:58] 
INFO [2017-04-20 22:37:58] $width
INFO [2017-04-20 22:37:58] [1] 3000
INFO [2017-04-20 22:37:58] 
