INFO [2017-01-09 21:40:49] [[1]]
INFO [2017-01-09 21:40:49] mylist
INFO [2017-01-09 21:40:49] 
INFO [2017-01-09 21:40:49] $filename
INFO [2017-01-09 21:40:49] NULL
INFO [2017-01-09 21:40:49] 
INFO [2017-01-09 21:40:49] $main
INFO [2017-01-09 21:40:49] [1] "DE genes between species per day"
INFO [2017-01-09 21:40:49] 
INFO [2017-01-09 21:40:49] $cex
INFO [2017-01-09 21:40:49] [1] 1.5
INFO [2017-01-09 21:40:49] 
INFO [2017-01-09 21:40:49] $fill
INFO [2017-01-09 21:40:49] pal[1:4]
INFO [2017-01-09 21:40:49] 
INFO [2017-01-09 21:40:49] $lty
INFO [2017-01-09 21:40:49] [1] 1
INFO [2017-01-09 21:40:49] 
INFO [2017-01-09 21:40:49] $height
INFO [2017-01-09 21:40:49] [1] 2000
INFO [2017-01-09 21:40:49] 
INFO [2017-01-09 21:40:49] $width
INFO [2017-01-09 21:40:49] [1] 3000
INFO [2017-01-09 21:40:49] 
