INFO [2017-03-28 20:56:56] [[1]]
INFO [2017-03-28 20:56:56] mylist_humans_by_day
INFO [2017-03-28 20:56:56] 
INFO [2017-03-28 20:56:56] $filename
INFO [2017-03-28 20:56:56] NULL
INFO [2017-03-28 20:56:56] 
INFO [2017-03-28 20:56:56] $main
INFO [2017-03-28 20:56:56] [1] "DE genes across days in humans (5% FDR, batch 1)"
INFO [2017-03-28 20:56:56] 
INFO [2017-03-28 20:56:56] $cex
INFO [2017-03-28 20:56:56] [1] 1.5
INFO [2017-03-28 20:56:56] 
INFO [2017-03-28 20:56:56] $fill
INFO [2017-03-28 20:56:56] pal[1:3]
INFO [2017-03-28 20:56:56] 
INFO [2017-03-28 20:56:56] $lty
INFO [2017-03-28 20:56:56] [1] 1
INFO [2017-03-28 20:56:56] 
INFO [2017-03-28 20:56:56] $height
INFO [2017-03-28 20:56:56] [1] 2000
INFO [2017-03-28 20:56:56] 
INFO [2017-03-28 20:56:56] $width
INFO [2017-03-28 20:56:56] [1] 3000
INFO [2017-03-28 20:56:56] 
INFO [2017-03-28 20:56:56] [[1]]
INFO [2017-03-28 20:56:56] mylist_chimps_by_day
INFO [2017-03-28 20:56:56] 
INFO [2017-03-28 20:56:56] $filename
INFO [2017-03-28 20:56:56] NULL
INFO [2017-03-28 20:56:56] 
INFO [2017-03-28 20:56:56] $main
INFO [2017-03-28 20:56:56] [1] "DE genes across days in chimpanzees (5% FDR, batch 1)"
INFO [2017-03-28 20:56:56] 
INFO [2017-03-28 20:56:56] $cex
INFO [2017-03-28 20:56:56] [1] 1.5
INFO [2017-03-28 20:56:56] 
INFO [2017-03-28 20:56:56] $fill
INFO [2017-03-28 20:56:56] pal[1:3]
INFO [2017-03-28 20:56:56] 
INFO [2017-03-28 20:56:56] $lty
INFO [2017-03-28 20:56:56] [1] 1
INFO [2017-03-28 20:56:56] 
INFO [2017-03-28 20:56:56] $height
INFO [2017-03-28 20:56:56] [1] 2000
INFO [2017-03-28 20:56:56] 
INFO [2017-03-28 20:56:56] $width
INFO [2017-03-28 20:56:56] [1] 3000
INFO [2017-03-28 20:56:56] 
INFO [2017-03-28 20:56:56] [[1]]
INFO [2017-03-28 20:56:56] mylist_interact
INFO [2017-03-28 20:56:56] 
INFO [2017-03-28 20:56:56] $filename
INFO [2017-03-28 20:56:56] NULL
INFO [2017-03-28 20:56:56] 
INFO [2017-03-28 20:56:56] $main
INFO [2017-03-28 20:56:56] [1] "Genes with a significant species-by-day interaction (5% FDR, batch 1)"
INFO [2017-03-28 20:56:56] 
INFO [2017-03-28 20:56:56] $cex
INFO [2017-03-28 20:56:56] [1] 1.5
INFO [2017-03-28 20:56:56] 
INFO [2017-03-28 20:56:56] $fill
INFO [2017-03-28 20:56:56] pal[1:3]
INFO [2017-03-28 20:56:56] 
INFO [2017-03-28 20:56:56] $lty
INFO [2017-03-28 20:56:56] [1] 1
INFO [2017-03-28 20:56:56] 
INFO [2017-03-28 20:56:56] $height
INFO [2017-03-28 20:56:56] [1] 2000
INFO [2017-03-28 20:56:56] 
INFO [2017-03-28 20:56:56] $width
INFO [2017-03-28 20:56:56] [1] 3000
INFO [2017-03-28 20:56:56] 
