INFO [2017-03-28 20:50:59] [[1]]
INFO [2017-03-28 20:50:59] mylist
INFO [2017-03-28 20:50:59] 
INFO [2017-03-28 20:50:59] $filename
INFO [2017-03-28 20:50:59] NULL
INFO [2017-03-28 20:50:59] 
INFO [2017-03-28 20:50:59] $main
INFO [2017-03-28 20:50:59] [1] "DE genes between species per day (5% FDR, global correction)"
INFO [2017-03-28 20:50:59] 
INFO [2017-03-28 20:50:59] $cex
INFO [2017-03-28 20:50:59] [1] 1.5
INFO [2017-03-28 20:50:59] 
INFO [2017-03-28 20:50:59] $fill
INFO [2017-03-28 20:50:59] pal[1:4]
INFO [2017-03-28 20:50:59] 
INFO [2017-03-28 20:50:59] $lty
INFO [2017-03-28 20:50:59] [1] 1
INFO [2017-03-28 20:50:59] 
INFO [2017-03-28 20:50:59] $height
INFO [2017-03-28 20:50:59] [1] 2000
INFO [2017-03-28 20:50:59] 
INFO [2017-03-28 20:50:59] $width
INFO [2017-03-28 20:50:59] [1] 3000
INFO [2017-03-28 20:50:59] 
