INFO [2017-03-28 20:56:55] [[1]]
INFO [2017-03-28 20:56:55] mylist
INFO [2017-03-28 20:56:55] 
INFO [2017-03-28 20:56:55] $filename
INFO [2017-03-28 20:56:55] NULL
INFO [2017-03-28 20:56:55] 
INFO [2017-03-28 20:56:55] $main
INFO [2017-03-28 20:56:55] [1] "DE genes between species per day (5% FDR, batch 1)"
INFO [2017-03-28 20:56:55] 
INFO [2017-03-28 20:56:55] $cex
INFO [2017-03-28 20:56:55] [1] 1.5
INFO [2017-03-28 20:56:55] 
INFO [2017-03-28 20:56:55] $fill
INFO [2017-03-28 20:56:55] pal[1:4]
INFO [2017-03-28 20:56:55] 
INFO [2017-03-28 20:56:55] $lty
INFO [2017-03-28 20:56:55] [1] 1
INFO [2017-03-28 20:56:55] 
INFO [2017-03-28 20:56:55] $height
INFO [2017-03-28 20:56:55] [1] 2000
INFO [2017-03-28 20:56:55] 
INFO [2017-03-28 20:56:55] $width
INFO [2017-03-28 20:56:55] [1] 3000
INFO [2017-03-28 20:56:55] 
