INFO [2017-04-16 18:35:02] [[1]]
INFO [2017-04-16 18:35:02] mylist
INFO [2017-04-16 18:35:02] 
INFO [2017-04-16 18:35:02] $filename
INFO [2017-04-16 18:35:02] NULL
INFO [2017-04-16 18:35:02] 
INFO [2017-04-16 18:35:02] $main
INFO [2017-04-16 18:35:02] [1] "DE genes between species per day (10% FDR)"
INFO [2017-04-16 18:35:02] 
INFO [2017-04-16 18:35:02] $cex
INFO [2017-04-16 18:35:02] [1] 1.5
INFO [2017-04-16 18:35:02] 
INFO [2017-04-16 18:35:02] $fill
INFO [2017-04-16 18:35:02] pal[1:4]
INFO [2017-04-16 18:35:02] 
INFO [2017-04-16 18:35:02] $lty
INFO [2017-04-16 18:35:02] [1] 1
INFO [2017-04-16 18:35:02] 
INFO [2017-04-16 18:35:02] $height
INFO [2017-04-16 18:35:02] [1] 2000
INFO [2017-04-16 18:35:02] 
INFO [2017-04-16 18:35:02] $width
INFO [2017-04-16 18:35:02] [1] 3000
INFO [2017-04-16 18:35:02] 
