INFO [2017-03-28 21:06:08] [[1]]
INFO [2017-03-28 21:06:08] mylist_interact
INFO [2017-03-28 21:06:08] 
INFO [2017-03-28 21:06:08] $filename
INFO [2017-03-28 21:06:08] NULL
INFO [2017-03-28 21:06:08] 
INFO [2017-03-28 21:06:08] $main
INFO [2017-03-28 21:06:08] [1] "Genes with a significant species-by-day interaction (1% FDR)"
INFO [2017-03-28 21:06:08] 
INFO [2017-03-28 21:06:08] $cex
INFO [2017-03-28 21:06:08] [1] 1.5
INFO [2017-03-28 21:06:08] 
INFO [2017-03-28 21:06:08] $fill
INFO [2017-03-28 21:06:08] pal[1:3]
INFO [2017-03-28 21:06:08] 
INFO [2017-03-28 21:06:08] $lty
INFO [2017-03-28 21:06:08] [1] 1
INFO [2017-03-28 21:06:08] 
INFO [2017-03-28 21:06:08] $height
INFO [2017-03-28 21:06:08] [1] 2000
INFO [2017-03-28 21:06:08] 
INFO [2017-03-28 21:06:08] $width
INFO [2017-03-28 21:06:08] [1] 3000
INFO [2017-03-28 21:06:08] 
