INFO [2017-04-16 20:50:09] [[1]]
INFO [2017-04-16 20:50:09] mylist
INFO [2017-04-16 20:50:09] 
INFO [2017-04-16 20:50:09] $filename
INFO [2017-04-16 20:50:09] NULL
INFO [2017-04-16 20:50:09] 
INFO [2017-04-16 20:50:09] $main
INFO [2017-04-16 20:50:09] [1] "DE genes between species per day (5% FDR, RPKM, 63 samples)"
INFO [2017-04-16 20:50:09] 
INFO [2017-04-16 20:50:09] $cex
INFO [2017-04-16 20:50:09] [1] 1.5
INFO [2017-04-16 20:50:09] 
INFO [2017-04-16 20:50:09] $fill
INFO [2017-04-16 20:50:09] pal[1:4]
INFO [2017-04-16 20:50:09] 
INFO [2017-04-16 20:50:09] $lty
INFO [2017-04-16 20:50:09] [1] 1
INFO [2017-04-16 20:50:09] 
INFO [2017-04-16 20:50:09] $height
INFO [2017-04-16 20:50:09] [1] 2000
INFO [2017-04-16 20:50:09] 
INFO [2017-04-16 20:50:09] $width
INFO [2017-04-16 20:50:09] [1] 3000
INFO [2017-04-16 20:50:09] 
