INFO [2017-04-16 18:36:21] [[1]]
INFO [2017-04-16 18:36:21] mylist
INFO [2017-04-16 18:36:21] 
INFO [2017-04-16 18:36:21] $filename
INFO [2017-04-16 18:36:21] NULL
INFO [2017-04-16 18:36:21] 
INFO [2017-04-16 18:36:21] $main
INFO [2017-04-16 18:36:21] [1] "DE genes between species per day (5% FDR, batch 2)"
INFO [2017-04-16 18:36:21] 
INFO [2017-04-16 18:36:21] $cex
INFO [2017-04-16 18:36:21] [1] 1.5
INFO [2017-04-16 18:36:21] 
INFO [2017-04-16 18:36:21] $fill
INFO [2017-04-16 18:36:21] pal[1:4]
INFO [2017-04-16 18:36:21] 
INFO [2017-04-16 18:36:21] $lty
INFO [2017-04-16 18:36:21] [1] 1
INFO [2017-04-16 18:36:21] 
INFO [2017-04-16 18:36:21] $height
INFO [2017-04-16 18:36:21] [1] 2000
INFO [2017-04-16 18:36:21] 
INFO [2017-04-16 18:36:21] $width
INFO [2017-04-16 18:36:21] [1] 3000
INFO [2017-04-16 18:36:21] 
