INFO [2017-04-20 22:39:10] [[1]]
INFO [2017-04-20 22:39:10] mylist
INFO [2017-04-20 22:39:10] 
INFO [2017-04-20 22:39:10] $filename
INFO [2017-04-20 22:39:10] NULL
INFO [2017-04-20 22:39:10] 
INFO [2017-04-20 22:39:10] $main
INFO [2017-04-20 22:39:10] [1] "DE genes between species per day (5% FDR, batch 2)"
INFO [2017-04-20 22:39:10] 
INFO [2017-04-20 22:39:10] $cex
INFO [2017-04-20 22:39:10] [1] 1.5
INFO [2017-04-20 22:39:10] 
INFO [2017-04-20 22:39:10] $fill
INFO [2017-04-20 22:39:10] pal[1:4]
INFO [2017-04-20 22:39:10] 
INFO [2017-04-20 22:39:10] $lty
INFO [2017-04-20 22:39:10] [1] 1
INFO [2017-04-20 22:39:10] 
INFO [2017-04-20 22:39:10] $height
INFO [2017-04-20 22:39:10] [1] 2000
INFO [2017-04-20 22:39:10] 
INFO [2017-04-20 22:39:10] $width
INFO [2017-04-20 22:39:10] [1] 3000
INFO [2017-04-20 22:39:10] 
