INFO [2017-01-08 21:38:24] [[1]]
INFO [2017-01-08 21:38:24] mylist
INFO [2017-01-08 21:38:24] 
INFO [2017-01-08 21:38:24] $filename
INFO [2017-01-08 21:38:24] NULL
INFO [2017-01-08 21:38:24] 
INFO [2017-01-08 21:38:24] $main
INFO [2017-01-08 21:38:24] [1] "DE genes between days in each species (FDR< 5%)"
INFO [2017-01-08 21:38:24] 
INFO [2017-01-08 21:38:24] $cex
INFO [2017-01-08 21:38:24] [1] 4
INFO [2017-01-08 21:38:24] 
INFO [2017-01-08 21:38:24] $fill
INFO [2017-01-08 21:38:24] pal[orange_blue]
INFO [2017-01-08 21:38:24] 
INFO [2017-01-08 21:38:24] $lty
INFO [2017-01-08 21:38:24] [1] 1
INFO [2017-01-08 21:38:24] 
INFO [2017-01-08 21:38:24] $height
INFO [2017-01-08 21:38:24] [1] 2000
INFO [2017-01-08 21:38:24] 
INFO [2017-01-08 21:38:24] $width
INFO [2017-01-08 21:38:24] [1] 3000
INFO [2017-01-08 21:38:24] 
