INFO [2017-03-28 21:06:56] [[1]]
INFO [2017-03-28 21:06:56] mylist
INFO [2017-03-28 21:06:56] 
INFO [2017-03-28 21:06:56] $filename
INFO [2017-03-28 21:06:56] NULL
INFO [2017-03-28 21:06:56] 
INFO [2017-03-28 21:06:56] $main
INFO [2017-03-28 21:06:56] [1] "DE genes between species per day (5% FDR, batch 2)"
INFO [2017-03-28 21:06:56] 
INFO [2017-03-28 21:06:56] $cex
INFO [2017-03-28 21:06:56] [1] 1.5
INFO [2017-03-28 21:06:56] 
INFO [2017-03-28 21:06:56] $fill
INFO [2017-03-28 21:06:56] pal[1:4]
INFO [2017-03-28 21:06:56] 
INFO [2017-03-28 21:06:56] $lty
INFO [2017-03-28 21:06:56] [1] 1
INFO [2017-03-28 21:06:56] 
INFO [2017-03-28 21:06:56] $height
INFO [2017-03-28 21:06:56] [1] 2000
INFO [2017-03-28 21:06:56] 
INFO [2017-03-28 21:06:56] $width
INFO [2017-03-28 21:06:56] [1] 3000
INFO [2017-03-28 21:06:56] 
