INFO [2017-04-02 18:53:51] [[1]]
INFO [2017-04-02 18:53:51] mylist_humans_by_day
INFO [2017-04-02 18:53:51] 
INFO [2017-04-02 18:53:51] $filename
INFO [2017-04-02 18:53:51] NULL
INFO [2017-04-02 18:53:51] 
INFO [2017-04-02 18:53:51] $main
INFO [2017-04-02 18:53:51] [1] "DE genes across days in humans (5% FDR, global correction)"
INFO [2017-04-02 18:53:51] 
INFO [2017-04-02 18:53:51] $cex
INFO [2017-04-02 18:53:51] [1] 1.5
INFO [2017-04-02 18:53:51] 
INFO [2017-04-02 18:53:51] $fill
INFO [2017-04-02 18:53:51] pal[1:3]
INFO [2017-04-02 18:53:51] 
INFO [2017-04-02 18:53:51] $lty
INFO [2017-04-02 18:53:51] [1] 1
INFO [2017-04-02 18:53:51] 
INFO [2017-04-02 18:53:51] $height
INFO [2017-04-02 18:53:51] [1] 2000
INFO [2017-04-02 18:53:51] 
INFO [2017-04-02 18:53:51] $width
INFO [2017-04-02 18:53:51] [1] 3000
INFO [2017-04-02 18:53:51] 
INFO [2017-04-02 18:53:51] [[1]]
INFO [2017-04-02 18:53:51] mylist_chimps_by_day
INFO [2017-04-02 18:53:51] 
INFO [2017-04-02 18:53:51] $filename
INFO [2017-04-02 18:53:51] NULL
INFO [2017-04-02 18:53:51] 
INFO [2017-04-02 18:53:51] $main
INFO [2017-04-02 18:53:51] [1] "DE genes across days in chimpanzees (5% FDR, global correction)"
INFO [2017-04-02 18:53:51] 
INFO [2017-04-02 18:53:51] $cex
INFO [2017-04-02 18:53:51] [1] 1.5
INFO [2017-04-02 18:53:51] 
INFO [2017-04-02 18:53:51] $fill
INFO [2017-04-02 18:53:51] pal[1:3]
INFO [2017-04-02 18:53:51] 
INFO [2017-04-02 18:53:51] $lty
INFO [2017-04-02 18:53:51] [1] 1
INFO [2017-04-02 18:53:51] 
INFO [2017-04-02 18:53:51] $height
INFO [2017-04-02 18:53:51] [1] 2000
INFO [2017-04-02 18:53:51] 
INFO [2017-04-02 18:53:51] $width
INFO [2017-04-02 18:53:51] [1] 3000
INFO [2017-04-02 18:53:51] 
INFO [2017-04-02 18:53:51] [[1]]
INFO [2017-04-02 18:53:51] mylist_interact
INFO [2017-04-02 18:53:51] 
INFO [2017-04-02 18:53:51] $filename
INFO [2017-04-02 18:53:51] NULL
INFO [2017-04-02 18:53:51] 
INFO [2017-04-02 18:53:51] $main
INFO [2017-04-02 18:53:51] [1] "Genes with a significant species-by-day interaction (5% FDR, global correction)"
INFO [2017-04-02 18:53:51] 
INFO [2017-04-02 18:53:51] $cex
INFO [2017-04-02 18:53:51] [1] 1.5
INFO [2017-04-02 18:53:51] 
INFO [2017-04-02 18:53:51] $fill
INFO [2017-04-02 18:53:51] pal[1:3]
INFO [2017-04-02 18:53:51] 
INFO [2017-04-02 18:53:51] $lty
INFO [2017-04-02 18:53:51] [1] 1
INFO [2017-04-02 18:53:51] 
INFO [2017-04-02 18:53:51] $height
INFO [2017-04-02 18:53:51] [1] 2000
INFO [2017-04-02 18:53:51] 
INFO [2017-04-02 18:53:51] $width
INFO [2017-04-02 18:53:51] [1] 3000
INFO [2017-04-02 18:53:51] 
