INFO [2017-04-20 22:37:57] [[1]]
INFO [2017-04-20 22:37:57] mylist
INFO [2017-04-20 22:37:57] 
INFO [2017-04-20 22:37:57] $filename
INFO [2017-04-20 22:37:57] NULL
INFO [2017-04-20 22:37:57] 
INFO [2017-04-20 22:37:57] $main
INFO [2017-04-20 22:37:57] [1] "DE genes between species per day (10% FDR)"
INFO [2017-04-20 22:37:57] 
INFO [2017-04-20 22:37:57] $cex
INFO [2017-04-20 22:37:57] [1] 1.5
INFO [2017-04-20 22:37:57] 
INFO [2017-04-20 22:37:57] $fill
INFO [2017-04-20 22:37:57] pal[1:4]
INFO [2017-04-20 22:37:57] 
INFO [2017-04-20 22:37:57] $lty
INFO [2017-04-20 22:37:57] [1] 1
INFO [2017-04-20 22:37:57] 
INFO [2017-04-20 22:37:57] $height
INFO [2017-04-20 22:37:57] [1] 2000
INFO [2017-04-20 22:37:57] 
INFO [2017-04-20 22:37:57] $width
INFO [2017-04-20 22:37:57] [1] 3000
INFO [2017-04-20 22:37:57] 
INFO [2017-04-20 22:37:57] [[1]]
INFO [2017-04-20 22:37:57] mylist_humans_by_day
INFO [2017-04-20 22:37:57] 
INFO [2017-04-20 22:37:57] $filename
INFO [2017-04-20 22:37:57] NULL
INFO [2017-04-20 22:37:57] 
INFO [2017-04-20 22:37:57] $main
INFO [2017-04-20 22:37:57] [1] "DE genes across days in humans (1% FDR)"
INFO [2017-04-20 22:37:57] 
INFO [2017-04-20 22:37:57] $cex
INFO [2017-04-20 22:37:57] [1] 1.5
INFO [2017-04-20 22:37:57] 
INFO [2017-04-20 22:37:57] $fill
INFO [2017-04-20 22:37:57] pal[1:3]
INFO [2017-04-20 22:37:57] 
INFO [2017-04-20 22:37:57] $lty
INFO [2017-04-20 22:37:57] [1] 1
INFO [2017-04-20 22:37:57] 
INFO [2017-04-20 22:37:57] $height
INFO [2017-04-20 22:37:57] [1] 2000
INFO [2017-04-20 22:37:57] 
INFO [2017-04-20 22:37:57] $width
INFO [2017-04-20 22:37:57] [1] 3000
INFO [2017-04-20 22:37:57] 
INFO [2017-04-20 22:37:57] [[1]]
INFO [2017-04-20 22:37:57] mylist_chimps_by_day
INFO [2017-04-20 22:37:57] 
INFO [2017-04-20 22:37:57] $filename
INFO [2017-04-20 22:37:57] NULL
INFO [2017-04-20 22:37:57] 
INFO [2017-04-20 22:37:57] $main
INFO [2017-04-20 22:37:57] [1] "DE genes across days in chimpanzees (1% FDR)"
INFO [2017-04-20 22:37:57] 
INFO [2017-04-20 22:37:57] $cex
INFO [2017-04-20 22:37:57] [1] 1.5
INFO [2017-04-20 22:37:57] 
INFO [2017-04-20 22:37:57] $fill
INFO [2017-04-20 22:37:57] pal[1:3]
INFO [2017-04-20 22:37:57] 
INFO [2017-04-20 22:37:57] $lty
INFO [2017-04-20 22:37:57] [1] 1
INFO [2017-04-20 22:37:57] 
INFO [2017-04-20 22:37:57] $height
INFO [2017-04-20 22:37:57] [1] 2000
INFO [2017-04-20 22:37:57] 
INFO [2017-04-20 22:37:57] $width
INFO [2017-04-20 22:37:57] [1] 3000
INFO [2017-04-20 22:37:57] 
