INFO [2017-01-23 20:24:05] [[1]]
INFO [2017-01-23 20:24:05] mylist
INFO [2017-01-23 20:24:05] 
INFO [2017-01-23 20:24:05] $filename
INFO [2017-01-23 20:24:05] NULL
INFO [2017-01-23 20:24:05] 
INFO [2017-01-23 20:24:05] $main
INFO [2017-01-23 20:24:05] [1] "DE genes between species per day (FDR< 5%)"
INFO [2017-01-23 20:24:05] 
INFO [2017-01-23 20:24:05] $cex
INFO [2017-01-23 20:24:05] [1] 1.5
INFO [2017-01-23 20:24:05] 
INFO [2017-01-23 20:24:05] $fill
INFO [2017-01-23 20:24:05] pal[1:4]
INFO [2017-01-23 20:24:05] 
INFO [2017-01-23 20:24:05] $lty
INFO [2017-01-23 20:24:05] [1] 1
INFO [2017-01-23 20:24:05] 
INFO [2017-01-23 20:24:05] $height
INFO [2017-01-23 20:24:05] [1] 2000
INFO [2017-01-23 20:24:05] 
INFO [2017-01-23 20:24:05] $width
INFO [2017-01-23 20:24:05] [1] 3000
INFO [2017-01-23 20:24:05] 
