INFO [2017-04-20 22:38:21] [[1]]
INFO [2017-04-20 22:38:21] mylist_interact
INFO [2017-04-20 22:38:21] 
INFO [2017-04-20 22:38:21] $filename
INFO [2017-04-20 22:38:21] NULL
INFO [2017-04-20 22:38:21] 
INFO [2017-04-20 22:38:21] $main
INFO [2017-04-20 22:38:21] [1] "Genes with a significant species-by-day interaction (5% FDR, batch 1)"
INFO [2017-04-20 22:38:21] 
INFO [2017-04-20 22:38:21] $cex
INFO [2017-04-20 22:38:21] [1] 1.5
INFO [2017-04-20 22:38:21] 
INFO [2017-04-20 22:38:21] $fill
INFO [2017-04-20 22:38:21] pal[1:3]
INFO [2017-04-20 22:38:21] 
INFO [2017-04-20 22:38:21] $lty
INFO [2017-04-20 22:38:21] [1] 1
INFO [2017-04-20 22:38:21] 
INFO [2017-04-20 22:38:21] $height
INFO [2017-04-20 22:38:21] [1] 2000
INFO [2017-04-20 22:38:21] 
INFO [2017-04-20 22:38:21] $width
INFO [2017-04-20 22:38:21] [1] 3000
INFO [2017-04-20 22:38:21] 
