INFO [2017-04-16 18:37:29] [[1]]
INFO [2017-04-16 18:37:29] mylist
INFO [2017-04-16 18:37:29] 
INFO [2017-04-16 18:37:29] $filename
INFO [2017-04-16 18:37:29] NULL
INFO [2017-04-16 18:37:29] 
INFO [2017-04-16 18:37:29] $main
INFO [2017-04-16 18:37:29] [1] "DE genes between species per day (5% FDR, global correction)"
INFO [2017-04-16 18:37:29] 
INFO [2017-04-16 18:37:29] $cex
INFO [2017-04-16 18:37:29] [1] 1.5
INFO [2017-04-16 18:37:29] 
INFO [2017-04-16 18:37:29] $fill
INFO [2017-04-16 18:37:29] pal[1:4]
INFO [2017-04-16 18:37:29] 
INFO [2017-04-16 18:37:29] $lty
INFO [2017-04-16 18:37:29] [1] 1
INFO [2017-04-16 18:37:29] 
INFO [2017-04-16 18:37:29] $height
INFO [2017-04-16 18:37:29] [1] 2000
INFO [2017-04-16 18:37:29] 
INFO [2017-04-16 18:37:29] $width
INFO [2017-04-16 18:37:29] [1] 3000
INFO [2017-04-16 18:37:29] 
