INFO [2017-04-02 18:51:47] [[1]]
INFO [2017-04-02 18:51:47] mylist_interact
INFO [2017-04-02 18:51:47] 
INFO [2017-04-02 18:51:47] $filename
INFO [2017-04-02 18:51:47] NULL
INFO [2017-04-02 18:51:47] 
INFO [2017-04-02 18:51:47] $main
INFO [2017-04-02 18:51:47] [1] "Genes with a significant species-by-day interaction (5% FDR, batch 1)"
INFO [2017-04-02 18:51:47] 
INFO [2017-04-02 18:51:47] $cex
INFO [2017-04-02 18:51:47] [1] 1.5
INFO [2017-04-02 18:51:47] 
INFO [2017-04-02 18:51:47] $fill
INFO [2017-04-02 18:51:47] pal[1:3]
INFO [2017-04-02 18:51:47] 
INFO [2017-04-02 18:51:47] $lty
INFO [2017-04-02 18:51:47] [1] 1
INFO [2017-04-02 18:51:47] 
INFO [2017-04-02 18:51:47] $height
INFO [2017-04-02 18:51:47] [1] 2000
INFO [2017-04-02 18:51:47] 
INFO [2017-04-02 18:51:47] $width
INFO [2017-04-02 18:51:47] [1] 3000
INFO [2017-04-02 18:51:47] 
