INFO [2017-03-28 21:08:30] [[1]]
INFO [2017-03-28 21:08:30] mylist_chimps_by_day
INFO [2017-03-28 21:08:30] 
INFO [2017-03-28 21:08:30] $filename
INFO [2017-03-28 21:08:30] NULL
INFO [2017-03-28 21:08:30] 
INFO [2017-03-28 21:08:30] $main
INFO [2017-03-28 21:08:30] [1] "DE genes across days in chimpanzees (5% FDR, global correction)"
INFO [2017-03-28 21:08:30] 
INFO [2017-03-28 21:08:30] $cex
INFO [2017-03-28 21:08:30] [1] 1.5
INFO [2017-03-28 21:08:30] 
INFO [2017-03-28 21:08:30] $fill
INFO [2017-03-28 21:08:30] pal[1:3]
INFO [2017-03-28 21:08:30] 
INFO [2017-03-28 21:08:30] $lty
INFO [2017-03-28 21:08:30] [1] 1
INFO [2017-03-28 21:08:30] 
INFO [2017-03-28 21:08:30] $height
INFO [2017-03-28 21:08:30] [1] 2000
INFO [2017-03-28 21:08:30] 
INFO [2017-03-28 21:08:30] $width
INFO [2017-03-28 21:08:30] [1] 3000
INFO [2017-03-28 21:08:30] 
INFO [2017-03-28 21:08:30] [[1]]
INFO [2017-03-28 21:08:30] mylist_interact
INFO [2017-03-28 21:08:30] 
INFO [2017-03-28 21:08:30] $filename
INFO [2017-03-28 21:08:30] NULL
INFO [2017-03-28 21:08:30] 
INFO [2017-03-28 21:08:30] $main
INFO [2017-03-28 21:08:30] [1] "Genes with a significant species-by-day interaction (5% FDR, global correction)"
INFO [2017-03-28 21:08:30] 
INFO [2017-03-28 21:08:30] $cex
INFO [2017-03-28 21:08:30] [1] 1.5
INFO [2017-03-28 21:08:30] 
INFO [2017-03-28 21:08:30] $fill
INFO [2017-03-28 21:08:30] pal[1:3]
INFO [2017-03-28 21:08:30] 
INFO [2017-03-28 21:08:30] $lty
INFO [2017-03-28 21:08:30] [1] 1
INFO [2017-03-28 21:08:30] 
INFO [2017-03-28 21:08:30] $height
INFO [2017-03-28 21:08:30] [1] 2000
INFO [2017-03-28 21:08:30] 
INFO [2017-03-28 21:08:30] $width
INFO [2017-03-28 21:08:30] [1] 3000
INFO [2017-03-28 21:08:30] 
