INFO [2017-04-16 18:35:01] [[1]]
INFO [2017-04-16 18:35:01] mylist
INFO [2017-04-16 18:35:01] 
INFO [2017-04-16 18:35:01] $filename
INFO [2017-04-16 18:35:01] NULL
INFO [2017-04-16 18:35:01] 
INFO [2017-04-16 18:35:01] $main
INFO [2017-04-16 18:35:01] [1] "DE genes between species per day (1% FDR)"
INFO [2017-04-16 18:35:01] 
INFO [2017-04-16 18:35:01] $cex
INFO [2017-04-16 18:35:01] [1] 1.5
INFO [2017-04-16 18:35:01] 
INFO [2017-04-16 18:35:01] $fill
INFO [2017-04-16 18:35:01] pal[1:4]
INFO [2017-04-16 18:35:01] 
INFO [2017-04-16 18:35:01] $lty
INFO [2017-04-16 18:35:01] [1] 1
INFO [2017-04-16 18:35:01] 
INFO [2017-04-16 18:35:01] $height
INFO [2017-04-16 18:35:01] [1] 2000
INFO [2017-04-16 18:35:01] 
INFO [2017-04-16 18:35:01] $width
INFO [2017-04-16 18:35:01] [1] 3000
INFO [2017-04-16 18:35:01] 
INFO [2017-04-16 18:35:01] [[1]]
INFO [2017-04-16 18:35:01] mylist_humans_by_day
INFO [2017-04-16 18:35:01] 
INFO [2017-04-16 18:35:01] $filename
INFO [2017-04-16 18:35:01] NULL
INFO [2017-04-16 18:35:01] 
INFO [2017-04-16 18:35:01] $main
INFO [2017-04-16 18:35:01] [1] "DE genes across days in humans (1% FDR)"
INFO [2017-04-16 18:35:01] 
INFO [2017-04-16 18:35:01] $cex
INFO [2017-04-16 18:35:01] [1] 1.5
INFO [2017-04-16 18:35:01] 
INFO [2017-04-16 18:35:01] $fill
INFO [2017-04-16 18:35:01] pal[1:3]
INFO [2017-04-16 18:35:01] 
INFO [2017-04-16 18:35:01] $lty
INFO [2017-04-16 18:35:01] [1] 1
INFO [2017-04-16 18:35:01] 
INFO [2017-04-16 18:35:01] $height
INFO [2017-04-16 18:35:01] [1] 2000
INFO [2017-04-16 18:35:01] 
INFO [2017-04-16 18:35:01] $width
INFO [2017-04-16 18:35:01] [1] 3000
INFO [2017-04-16 18:35:01] 
INFO [2017-04-16 18:35:01] [[1]]
INFO [2017-04-16 18:35:01] mylist_chimps_by_day
INFO [2017-04-16 18:35:01] 
INFO [2017-04-16 18:35:01] $filename
INFO [2017-04-16 18:35:01] NULL
INFO [2017-04-16 18:35:01] 
INFO [2017-04-16 18:35:01] $main
INFO [2017-04-16 18:35:01] [1] "DE genes across days in chimpanzees (1% FDR)"
INFO [2017-04-16 18:35:01] 
INFO [2017-04-16 18:35:01] $cex
INFO [2017-04-16 18:35:01] [1] 1.5
INFO [2017-04-16 18:35:01] 
INFO [2017-04-16 18:35:01] $fill
INFO [2017-04-16 18:35:01] pal[1:3]
INFO [2017-04-16 18:35:01] 
INFO [2017-04-16 18:35:01] $lty
INFO [2017-04-16 18:35:01] [1] 1
INFO [2017-04-16 18:35:01] 
INFO [2017-04-16 18:35:01] $height
INFO [2017-04-16 18:35:01] [1] 2000
INFO [2017-04-16 18:35:01] 
INFO [2017-04-16 18:35:01] $width
INFO [2017-04-16 18:35:01] [1] 3000
INFO [2017-04-16 18:35:01] 
INFO [2017-04-16 18:35:01] [[1]]
INFO [2017-04-16 18:35:01] mylist_interact
INFO [2017-04-16 18:35:01] 
INFO [2017-04-16 18:35:01] $filename
INFO [2017-04-16 18:35:01] NULL
INFO [2017-04-16 18:35:01] 
INFO [2017-04-16 18:35:01] $main
INFO [2017-04-16 18:35:01] [1] "Genes with a significant species-by-day interaction (1% FDR)"
INFO [2017-04-16 18:35:01] 
INFO [2017-04-16 18:35:01] $cex
INFO [2017-04-16 18:35:01] [1] 1.5
INFO [2017-04-16 18:35:01] 
INFO [2017-04-16 18:35:01] $fill
INFO [2017-04-16 18:35:01] pal[1:3]
INFO [2017-04-16 18:35:01] 
INFO [2017-04-16 18:35:01] $lty
INFO [2017-04-16 18:35:01] [1] 1
INFO [2017-04-16 18:35:01] 
INFO [2017-04-16 18:35:01] $height
INFO [2017-04-16 18:35:01] [1] 2000
INFO [2017-04-16 18:35:01] 
INFO [2017-04-16 18:35:01] $width
INFO [2017-04-16 18:35:01] [1] 3000
INFO [2017-04-16 18:35:01] 
