INFO [2017-03-28 20:42:03] [[1]]
INFO [2017-03-28 20:42:03] mylist
INFO [2017-03-28 20:42:03] 
INFO [2017-03-28 20:42:03] $filename
INFO [2017-03-28 20:42:03] NULL
INFO [2017-03-28 20:42:03] 
INFO [2017-03-28 20:42:03] $main
INFO [2017-03-28 20:42:03] [1] "DE genes between species per day (5% FDR, batch 2)"
INFO [2017-03-28 20:42:03] 
INFO [2017-03-28 20:42:03] $cex
INFO [2017-03-28 20:42:03] [1] 1.5
INFO [2017-03-28 20:42:03] 
INFO [2017-03-28 20:42:03] $fill
INFO [2017-03-28 20:42:03] pal[1:4]
INFO [2017-03-28 20:42:03] 
INFO [2017-03-28 20:42:03] $lty
INFO [2017-03-28 20:42:03] [1] 1
INFO [2017-03-28 20:42:03] 
INFO [2017-03-28 20:42:03] $height
INFO [2017-03-28 20:42:03] [1] 2000
INFO [2017-03-28 20:42:03] 
INFO [2017-03-28 20:42:03] $width
INFO [2017-03-28 20:42:03] [1] 3000
INFO [2017-03-28 20:42:03] 
