INFO [2017-04-02 18:54:10] [[1]]
INFO [2017-04-02 18:54:10] mylist
INFO [2017-04-02 18:54:10] 
INFO [2017-04-02 18:54:10] $filename
INFO [2017-04-02 18:54:10] NULL
INFO [2017-04-02 18:54:10] 
INFO [2017-04-02 18:54:10] $main
INFO [2017-04-02 18:54:10] [1] "DE genes between species per day (5% FDR; 3940 genes with log2 fold change >= 1)"
INFO [2017-04-02 18:54:10] 
INFO [2017-04-02 18:54:10] $cex
INFO [2017-04-02 18:54:10] [1] 1.5
INFO [2017-04-02 18:54:10] 
INFO [2017-04-02 18:54:10] $fill
INFO [2017-04-02 18:54:10] pal[1:4]
INFO [2017-04-02 18:54:10] 
INFO [2017-04-02 18:54:10] $lty
INFO [2017-04-02 18:54:10] [1] 1
INFO [2017-04-02 18:54:10] 
INFO [2017-04-02 18:54:10] $height
INFO [2017-04-02 18:54:10] [1] 2000
INFO [2017-04-02 18:54:10] 
INFO [2017-04-02 18:54:10] $width
INFO [2017-04-02 18:54:10] [1] 3000
INFO [2017-04-02 18:54:10] 
INFO [2017-04-02 18:54:10] [[1]]
INFO [2017-04-02 18:54:10] mylist_humans_by_day
INFO [2017-04-02 18:54:10] 
INFO [2017-04-02 18:54:10] $filename
INFO [2017-04-02 18:54:10] NULL
INFO [2017-04-02 18:54:10] 
INFO [2017-04-02 18:54:10] $main
INFO [2017-04-02 18:54:10] [1] "DE genes across days in humans (5% FDR)"
INFO [2017-04-02 18:54:10] 
INFO [2017-04-02 18:54:10] $cex
INFO [2017-04-02 18:54:10] [1] 1.5
INFO [2017-04-02 18:54:10] 
INFO [2017-04-02 18:54:10] $fill
INFO [2017-04-02 18:54:10] pal[1:3]
INFO [2017-04-02 18:54:10] 
INFO [2017-04-02 18:54:10] $lty
INFO [2017-04-02 18:54:10] [1] 1
INFO [2017-04-02 18:54:10] 
INFO [2017-04-02 18:54:10] $height
INFO [2017-04-02 18:54:10] [1] 2000
INFO [2017-04-02 18:54:10] 
INFO [2017-04-02 18:54:10] $width
INFO [2017-04-02 18:54:10] [1] 3000
INFO [2017-04-02 18:54:10] 
