INFO [2017-03-28 21:06:06] [[1]]
INFO [2017-03-28 21:06:06] mylist_chimps_by_day
INFO [2017-03-28 21:06:06] 
INFO [2017-03-28 21:06:06] $filename
INFO [2017-03-28 21:06:06] NULL
INFO [2017-03-28 21:06:06] 
INFO [2017-03-28 21:06:06] $main
INFO [2017-03-28 21:06:06] [1] "DE genes across days in chimpanzees (1% FDR)"
INFO [2017-03-28 21:06:06] 
INFO [2017-03-28 21:06:06] $cex
INFO [2017-03-28 21:06:06] [1] 1.5
INFO [2017-03-28 21:06:06] 
INFO [2017-03-28 21:06:06] $fill
INFO [2017-03-28 21:06:06] pal[1:3]
INFO [2017-03-28 21:06:06] 
INFO [2017-03-28 21:06:06] $lty
INFO [2017-03-28 21:06:06] [1] 1
INFO [2017-03-28 21:06:06] 
INFO [2017-03-28 21:06:06] $height
INFO [2017-03-28 21:06:06] [1] 2000
INFO [2017-03-28 21:06:06] 
INFO [2017-03-28 21:06:06] $width
INFO [2017-03-28 21:06:06] [1] 3000
INFO [2017-03-28 21:06:06] 
INFO [2017-03-28 21:06:06] [[1]]
INFO [2017-03-28 21:06:06] mylist_interact
INFO [2017-03-28 21:06:06] 
INFO [2017-03-28 21:06:06] $filename
INFO [2017-03-28 21:06:06] NULL
INFO [2017-03-28 21:06:06] 
INFO [2017-03-28 21:06:06] $main
INFO [2017-03-28 21:06:06] [1] "Genes with a significant species-by-day interaction (1% FDR)"
INFO [2017-03-28 21:06:06] 
INFO [2017-03-28 21:06:06] $cex
INFO [2017-03-28 21:06:06] [1] 1.5
INFO [2017-03-28 21:06:06] 
INFO [2017-03-28 21:06:06] $fill
INFO [2017-03-28 21:06:06] pal[1:3]
INFO [2017-03-28 21:06:06] 
INFO [2017-03-28 21:06:06] $lty
INFO [2017-03-28 21:06:06] [1] 1
INFO [2017-03-28 21:06:06] 
INFO [2017-03-28 21:06:06] $height
INFO [2017-03-28 21:06:06] [1] 2000
INFO [2017-03-28 21:06:06] 
INFO [2017-03-28 21:06:06] $width
INFO [2017-03-28 21:06:06] [1] 3000
INFO [2017-03-28 21:06:06] 
