INFO [2017-03-28 20:39:59] [[1]]
INFO [2017-03-28 20:39:59] mylist_chimps_by_day
INFO [2017-03-28 20:39:59] 
INFO [2017-03-28 20:39:59] $filename
INFO [2017-03-28 20:39:59] NULL
INFO [2017-03-28 20:39:59] 
INFO [2017-03-28 20:39:59] $main
INFO [2017-03-28 20:39:59] [1] "DE genes across days in chimpanzees (1% FDR)"
INFO [2017-03-28 20:39:59] 
INFO [2017-03-28 20:39:59] $cex
INFO [2017-03-28 20:39:59] [1] 1.5
INFO [2017-03-28 20:39:59] 
INFO [2017-03-28 20:39:59] $fill
INFO [2017-03-28 20:39:59] pal[1:3]
INFO [2017-03-28 20:39:59] 
INFO [2017-03-28 20:39:59] $lty
INFO [2017-03-28 20:39:59] [1] 1
INFO [2017-03-28 20:39:59] 
INFO [2017-03-28 20:39:59] $height
INFO [2017-03-28 20:39:59] [1] 2000
INFO [2017-03-28 20:39:59] 
INFO [2017-03-28 20:39:59] $width
INFO [2017-03-28 20:39:59] [1] 3000
INFO [2017-03-28 20:39:59] 
INFO [2017-03-28 20:39:59] [[1]]
INFO [2017-03-28 20:39:59] mylist_interact
INFO [2017-03-28 20:39:59] 
INFO [2017-03-28 20:39:59] $filename
INFO [2017-03-28 20:39:59] NULL
INFO [2017-03-28 20:39:59] 
INFO [2017-03-28 20:39:59] $main
INFO [2017-03-28 20:39:59] [1] "Genes with a significant species-by-day interaction (1% FDR)"
INFO [2017-03-28 20:39:59] 
INFO [2017-03-28 20:39:59] $cex
INFO [2017-03-28 20:39:59] [1] 1.5
INFO [2017-03-28 20:39:59] 
INFO [2017-03-28 20:39:59] $fill
INFO [2017-03-28 20:39:59] pal[1:3]
INFO [2017-03-28 20:39:59] 
INFO [2017-03-28 20:39:59] $lty
INFO [2017-03-28 20:39:59] [1] 1
INFO [2017-03-28 20:39:59] 
INFO [2017-03-28 20:39:59] $height
INFO [2017-03-28 20:39:59] [1] 2000
INFO [2017-03-28 20:39:59] 
INFO [2017-03-28 20:39:59] $width
INFO [2017-03-28 20:39:59] [1] 3000
INFO [2017-03-28 20:39:59] 
INFO [2017-03-28 20:39:59] [[1]]
INFO [2017-03-28 20:39:59] mylist
INFO [2017-03-28 20:39:59] 
INFO [2017-03-28 20:39:59] $filename
INFO [2017-03-28 20:39:59] NULL
INFO [2017-03-28 20:39:59] 
INFO [2017-03-28 20:39:59] $main
INFO [2017-03-28 20:39:59] [1] "DE genes between species per day (10% FDR)"
INFO [2017-03-28 20:39:59] 
INFO [2017-03-28 20:39:59] $cex
INFO [2017-03-28 20:39:59] [1] 1.5
INFO [2017-03-28 20:39:59] 
INFO [2017-03-28 20:39:59] $fill
INFO [2017-03-28 20:39:59] pal[1:4]
INFO [2017-03-28 20:39:59] 
INFO [2017-03-28 20:39:59] $lty
INFO [2017-03-28 20:39:59] [1] 1
INFO [2017-03-28 20:39:59] 
INFO [2017-03-28 20:39:59] $height
INFO [2017-03-28 20:39:59] [1] 2000
INFO [2017-03-28 20:39:59] 
INFO [2017-03-28 20:39:59] $width
INFO [2017-03-28 20:39:59] [1] 3000
INFO [2017-03-28 20:39:59] 
