INFO [2017-01-10 15:55:03] [[1]]
INFO [2017-01-10 15:55:03] mylist
INFO [2017-01-10 15:55:03] 
INFO [2017-01-10 15:55:03] $filename
INFO [2017-01-10 15:55:03] NULL
INFO [2017-01-10 15:55:03] 
INFO [2017-01-10 15:55:03] $main
INFO [2017-01-10 15:55:03] [1] "DE genes between species per day"
INFO [2017-01-10 15:55:03] 
INFO [2017-01-10 15:55:03] $cex
INFO [2017-01-10 15:55:03] [1] 1.5
INFO [2017-01-10 15:55:03] 
INFO [2017-01-10 15:55:03] $fill
INFO [2017-01-10 15:55:03] pal[1:4]
INFO [2017-01-10 15:55:03] 
INFO [2017-01-10 15:55:03] $lty
INFO [2017-01-10 15:55:03] [1] 1
INFO [2017-01-10 15:55:03] 
INFO [2017-01-10 15:55:03] $height
INFO [2017-01-10 15:55:03] [1] 2000
INFO [2017-01-10 15:55:03] 
INFO [2017-01-10 15:55:03] $width
INFO [2017-01-10 15:55:03] [1] 3000
INFO [2017-01-10 15:55:03] 
