INFO [2017-03-28 21:07:45] [[1]]
INFO [2017-03-28 21:07:45] mylist
INFO [2017-03-28 21:07:45] 
INFO [2017-03-28 21:07:45] $filename
INFO [2017-03-28 21:07:45] NULL
INFO [2017-03-28 21:07:45] 
INFO [2017-03-28 21:07:45] $main
INFO [2017-03-28 21:07:45] [1] "DE genes between species per day (5% FDR, batch 2)"
INFO [2017-03-28 21:07:45] 
INFO [2017-03-28 21:07:45] $cex
INFO [2017-03-28 21:07:45] [1] 1.5
INFO [2017-03-28 21:07:45] 
INFO [2017-03-28 21:07:45] $fill
INFO [2017-03-28 21:07:45] pal[1:4]
INFO [2017-03-28 21:07:45] 
INFO [2017-03-28 21:07:45] $lty
INFO [2017-03-28 21:07:45] [1] 1
INFO [2017-03-28 21:07:45] 
INFO [2017-03-28 21:07:45] $height
INFO [2017-03-28 21:07:45] [1] 2000
INFO [2017-03-28 21:07:45] 
INFO [2017-03-28 21:07:45] $width
INFO [2017-03-28 21:07:45] [1] 3000
INFO [2017-03-28 21:07:45] 
