INFO [2017-04-02 18:53:30] [[1]]
INFO [2017-04-02 18:53:30] mylist
INFO [2017-04-02 18:53:30] 
INFO [2017-04-02 18:53:30] $filename
INFO [2017-04-02 18:53:30] NULL
INFO [2017-04-02 18:53:30] 
INFO [2017-04-02 18:53:30] $main
INFO [2017-04-02 18:53:30] [1] "DE genes between species per day (5% FDR, batch 2)"
INFO [2017-04-02 18:53:30] 
INFO [2017-04-02 18:53:30] $cex
INFO [2017-04-02 18:53:30] [1] 1.5
INFO [2017-04-02 18:53:30] 
INFO [2017-04-02 18:53:30] $fill
INFO [2017-04-02 18:53:30] pal[1:4]
INFO [2017-04-02 18:53:30] 
INFO [2017-04-02 18:53:30] $lty
INFO [2017-04-02 18:53:30] [1] 1
INFO [2017-04-02 18:53:30] 
INFO [2017-04-02 18:53:30] $height
INFO [2017-04-02 18:53:30] [1] 2000
INFO [2017-04-02 18:53:30] 
INFO [2017-04-02 18:53:30] $width
INFO [2017-04-02 18:53:30] [1] 3000
INFO [2017-04-02 18:53:30] 
