INFO [2017-01-09 16:30:45] [[1]]
INFO [2017-01-09 16:30:45] mylist
INFO [2017-01-09 16:30:45] 
INFO [2017-01-09 16:30:45] $filename
INFO [2017-01-09 16:30:45] NULL
INFO [2017-01-09 16:30:45] 
INFO [2017-01-09 16:30:45] $main
INFO [2017-01-09 16:30:45] [1] "Genes with Significant Day Coefficients"
INFO [2017-01-09 16:30:45] 
INFO [2017-01-09 16:30:45] $cex
INFO [2017-01-09 16:30:45] [1] 1.5
INFO [2017-01-09 16:30:45] 
INFO [2017-01-09 16:30:45] $fill
INFO [2017-01-09 16:30:45] pal[1:3]
INFO [2017-01-09 16:30:45] 
INFO [2017-01-09 16:30:45] $lty
INFO [2017-01-09 16:30:45] [1] 1
INFO [2017-01-09 16:30:45] 
INFO [2017-01-09 16:30:45] $height
INFO [2017-01-09 16:30:45] [1] 2000
INFO [2017-01-09 16:30:45] 
INFO [2017-01-09 16:30:45] $width
INFO [2017-01-09 16:30:45] [1] 2500
INFO [2017-01-09 16:30:45] 
