INFO [2017-04-02 19:12:23] [[1]]
INFO [2017-04-02 19:12:23] mylist_interact
INFO [2017-04-02 19:12:23] 
INFO [2017-04-02 19:12:23] $filename
INFO [2017-04-02 19:12:23] NULL
INFO [2017-04-02 19:12:23] 
INFO [2017-04-02 19:12:23] $main
INFO [2017-04-02 19:12:23] [1] "Genes with a significant species-by-day interaction (5% FDR, batch 1)"
INFO [2017-04-02 19:12:23] 
INFO [2017-04-02 19:12:23] $cex
INFO [2017-04-02 19:12:23] [1] 1.5
INFO [2017-04-02 19:12:23] 
INFO [2017-04-02 19:12:23] $fill
INFO [2017-04-02 19:12:23] pal[1:3]
INFO [2017-04-02 19:12:23] 
INFO [2017-04-02 19:12:23] $lty
INFO [2017-04-02 19:12:23] [1] 1
INFO [2017-04-02 19:12:23] 
INFO [2017-04-02 19:12:23] $height
INFO [2017-04-02 19:12:23] [1] 2000
INFO [2017-04-02 19:12:23] 
INFO [2017-04-02 19:12:23] $width
INFO [2017-04-02 19:12:23] [1] 3000
INFO [2017-04-02 19:12:23] 
