INFO [2017-03-28 20:59:14] [[1]]
INFO [2017-03-28 20:59:14] mylist_humans_by_day
INFO [2017-03-28 20:59:14] 
INFO [2017-03-28 20:59:14] $filename
INFO [2017-03-28 20:59:14] NULL
INFO [2017-03-28 20:59:14] 
INFO [2017-03-28 20:59:14] $main
INFO [2017-03-28 20:59:14] [1] "DE genes across days in humans (5% FDR)"
INFO [2017-03-28 20:59:14] 
INFO [2017-03-28 20:59:14] $cex
INFO [2017-03-28 20:59:14] [1] 1.5
INFO [2017-03-28 20:59:14] 
INFO [2017-03-28 20:59:14] $fill
INFO [2017-03-28 20:59:14] pal[1:3]
INFO [2017-03-28 20:59:14] 
INFO [2017-03-28 20:59:14] $lty
INFO [2017-03-28 20:59:14] [1] 1
INFO [2017-03-28 20:59:14] 
INFO [2017-03-28 20:59:14] $height
INFO [2017-03-28 20:59:14] [1] 2000
INFO [2017-03-28 20:59:14] 
INFO [2017-03-28 20:59:14] $width
INFO [2017-03-28 20:59:14] [1] 3000
INFO [2017-03-28 20:59:14] 
INFO [2017-03-28 20:59:14] [[1]]
INFO [2017-03-28 20:59:14] mylist_chimps_by_day
INFO [2017-03-28 20:59:14] 
INFO [2017-03-28 20:59:14] $filename
INFO [2017-03-28 20:59:14] NULL
INFO [2017-03-28 20:59:14] 
INFO [2017-03-28 20:59:14] $main
INFO [2017-03-28 20:59:14] [1] "DE genes across days in chimpanzees (5% FDR)"
INFO [2017-03-28 20:59:14] 
INFO [2017-03-28 20:59:14] $cex
INFO [2017-03-28 20:59:14] [1] 1.5
INFO [2017-03-28 20:59:14] 
INFO [2017-03-28 20:59:14] $fill
INFO [2017-03-28 20:59:14] pal[1:3]
INFO [2017-03-28 20:59:14] 
INFO [2017-03-28 20:59:14] $lty
INFO [2017-03-28 20:59:14] [1] 1
INFO [2017-03-28 20:59:14] 
INFO [2017-03-28 20:59:14] $height
INFO [2017-03-28 20:59:14] [1] 2000
INFO [2017-03-28 20:59:14] 
INFO [2017-03-28 20:59:14] $width
INFO [2017-03-28 20:59:14] [1] 3000
INFO [2017-03-28 20:59:14] 
