INFO [2017-03-28 21:06:32] [[1]]
INFO [2017-03-28 21:06:32] mylist_chimps_by_day
INFO [2017-03-28 21:06:32] 
INFO [2017-03-28 21:06:32] $filename
INFO [2017-03-28 21:06:32] NULL
INFO [2017-03-28 21:06:32] 
INFO [2017-03-28 21:06:32] $main
INFO [2017-03-28 21:06:32] [1] "DE genes across days in chimpanzees (5% FDR, batch 1)"
INFO [2017-03-28 21:06:32] 
INFO [2017-03-28 21:06:32] $cex
INFO [2017-03-28 21:06:32] [1] 1.5
INFO [2017-03-28 21:06:32] 
INFO [2017-03-28 21:06:32] $fill
INFO [2017-03-28 21:06:32] pal[1:3]
INFO [2017-03-28 21:06:32] 
INFO [2017-03-28 21:06:32] $lty
INFO [2017-03-28 21:06:32] [1] 1
INFO [2017-03-28 21:06:32] 
INFO [2017-03-28 21:06:32] $height
INFO [2017-03-28 21:06:32] [1] 2000
INFO [2017-03-28 21:06:32] 
INFO [2017-03-28 21:06:32] $width
INFO [2017-03-28 21:06:32] [1] 3000
INFO [2017-03-28 21:06:32] 
INFO [2017-03-28 21:06:32] [[1]]
INFO [2017-03-28 21:06:32] mylist_interact
INFO [2017-03-28 21:06:32] 
INFO [2017-03-28 21:06:32] $filename
INFO [2017-03-28 21:06:32] NULL
INFO [2017-03-28 21:06:32] 
INFO [2017-03-28 21:06:32] $main
INFO [2017-03-28 21:06:32] [1] "Genes with a significant species-by-day interaction (5% FDR, batch 1)"
INFO [2017-03-28 21:06:32] 
INFO [2017-03-28 21:06:32] $cex
INFO [2017-03-28 21:06:32] [1] 1.5
INFO [2017-03-28 21:06:32] 
INFO [2017-03-28 21:06:32] $fill
INFO [2017-03-28 21:06:32] pal[1:3]
INFO [2017-03-28 21:06:32] 
INFO [2017-03-28 21:06:32] $lty
INFO [2017-03-28 21:06:32] [1] 1
INFO [2017-03-28 21:06:32] 
INFO [2017-03-28 21:06:32] $height
INFO [2017-03-28 21:06:32] [1] 2000
INFO [2017-03-28 21:06:32] 
INFO [2017-03-28 21:06:32] $width
INFO [2017-03-28 21:06:32] [1] 3000
INFO [2017-03-28 21:06:32] 
