INFO [2017-04-20 22:39:34] [[1]]
INFO [2017-04-20 22:39:34] mylist
INFO [2017-04-20 22:39:34] 
INFO [2017-04-20 22:39:34] $filename
INFO [2017-04-20 22:39:34] NULL
INFO [2017-04-20 22:39:34] 
INFO [2017-04-20 22:39:34] $main
INFO [2017-04-20 22:39:34] [1] "DE genes between species per day (5% FDR, batch 2)"
INFO [2017-04-20 22:39:34] 
INFO [2017-04-20 22:39:34] $cex
INFO [2017-04-20 22:39:34] [1] 1.5
INFO [2017-04-20 22:39:34] 
INFO [2017-04-20 22:39:34] $fill
INFO [2017-04-20 22:39:34] pal[1:4]
INFO [2017-04-20 22:39:34] 
INFO [2017-04-20 22:39:34] $lty
INFO [2017-04-20 22:39:34] [1] 1
INFO [2017-04-20 22:39:34] 
INFO [2017-04-20 22:39:34] $height
INFO [2017-04-20 22:39:34] [1] 2000
INFO [2017-04-20 22:39:34] 
INFO [2017-04-20 22:39:34] $width
INFO [2017-04-20 22:39:34] [1] 3000
INFO [2017-04-20 22:39:34] 
