INFO [2017-01-23 20:24:27] [[1]]
INFO [2017-01-23 20:24:27] mylist
INFO [2017-01-23 20:24:27] 
INFO [2017-01-23 20:24:27] $filename
INFO [2017-01-23 20:24:27] NULL
INFO [2017-01-23 20:24:27] 
INFO [2017-01-23 20:24:27] $main
INFO [2017-01-23 20:24:27] [1] "Genes with significant species by day interactions (FDR< 5%)"
INFO [2017-01-23 20:24:27] 
INFO [2017-01-23 20:24:27] $cex
INFO [2017-01-23 20:24:27] [1] 1.5
INFO [2017-01-23 20:24:27] 
INFO [2017-01-23 20:24:27] $fill
INFO [2017-01-23 20:24:27] pal[1:3]
INFO [2017-01-23 20:24:27] 
INFO [2017-01-23 20:24:27] $lty
INFO [2017-01-23 20:24:27] [1] 1
INFO [2017-01-23 20:24:27] 
INFO [2017-01-23 20:24:27] $height
INFO [2017-01-23 20:24:27] [1] 2000
INFO [2017-01-23 20:24:27] 
INFO [2017-01-23 20:24:27] $width
INFO [2017-01-23 20:24:27] [1] 3000
INFO [2017-01-23 20:24:27] 
