INFO [2017-04-02 19:14:43] [[1]]
INFO [2017-04-02 19:14:43] mylist
INFO [2017-04-02 19:14:43] 
INFO [2017-04-02 19:14:43] $filename
INFO [2017-04-02 19:14:43] NULL
INFO [2017-04-02 19:14:43] 
INFO [2017-04-02 19:14:43] $main
INFO [2017-04-02 19:14:43] [1] "DE genes between species per day (5% FDR; 3940 genes with log2 fold change >= 1)"
INFO [2017-04-02 19:14:43] 
INFO [2017-04-02 19:14:43] $cex
INFO [2017-04-02 19:14:43] [1] 1.5
INFO [2017-04-02 19:14:43] 
INFO [2017-04-02 19:14:43] $fill
INFO [2017-04-02 19:14:43] pal[1:4]
INFO [2017-04-02 19:14:43] 
INFO [2017-04-02 19:14:43] $lty
INFO [2017-04-02 19:14:43] [1] 1
INFO [2017-04-02 19:14:43] 
INFO [2017-04-02 19:14:43] $height
INFO [2017-04-02 19:14:43] [1] 2000
INFO [2017-04-02 19:14:43] 
INFO [2017-04-02 19:14:43] $width
INFO [2017-04-02 19:14:43] [1] 3000
INFO [2017-04-02 19:14:43] 
INFO [2017-04-02 19:14:43] [[1]]
INFO [2017-04-02 19:14:43] mylist_humans_by_day
INFO [2017-04-02 19:14:43] 
INFO [2017-04-02 19:14:43] $filename
INFO [2017-04-02 19:14:43] NULL
INFO [2017-04-02 19:14:43] 
INFO [2017-04-02 19:14:43] $main
INFO [2017-04-02 19:14:43] [1] "DE genes across days in humans (5% FDR)"
INFO [2017-04-02 19:14:43] 
INFO [2017-04-02 19:14:43] $cex
INFO [2017-04-02 19:14:43] [1] 1.5
INFO [2017-04-02 19:14:43] 
INFO [2017-04-02 19:14:43] $fill
INFO [2017-04-02 19:14:43] pal[1:3]
INFO [2017-04-02 19:14:43] 
INFO [2017-04-02 19:14:43] $lty
INFO [2017-04-02 19:14:43] [1] 1
INFO [2017-04-02 19:14:43] 
INFO [2017-04-02 19:14:43] $height
INFO [2017-04-02 19:14:43] [1] 2000
INFO [2017-04-02 19:14:43] 
INFO [2017-04-02 19:14:43] $width
INFO [2017-04-02 19:14:43] [1] 3000
INFO [2017-04-02 19:14:43] 
INFO [2017-04-02 19:14:43] [[1]]
INFO [2017-04-02 19:14:43] mylist_chimps_by_day
INFO [2017-04-02 19:14:43] 
INFO [2017-04-02 19:14:43] $filename
INFO [2017-04-02 19:14:43] NULL
INFO [2017-04-02 19:14:43] 
INFO [2017-04-02 19:14:43] $main
INFO [2017-04-02 19:14:43] [1] "DE genes across days in chimpanzees (5% FDR)"
INFO [2017-04-02 19:14:43] 
INFO [2017-04-02 19:14:43] $cex
INFO [2017-04-02 19:14:43] [1] 1.5
INFO [2017-04-02 19:14:43] 
INFO [2017-04-02 19:14:43] $fill
INFO [2017-04-02 19:14:43] pal[1:3]
INFO [2017-04-02 19:14:43] 
INFO [2017-04-02 19:14:43] $lty
INFO [2017-04-02 19:14:43] [1] 1
INFO [2017-04-02 19:14:43] 
INFO [2017-04-02 19:14:43] $height
INFO [2017-04-02 19:14:43] [1] 2000
INFO [2017-04-02 19:14:43] 
INFO [2017-04-02 19:14:43] $width
INFO [2017-04-02 19:14:43] [1] 3000
INFO [2017-04-02 19:14:43] 
