INFO [2017-04-02 18:51:21] [[1]]
INFO [2017-04-02 18:51:21] mylist
INFO [2017-04-02 18:51:21] 
INFO [2017-04-02 18:51:21] $filename
INFO [2017-04-02 18:51:21] NULL
INFO [2017-04-02 18:51:21] 
INFO [2017-04-02 18:51:21] $main
INFO [2017-04-02 18:51:21] [1] "DE genes between species per day (10% FDR)"
INFO [2017-04-02 18:51:21] 
INFO [2017-04-02 18:51:21] $cex
INFO [2017-04-02 18:51:21] [1] 1.5
INFO [2017-04-02 18:51:21] 
INFO [2017-04-02 18:51:21] $fill
INFO [2017-04-02 18:51:21] pal[1:4]
INFO [2017-04-02 18:51:21] 
INFO [2017-04-02 18:51:21] $lty
INFO [2017-04-02 18:51:21] [1] 1
INFO [2017-04-02 18:51:21] 
INFO [2017-04-02 18:51:21] $height
INFO [2017-04-02 18:51:21] [1] 2000
INFO [2017-04-02 18:51:21] 
INFO [2017-04-02 18:51:21] $width
INFO [2017-04-02 18:51:21] [1] 3000
INFO [2017-04-02 18:51:21] 
INFO [2017-04-02 18:51:21] [[1]]
INFO [2017-04-02 18:51:21] mylist_humans_by_day
INFO [2017-04-02 18:51:21] 
INFO [2017-04-02 18:51:21] $filename
INFO [2017-04-02 18:51:21] NULL
INFO [2017-04-02 18:51:21] 
INFO [2017-04-02 18:51:21] $main
INFO [2017-04-02 18:51:21] [1] "DE genes across days in humans (1% FDR)"
INFO [2017-04-02 18:51:21] 
INFO [2017-04-02 18:51:21] $cex
INFO [2017-04-02 18:51:21] [1] 1.5
INFO [2017-04-02 18:51:21] 
INFO [2017-04-02 18:51:21] $fill
INFO [2017-04-02 18:51:21] pal[1:3]
INFO [2017-04-02 18:51:21] 
INFO [2017-04-02 18:51:21] $lty
INFO [2017-04-02 18:51:21] [1] 1
INFO [2017-04-02 18:51:21] 
INFO [2017-04-02 18:51:21] $height
INFO [2017-04-02 18:51:21] [1] 2000
INFO [2017-04-02 18:51:21] 
INFO [2017-04-02 18:51:21] $width
INFO [2017-04-02 18:51:21] [1] 3000
INFO [2017-04-02 18:51:21] 
INFO [2017-04-02 18:51:21] [[1]]
INFO [2017-04-02 18:51:21] mylist_chimps_by_day
INFO [2017-04-02 18:51:21] 
INFO [2017-04-02 18:51:21] $filename
INFO [2017-04-02 18:51:21] NULL
INFO [2017-04-02 18:51:21] 
INFO [2017-04-02 18:51:21] $main
INFO [2017-04-02 18:51:21] [1] "DE genes across days in chimpanzees (1% FDR)"
INFO [2017-04-02 18:51:21] 
INFO [2017-04-02 18:51:21] $cex
INFO [2017-04-02 18:51:21] [1] 1.5
INFO [2017-04-02 18:51:21] 
INFO [2017-04-02 18:51:21] $fill
INFO [2017-04-02 18:51:21] pal[1:3]
INFO [2017-04-02 18:51:21] 
INFO [2017-04-02 18:51:21] $lty
INFO [2017-04-02 18:51:21] [1] 1
INFO [2017-04-02 18:51:21] 
INFO [2017-04-02 18:51:21] $height
INFO [2017-04-02 18:51:21] [1] 2000
INFO [2017-04-02 18:51:21] 
INFO [2017-04-02 18:51:21] $width
INFO [2017-04-02 18:51:21] [1] 3000
INFO [2017-04-02 18:51:21] 
INFO [2017-04-02 18:51:21] [[1]]
INFO [2017-04-02 18:51:21] mylist_interact
INFO [2017-04-02 18:51:21] 
INFO [2017-04-02 18:51:21] $filename
INFO [2017-04-02 18:51:21] NULL
INFO [2017-04-02 18:51:21] 
INFO [2017-04-02 18:51:21] $main
INFO [2017-04-02 18:51:21] [1] "Genes with a significant species-by-day interaction (1% FDR)"
INFO [2017-04-02 18:51:21] 
INFO [2017-04-02 18:51:21] $cex
INFO [2017-04-02 18:51:21] [1] 1.5
INFO [2017-04-02 18:51:21] 
INFO [2017-04-02 18:51:21] $fill
INFO [2017-04-02 18:51:21] pal[1:3]
INFO [2017-04-02 18:51:21] 
INFO [2017-04-02 18:51:21] $lty
INFO [2017-04-02 18:51:21] [1] 1
INFO [2017-04-02 18:51:21] 
INFO [2017-04-02 18:51:21] $height
INFO [2017-04-02 18:51:21] [1] 2000
INFO [2017-04-02 18:51:21] 
INFO [2017-04-02 18:51:21] $width
INFO [2017-04-02 18:51:21] [1] 3000
INFO [2017-04-02 18:51:21] 
