INFO [2017-03-28 20:40:50] [[1]]
INFO [2017-03-28 20:40:50] mylist_interact
INFO [2017-03-28 20:40:50] 
INFO [2017-03-28 20:40:50] $filename
INFO [2017-03-28 20:40:50] NULL
INFO [2017-03-28 20:40:50] 
INFO [2017-03-28 20:40:50] $main
INFO [2017-03-28 20:40:50] [1] "Genes with a significant species-by-day interaction (5% FDR, batch 2)"
INFO [2017-03-28 20:40:50] 
INFO [2017-03-28 20:40:50] $cex
INFO [2017-03-28 20:40:50] [1] 1.5
INFO [2017-03-28 20:40:50] 
INFO [2017-03-28 20:40:50] $fill
INFO [2017-03-28 20:40:50] pal[1:3]
INFO [2017-03-28 20:40:50] 
INFO [2017-03-28 20:40:50] $lty
INFO [2017-03-28 20:40:50] [1] 1
INFO [2017-03-28 20:40:50] 
INFO [2017-03-28 20:40:50] $height
INFO [2017-03-28 20:40:50] [1] 2000
INFO [2017-03-28 20:40:50] 
INFO [2017-03-28 20:40:50] $width
INFO [2017-03-28 20:40:50] [1] 3000
INFO [2017-03-28 20:40:50] 
