INFO [2017-03-28 20:58:35] [[1]]
INFO [2017-03-28 20:58:35] mylist
INFO [2017-03-28 20:58:35] 
INFO [2017-03-28 20:58:35] $filename
INFO [2017-03-28 20:58:35] NULL
INFO [2017-03-28 20:58:35] 
INFO [2017-03-28 20:58:35] $main
INFO [2017-03-28 20:58:35] [1] "DE genes between species per day (5% FDR, batch 2)"
INFO [2017-03-28 20:58:35] 
INFO [2017-03-28 20:58:35] $cex
INFO [2017-03-28 20:58:35] [1] 1.5
INFO [2017-03-28 20:58:35] 
INFO [2017-03-28 20:58:35] $fill
INFO [2017-03-28 20:58:35] pal[1:4]
INFO [2017-03-28 20:58:35] 
INFO [2017-03-28 20:58:35] $lty
INFO [2017-03-28 20:58:35] [1] 1
INFO [2017-03-28 20:58:35] 
INFO [2017-03-28 20:58:35] $height
INFO [2017-03-28 20:58:35] [1] 2000
INFO [2017-03-28 20:58:35] 
INFO [2017-03-28 20:58:35] $width
INFO [2017-03-28 20:58:35] [1] 3000
INFO [2017-03-28 20:58:35] 
