INFO [2017-04-20 22:40:15] [[1]]
INFO [2017-04-20 22:40:15] mylist_humans_by_day
INFO [2017-04-20 22:40:15] 
INFO [2017-04-20 22:40:15] $filename
INFO [2017-04-20 22:40:15] NULL
INFO [2017-04-20 22:40:15] 
INFO [2017-04-20 22:40:15] $main
INFO [2017-04-20 22:40:15] [1] "DE genes across days in humans (5% FDR, global correction)"
INFO [2017-04-20 22:40:15] 
INFO [2017-04-20 22:40:15] $cex
INFO [2017-04-20 22:40:15] [1] 1.5
INFO [2017-04-20 22:40:15] 
INFO [2017-04-20 22:40:15] $fill
INFO [2017-04-20 22:40:15] pal[1:3]
INFO [2017-04-20 22:40:15] 
INFO [2017-04-20 22:40:15] $lty
INFO [2017-04-20 22:40:15] [1] 1
INFO [2017-04-20 22:40:15] 
INFO [2017-04-20 22:40:15] $height
INFO [2017-04-20 22:40:15] [1] 2000
INFO [2017-04-20 22:40:15] 
INFO [2017-04-20 22:40:15] $width
INFO [2017-04-20 22:40:15] [1] 3000
INFO [2017-04-20 22:40:15] 
INFO [2017-04-20 22:40:15] [[1]]
INFO [2017-04-20 22:40:15] mylist_chimps_by_day
INFO [2017-04-20 22:40:15] 
INFO [2017-04-20 22:40:15] $filename
INFO [2017-04-20 22:40:15] NULL
INFO [2017-04-20 22:40:15] 
INFO [2017-04-20 22:40:15] $main
INFO [2017-04-20 22:40:15] [1] "DE genes across days in chimpanzees (5% FDR, global correction)"
INFO [2017-04-20 22:40:15] 
INFO [2017-04-20 22:40:15] $cex
INFO [2017-04-20 22:40:15] [1] 1.5
INFO [2017-04-20 22:40:15] 
INFO [2017-04-20 22:40:15] $fill
INFO [2017-04-20 22:40:15] pal[1:3]
INFO [2017-04-20 22:40:15] 
INFO [2017-04-20 22:40:15] $lty
INFO [2017-04-20 22:40:15] [1] 1
INFO [2017-04-20 22:40:15] 
INFO [2017-04-20 22:40:15] $height
INFO [2017-04-20 22:40:15] [1] 2000
INFO [2017-04-20 22:40:15] 
INFO [2017-04-20 22:40:15] $width
INFO [2017-04-20 22:40:15] [1] 3000
INFO [2017-04-20 22:40:15] 
INFO [2017-04-20 22:40:15] [[1]]
INFO [2017-04-20 22:40:15] mylist_interact
INFO [2017-04-20 22:40:15] 
INFO [2017-04-20 22:40:15] $filename
INFO [2017-04-20 22:40:15] NULL
INFO [2017-04-20 22:40:15] 
INFO [2017-04-20 22:40:15] $main
INFO [2017-04-20 22:40:15] [1] "Genes with a significant species-by-day interaction (5% FDR, global correction)"
INFO [2017-04-20 22:40:15] 
INFO [2017-04-20 22:40:15] $cex
INFO [2017-04-20 22:40:15] [1] 1.5
INFO [2017-04-20 22:40:15] 
INFO [2017-04-20 22:40:15] $fill
INFO [2017-04-20 22:40:15] pal[1:3]
INFO [2017-04-20 22:40:15] 
INFO [2017-04-20 22:40:15] $lty
INFO [2017-04-20 22:40:15] [1] 1
INFO [2017-04-20 22:40:15] 
INFO [2017-04-20 22:40:15] $height
INFO [2017-04-20 22:40:15] [1] 2000
INFO [2017-04-20 22:40:15] 
INFO [2017-04-20 22:40:15] $width
INFO [2017-04-20 22:40:15] [1] 3000
INFO [2017-04-20 22:40:15] 
