INFO [2017-03-28 20:49:01] [[1]]
INFO [2017-03-28 20:49:01] mylist
INFO [2017-03-28 20:49:01] 
INFO [2017-03-28 20:49:01] $filename
INFO [2017-03-28 20:49:01] NULL
INFO [2017-03-28 20:49:01] 
INFO [2017-03-28 20:49:01] $main
INFO [2017-03-28 20:49:01] [1] "DE genes between species per day (5% FDR, batch 1)"
INFO [2017-03-28 20:49:01] 
INFO [2017-03-28 20:49:01] $cex
INFO [2017-03-28 20:49:01] [1] 1.5
INFO [2017-03-28 20:49:01] 
INFO [2017-03-28 20:49:01] $fill
INFO [2017-03-28 20:49:01] pal[1:4]
INFO [2017-03-28 20:49:01] 
INFO [2017-03-28 20:49:01] $lty
INFO [2017-03-28 20:49:01] [1] 1
INFO [2017-03-28 20:49:01] 
INFO [2017-03-28 20:49:01] $height
INFO [2017-03-28 20:49:01] [1] 2000
INFO [2017-03-28 20:49:01] 
INFO [2017-03-28 20:49:01] $width
INFO [2017-03-28 20:49:01] [1] 3000
INFO [2017-03-28 20:49:01] 
INFO [2017-03-28 20:49:01] [[1]]
INFO [2017-03-28 20:49:01] mylist_humans_by_day
INFO [2017-03-28 20:49:01] 
INFO [2017-03-28 20:49:01] $filename
INFO [2017-03-28 20:49:01] NULL
INFO [2017-03-28 20:49:01] 
INFO [2017-03-28 20:49:01] $main
INFO [2017-03-28 20:49:01] [1] "DE genes across days in humans (5% FDR, batch 1)"
INFO [2017-03-28 20:49:01] 
INFO [2017-03-28 20:49:01] $cex
INFO [2017-03-28 20:49:01] [1] 1.5
INFO [2017-03-28 20:49:01] 
INFO [2017-03-28 20:49:01] $fill
INFO [2017-03-28 20:49:01] pal[1:3]
INFO [2017-03-28 20:49:01] 
INFO [2017-03-28 20:49:01] $lty
INFO [2017-03-28 20:49:01] [1] 1
INFO [2017-03-28 20:49:01] 
INFO [2017-03-28 20:49:01] $height
INFO [2017-03-28 20:49:01] [1] 2000
INFO [2017-03-28 20:49:01] 
INFO [2017-03-28 20:49:01] $width
INFO [2017-03-28 20:49:01] [1] 3000
INFO [2017-03-28 20:49:01] 
INFO [2017-03-28 20:49:01] [[1]]
INFO [2017-03-28 20:49:01] mylist_chimps_by_day
INFO [2017-03-28 20:49:01] 
INFO [2017-03-28 20:49:01] $filename
INFO [2017-03-28 20:49:01] NULL
INFO [2017-03-28 20:49:01] 
INFO [2017-03-28 20:49:01] $main
INFO [2017-03-28 20:49:01] [1] "DE genes across days in chimpanzees (5% FDR, batch 1)"
INFO [2017-03-28 20:49:01] 
INFO [2017-03-28 20:49:01] $cex
INFO [2017-03-28 20:49:01] [1] 1.5
INFO [2017-03-28 20:49:01] 
INFO [2017-03-28 20:49:01] $fill
INFO [2017-03-28 20:49:01] pal[1:3]
INFO [2017-03-28 20:49:01] 
INFO [2017-03-28 20:49:01] $lty
INFO [2017-03-28 20:49:01] [1] 1
INFO [2017-03-28 20:49:01] 
INFO [2017-03-28 20:49:01] $height
INFO [2017-03-28 20:49:01] [1] 2000
INFO [2017-03-28 20:49:01] 
INFO [2017-03-28 20:49:01] $width
INFO [2017-03-28 20:49:01] [1] 3000
INFO [2017-03-28 20:49:01] 
INFO [2017-03-28 20:49:01] [[1]]
INFO [2017-03-28 20:49:01] mylist_interact
INFO [2017-03-28 20:49:01] 
INFO [2017-03-28 20:49:01] $filename
INFO [2017-03-28 20:49:01] NULL
INFO [2017-03-28 20:49:01] 
INFO [2017-03-28 20:49:01] $main
INFO [2017-03-28 20:49:01] [1] "Genes with a significant species-by-day interaction (5% FDR, batch 1)"
INFO [2017-03-28 20:49:01] 
INFO [2017-03-28 20:49:01] $cex
INFO [2017-03-28 20:49:01] [1] 1.5
INFO [2017-03-28 20:49:01] 
INFO [2017-03-28 20:49:01] $fill
INFO [2017-03-28 20:49:01] pal[1:3]
INFO [2017-03-28 20:49:01] 
INFO [2017-03-28 20:49:01] $lty
INFO [2017-03-28 20:49:01] [1] 1
INFO [2017-03-28 20:49:01] 
INFO [2017-03-28 20:49:01] $height
INFO [2017-03-28 20:49:01] [1] 2000
INFO [2017-03-28 20:49:01] 
INFO [2017-03-28 20:49:01] $width
INFO [2017-03-28 20:49:01] [1] 3000
INFO [2017-03-28 20:49:01] 
