INFO [2017-03-28 20:49:27] [[1]]
INFO [2017-03-28 20:49:27] mylist_humans_by_day
INFO [2017-03-28 20:49:27] 
INFO [2017-03-28 20:49:27] $filename
INFO [2017-03-28 20:49:27] NULL
INFO [2017-03-28 20:49:27] 
INFO [2017-03-28 20:49:27] $main
INFO [2017-03-28 20:49:27] [1] "DE genes across days in humans (1% FDR, batch 2)"
INFO [2017-03-28 20:49:27] 
INFO [2017-03-28 20:49:27] $cex
INFO [2017-03-28 20:49:27] [1] 1.5
INFO [2017-03-28 20:49:27] 
INFO [2017-03-28 20:49:27] $fill
INFO [2017-03-28 20:49:27] pal[1:3]
INFO [2017-03-28 20:49:27] 
INFO [2017-03-28 20:49:27] $lty
INFO [2017-03-28 20:49:27] [1] 1
INFO [2017-03-28 20:49:27] 
INFO [2017-03-28 20:49:27] $height
INFO [2017-03-28 20:49:27] [1] 2000
INFO [2017-03-28 20:49:27] 
INFO [2017-03-28 20:49:27] $width
INFO [2017-03-28 20:49:27] [1] 3000
INFO [2017-03-28 20:49:27] 
INFO [2017-03-28 20:49:27] [[1]]
INFO [2017-03-28 20:49:27] mylist_chimps_by_day
INFO [2017-03-28 20:49:27] 
INFO [2017-03-28 20:49:27] $filename
INFO [2017-03-28 20:49:27] NULL
INFO [2017-03-28 20:49:27] 
INFO [2017-03-28 20:49:27] $main
INFO [2017-03-28 20:49:27] [1] "DE genes across days in chimpanzees (5% FDR, batch 2)"
INFO [2017-03-28 20:49:27] 
INFO [2017-03-28 20:49:27] $cex
INFO [2017-03-28 20:49:27] [1] 1.5
INFO [2017-03-28 20:49:27] 
INFO [2017-03-28 20:49:27] $fill
INFO [2017-03-28 20:49:27] pal[1:3]
INFO [2017-03-28 20:49:27] 
INFO [2017-03-28 20:49:27] $lty
INFO [2017-03-28 20:49:27] [1] 1
INFO [2017-03-28 20:49:27] 
INFO [2017-03-28 20:49:27] $height
INFO [2017-03-28 20:49:27] [1] 2000
INFO [2017-03-28 20:49:27] 
INFO [2017-03-28 20:49:27] $width
INFO [2017-03-28 20:49:27] [1] 3000
INFO [2017-03-28 20:49:27] 
INFO [2017-03-28 20:49:27] [[1]]
INFO [2017-03-28 20:49:27] mylist_interact
INFO [2017-03-28 20:49:27] 
INFO [2017-03-28 20:49:27] $filename
INFO [2017-03-28 20:49:27] NULL
INFO [2017-03-28 20:49:27] 
INFO [2017-03-28 20:49:27] $main
INFO [2017-03-28 20:49:27] [1] "Genes with a significant species-by-day interaction (5% FDR, batch 2)"
INFO [2017-03-28 20:49:27] 
INFO [2017-03-28 20:49:27] $cex
INFO [2017-03-28 20:49:27] [1] 1.5
INFO [2017-03-28 20:49:27] 
INFO [2017-03-28 20:49:27] $fill
INFO [2017-03-28 20:49:27] pal[1:3]
INFO [2017-03-28 20:49:27] 
INFO [2017-03-28 20:49:27] $lty
INFO [2017-03-28 20:49:27] [1] 1
INFO [2017-03-28 20:49:27] 
INFO [2017-03-28 20:49:27] $height
INFO [2017-03-28 20:49:27] [1] 2000
INFO [2017-03-28 20:49:27] 
INFO [2017-03-28 20:49:27] $width
INFO [2017-03-28 20:49:27] [1] 3000
INFO [2017-03-28 20:49:27] 
