INFO [2017-04-20 22:37:55] [[1]]
INFO [2017-04-20 22:37:55] mylist
INFO [2017-04-20 22:37:55] 
INFO [2017-04-20 22:37:55] $filename
INFO [2017-04-20 22:37:55] NULL
INFO [2017-04-20 22:37:55] 
INFO [2017-04-20 22:37:55] $main
INFO [2017-04-20 22:37:55] [1] "DE genes between species per day (1% FDR)"
INFO [2017-04-20 22:37:55] 
INFO [2017-04-20 22:37:55] $cex
INFO [2017-04-20 22:37:55] [1] 1.5
INFO [2017-04-20 22:37:55] 
INFO [2017-04-20 22:37:55] $fill
INFO [2017-04-20 22:37:55] pal[1:4]
INFO [2017-04-20 22:37:55] 
INFO [2017-04-20 22:37:55] $lty
INFO [2017-04-20 22:37:55] [1] 1
INFO [2017-04-20 22:37:55] 
INFO [2017-04-20 22:37:55] $height
INFO [2017-04-20 22:37:55] [1] 2000
INFO [2017-04-20 22:37:55] 
INFO [2017-04-20 22:37:55] $width
INFO [2017-04-20 22:37:55] [1] 3000
INFO [2017-04-20 22:37:55] 
INFO [2017-04-20 22:37:55] [[1]]
INFO [2017-04-20 22:37:55] mylist_humans_by_day
INFO [2017-04-20 22:37:55] 
INFO [2017-04-20 22:37:55] $filename
INFO [2017-04-20 22:37:55] NULL
INFO [2017-04-20 22:37:55] 
INFO [2017-04-20 22:37:55] $main
INFO [2017-04-20 22:37:55] [1] "DE genes across days in humans (1% FDR)"
INFO [2017-04-20 22:37:55] 
INFO [2017-04-20 22:37:55] $cex
INFO [2017-04-20 22:37:55] [1] 1.5
INFO [2017-04-20 22:37:55] 
INFO [2017-04-20 22:37:55] $fill
INFO [2017-04-20 22:37:55] pal[1:3]
INFO [2017-04-20 22:37:55] 
INFO [2017-04-20 22:37:55] $lty
INFO [2017-04-20 22:37:55] [1] 1
INFO [2017-04-20 22:37:55] 
INFO [2017-04-20 22:37:55] $height
INFO [2017-04-20 22:37:55] [1] 2000
INFO [2017-04-20 22:37:55] 
INFO [2017-04-20 22:37:55] $width
INFO [2017-04-20 22:37:55] [1] 3000
INFO [2017-04-20 22:37:55] 
