INFO [2017-04-16 23:05:27] [[1]]
INFO [2017-04-16 23:05:27] mylist
INFO [2017-04-16 23:05:27] 
INFO [2017-04-16 23:05:27] $filename
INFO [2017-04-16 23:05:27] NULL
INFO [2017-04-16 23:05:27] 
INFO [2017-04-16 23:05:27] $main
INFO [2017-04-16 23:05:27] [1] "DE genes between species per day (5% FDR, RPKM, 63 samples)"
INFO [2017-04-16 23:05:27] 
INFO [2017-04-16 23:05:27] $cex
INFO [2017-04-16 23:05:27] [1] 1.5
INFO [2017-04-16 23:05:27] 
INFO [2017-04-16 23:05:27] $fill
INFO [2017-04-16 23:05:27] pal[1:4]
INFO [2017-04-16 23:05:27] 
INFO [2017-04-16 23:05:27] $lty
INFO [2017-04-16 23:05:27] [1] 1
INFO [2017-04-16 23:05:27] 
INFO [2017-04-16 23:05:27] $height
INFO [2017-04-16 23:05:27] [1] 2000
INFO [2017-04-16 23:05:27] 
INFO [2017-04-16 23:05:27] $width
INFO [2017-04-16 23:05:27] [1] 3000
INFO [2017-04-16 23:05:27] 
