INFO [2017-04-02 19:11:54] [[1]]
INFO [2017-04-02 19:11:54] mylist
INFO [2017-04-02 19:11:54] 
INFO [2017-04-02 19:11:54] $filename
INFO [2017-04-02 19:11:54] NULL
INFO [2017-04-02 19:11:54] 
INFO [2017-04-02 19:11:54] $main
INFO [2017-04-02 19:11:54] [1] "DE genes between species per day (5% FDR)"
INFO [2017-04-02 19:11:54] 
INFO [2017-04-02 19:11:54] $cex
INFO [2017-04-02 19:11:54] [1] 1.5
INFO [2017-04-02 19:11:54] 
INFO [2017-04-02 19:11:54] $fill
INFO [2017-04-02 19:11:54] pal[1:4]
INFO [2017-04-02 19:11:54] 
INFO [2017-04-02 19:11:54] $lty
INFO [2017-04-02 19:11:54] [1] 1
INFO [2017-04-02 19:11:54] 
INFO [2017-04-02 19:11:54] $height
INFO [2017-04-02 19:11:54] [1] 2000
INFO [2017-04-02 19:11:54] 
INFO [2017-04-02 19:11:54] $width
INFO [2017-04-02 19:11:54] [1] 3000
INFO [2017-04-02 19:11:54] 
INFO [2017-04-02 19:11:54] [[1]]
INFO [2017-04-02 19:11:54] mylist_humans_by_day
INFO [2017-04-02 19:11:54] 
INFO [2017-04-02 19:11:54] $filename
INFO [2017-04-02 19:11:54] NULL
INFO [2017-04-02 19:11:54] 
INFO [2017-04-02 19:11:54] $main
INFO [2017-04-02 19:11:54] [1] "DE genes across days in humans (5% FDR)"
INFO [2017-04-02 19:11:54] 
INFO [2017-04-02 19:11:54] $cex
INFO [2017-04-02 19:11:54] [1] 1.5
INFO [2017-04-02 19:11:54] 
INFO [2017-04-02 19:11:54] $fill
INFO [2017-04-02 19:11:54] pal[1:3]
INFO [2017-04-02 19:11:54] 
INFO [2017-04-02 19:11:54] $lty
INFO [2017-04-02 19:11:54] [1] 1
INFO [2017-04-02 19:11:54] 
INFO [2017-04-02 19:11:54] $height
INFO [2017-04-02 19:11:54] [1] 2000
INFO [2017-04-02 19:11:54] 
INFO [2017-04-02 19:11:54] $width
INFO [2017-04-02 19:11:54] [1] 3000
INFO [2017-04-02 19:11:54] 
INFO [2017-04-02 19:11:54] [[1]]
INFO [2017-04-02 19:11:54] mylist_chimps_by_day
INFO [2017-04-02 19:11:54] 
INFO [2017-04-02 19:11:54] $filename
INFO [2017-04-02 19:11:54] NULL
INFO [2017-04-02 19:11:54] 
INFO [2017-04-02 19:11:54] $main
INFO [2017-04-02 19:11:54] [1] "DE genes across days in chimpanzees (5% FDR)"
INFO [2017-04-02 19:11:54] 
INFO [2017-04-02 19:11:54] $cex
INFO [2017-04-02 19:11:54] [1] 1.5
INFO [2017-04-02 19:11:54] 
INFO [2017-04-02 19:11:54] $fill
INFO [2017-04-02 19:11:54] pal[1:3]
INFO [2017-04-02 19:11:54] 
INFO [2017-04-02 19:11:54] $lty
INFO [2017-04-02 19:11:54] [1] 1
INFO [2017-04-02 19:11:54] 
INFO [2017-04-02 19:11:54] $height
INFO [2017-04-02 19:11:54] [1] 2000
INFO [2017-04-02 19:11:54] 
INFO [2017-04-02 19:11:54] $width
INFO [2017-04-02 19:11:54] [1] 3000
INFO [2017-04-02 19:11:54] 
