INFO [2017-04-16 18:35:54] [[1]]
INFO [2017-04-16 18:35:54] mylist
INFO [2017-04-16 18:35:54] 
INFO [2017-04-16 18:35:54] $filename
INFO [2017-04-16 18:35:54] NULL
INFO [2017-04-16 18:35:54] 
INFO [2017-04-16 18:35:54] $main
INFO [2017-04-16 18:35:54] [1] "DE genes between species per day (5% FDR, batch 2)"
INFO [2017-04-16 18:35:54] 
INFO [2017-04-16 18:35:54] $cex
INFO [2017-04-16 18:35:54] [1] 1.5
INFO [2017-04-16 18:35:54] 
INFO [2017-04-16 18:35:54] $fill
INFO [2017-04-16 18:35:54] pal[1:4]
INFO [2017-04-16 18:35:54] 
INFO [2017-04-16 18:35:54] $lty
INFO [2017-04-16 18:35:54] [1] 1
INFO [2017-04-16 18:35:54] 
INFO [2017-04-16 18:35:54] $height
INFO [2017-04-16 18:35:54] [1] 2000
INFO [2017-04-16 18:35:54] 
INFO [2017-04-16 18:35:54] $width
INFO [2017-04-16 18:35:54] [1] 3000
INFO [2017-04-16 18:35:54] 
