INFO [2017-01-24 11:48:06] [[1]]
INFO [2017-01-24 11:48:06] mylist
INFO [2017-01-24 11:48:06] 
INFO [2017-01-24 11:48:06] $filename
INFO [2017-01-24 11:48:06] NULL
INFO [2017-01-24 11:48:06] 
INFO [2017-01-24 11:48:06] $main
INFO [2017-01-24 11:48:06] [1] "Genes with significant species by day interactions (FDR< 5%)"
INFO [2017-01-24 11:48:06] 
INFO [2017-01-24 11:48:06] $cex
INFO [2017-01-24 11:48:06] [1] 1.5
INFO [2017-01-24 11:48:06] 
INFO [2017-01-24 11:48:06] $fill
INFO [2017-01-24 11:48:06] pal[1:3]
INFO [2017-01-24 11:48:06] 
INFO [2017-01-24 11:48:06] $lty
INFO [2017-01-24 11:48:06] [1] 1
INFO [2017-01-24 11:48:06] 
INFO [2017-01-24 11:48:06] $height
INFO [2017-01-24 11:48:06] [1] 2000
INFO [2017-01-24 11:48:06] 
INFO [2017-01-24 11:48:06] $width
INFO [2017-01-24 11:48:06] [1] 3000
INFO [2017-01-24 11:48:06] 
