INFO [2017-04-02 19:12:22] [[1]]
INFO [2017-04-02 19:12:22] mylist
INFO [2017-04-02 19:12:22] 
INFO [2017-04-02 19:12:22] $filename
INFO [2017-04-02 19:12:22] NULL
INFO [2017-04-02 19:12:22] 
INFO [2017-04-02 19:12:22] $main
INFO [2017-04-02 19:12:22] [1] "DE genes between species per day (5% FDR, batch 1)"
INFO [2017-04-02 19:12:22] 
INFO [2017-04-02 19:12:22] $cex
INFO [2017-04-02 19:12:22] [1] 1.5
INFO [2017-04-02 19:12:22] 
INFO [2017-04-02 19:12:22] $fill
INFO [2017-04-02 19:12:22] pal[1:4]
INFO [2017-04-02 19:12:22] 
INFO [2017-04-02 19:12:22] $lty
INFO [2017-04-02 19:12:22] [1] 1
INFO [2017-04-02 19:12:22] 
INFO [2017-04-02 19:12:22] $height
INFO [2017-04-02 19:12:22] [1] 2000
INFO [2017-04-02 19:12:22] 
INFO [2017-04-02 19:12:22] $width
INFO [2017-04-02 19:12:22] [1] 3000
INFO [2017-04-02 19:12:22] 
INFO [2017-04-02 19:12:22] [[1]]
INFO [2017-04-02 19:12:22] mylist_humans_by_day
INFO [2017-04-02 19:12:22] 
INFO [2017-04-02 19:12:22] $filename
INFO [2017-04-02 19:12:22] NULL
INFO [2017-04-02 19:12:22] 
INFO [2017-04-02 19:12:22] $main
INFO [2017-04-02 19:12:22] [1] "DE genes across days in humans (5% FDR, batch 1)"
INFO [2017-04-02 19:12:22] 
INFO [2017-04-02 19:12:22] $cex
INFO [2017-04-02 19:12:22] [1] 1.5
INFO [2017-04-02 19:12:22] 
INFO [2017-04-02 19:12:22] $fill
INFO [2017-04-02 19:12:22] pal[1:3]
INFO [2017-04-02 19:12:22] 
INFO [2017-04-02 19:12:22] $lty
INFO [2017-04-02 19:12:22] [1] 1
INFO [2017-04-02 19:12:22] 
INFO [2017-04-02 19:12:22] $height
INFO [2017-04-02 19:12:22] [1] 2000
INFO [2017-04-02 19:12:22] 
INFO [2017-04-02 19:12:22] $width
INFO [2017-04-02 19:12:22] [1] 3000
INFO [2017-04-02 19:12:22] 
INFO [2017-04-02 19:12:22] [[1]]
INFO [2017-04-02 19:12:22] mylist_chimps_by_day
INFO [2017-04-02 19:12:22] 
INFO [2017-04-02 19:12:22] $filename
INFO [2017-04-02 19:12:22] NULL
INFO [2017-04-02 19:12:22] 
INFO [2017-04-02 19:12:22] $main
INFO [2017-04-02 19:12:22] [1] "DE genes across days in chimpanzees (5% FDR, batch 1)"
INFO [2017-04-02 19:12:22] 
INFO [2017-04-02 19:12:22] $cex
INFO [2017-04-02 19:12:22] [1] 1.5
INFO [2017-04-02 19:12:22] 
INFO [2017-04-02 19:12:22] $fill
INFO [2017-04-02 19:12:22] pal[1:3]
INFO [2017-04-02 19:12:22] 
INFO [2017-04-02 19:12:22] $lty
INFO [2017-04-02 19:12:22] [1] 1
INFO [2017-04-02 19:12:22] 
INFO [2017-04-02 19:12:22] $height
INFO [2017-04-02 19:12:22] [1] 2000
INFO [2017-04-02 19:12:22] 
INFO [2017-04-02 19:12:22] $width
INFO [2017-04-02 19:12:22] [1] 3000
INFO [2017-04-02 19:12:22] 
