INFO [2017-04-20 22:40:14] [[1]]
INFO [2017-04-20 22:40:14] mylist
INFO [2017-04-20 22:40:14] 
INFO [2017-04-20 22:40:14] $filename
INFO [2017-04-20 22:40:14] NULL
INFO [2017-04-20 22:40:14] 
INFO [2017-04-20 22:40:14] $main
INFO [2017-04-20 22:40:14] [1] "DE genes between species per day (5% FDR, global correction)"
INFO [2017-04-20 22:40:14] 
INFO [2017-04-20 22:40:14] $cex
INFO [2017-04-20 22:40:14] [1] 1.5
INFO [2017-04-20 22:40:14] 
INFO [2017-04-20 22:40:14] $fill
INFO [2017-04-20 22:40:14] pal[1:4]
INFO [2017-04-20 22:40:14] 
INFO [2017-04-20 22:40:14] $lty
INFO [2017-04-20 22:40:14] [1] 1
INFO [2017-04-20 22:40:14] 
INFO [2017-04-20 22:40:14] $height
INFO [2017-04-20 22:40:14] [1] 2000
INFO [2017-04-20 22:40:14] 
INFO [2017-04-20 22:40:14] $width
INFO [2017-04-20 22:40:14] [1] 3000
INFO [2017-04-20 22:40:14] 
