INFO [2017-04-20 22:38:46] [[1]]
INFO [2017-04-20 22:38:46] mylist_interact
INFO [2017-04-20 22:38:46] 
INFO [2017-04-20 22:38:46] $filename
INFO [2017-04-20 22:38:46] NULL
INFO [2017-04-20 22:38:46] 
INFO [2017-04-20 22:38:46] $main
INFO [2017-04-20 22:38:46] [1] "Genes with a significant species-by-day interaction (5% FDR, batch 2)"
INFO [2017-04-20 22:38:46] 
INFO [2017-04-20 22:38:46] $cex
INFO [2017-04-20 22:38:46] [1] 1.5
INFO [2017-04-20 22:38:46] 
INFO [2017-04-20 22:38:46] $fill
INFO [2017-04-20 22:38:46] pal[1:3]
INFO [2017-04-20 22:38:46] 
INFO [2017-04-20 22:38:46] $lty
INFO [2017-04-20 22:38:46] [1] 1
INFO [2017-04-20 22:38:46] 
INFO [2017-04-20 22:38:46] $height
INFO [2017-04-20 22:38:46] [1] 2000
INFO [2017-04-20 22:38:46] 
INFO [2017-04-20 22:38:46] $width
INFO [2017-04-20 22:38:46] [1] 3000
INFO [2017-04-20 22:38:46] 
