INFO [2017-03-28 20:48:33] [[1]]
INFO [2017-03-28 20:48:33] mylist
INFO [2017-03-28 20:48:33] 
INFO [2017-03-28 20:48:33] $filename
INFO [2017-03-28 20:48:33] NULL
INFO [2017-03-28 20:48:33] 
INFO [2017-03-28 20:48:33] $main
INFO [2017-03-28 20:48:33] [1] "DE genes between species per day (5% FDR)"
INFO [2017-03-28 20:48:33] 
INFO [2017-03-28 20:48:33] $cex
INFO [2017-03-28 20:48:33] [1] 1.5
INFO [2017-03-28 20:48:33] 
INFO [2017-03-28 20:48:33] $fill
INFO [2017-03-28 20:48:33] pal[1:4]
INFO [2017-03-28 20:48:33] 
INFO [2017-03-28 20:48:33] $lty
INFO [2017-03-28 20:48:33] [1] 1
INFO [2017-03-28 20:48:33] 
INFO [2017-03-28 20:48:33] $height
INFO [2017-03-28 20:48:33] [1] 2000
INFO [2017-03-28 20:48:33] 
INFO [2017-03-28 20:48:33] $width
INFO [2017-03-28 20:48:33] [1] 3000
INFO [2017-03-28 20:48:33] 
