INFO [2017-04-20 22:38:20] [[1]]
INFO [2017-04-20 22:38:20] mylist
INFO [2017-04-20 22:38:20] 
INFO [2017-04-20 22:38:20] $filename
INFO [2017-04-20 22:38:20] NULL
INFO [2017-04-20 22:38:20] 
INFO [2017-04-20 22:38:20] $main
INFO [2017-04-20 22:38:20] [1] "DE genes between species per day (5% FDR, batch 1)"
INFO [2017-04-20 22:38:20] 
INFO [2017-04-20 22:38:20] $cex
INFO [2017-04-20 22:38:20] [1] 1.5
INFO [2017-04-20 22:38:20] 
INFO [2017-04-20 22:38:20] $fill
INFO [2017-04-20 22:38:20] pal[1:4]
INFO [2017-04-20 22:38:20] 
INFO [2017-04-20 22:38:20] $lty
INFO [2017-04-20 22:38:20] [1] 1
INFO [2017-04-20 22:38:20] 
INFO [2017-04-20 22:38:20] $height
INFO [2017-04-20 22:38:20] [1] 2000
INFO [2017-04-20 22:38:20] 
INFO [2017-04-20 22:38:20] $width
INFO [2017-04-20 22:38:20] [1] 3000
INFO [2017-04-20 22:38:20] 
INFO [2017-04-20 22:38:20] [[1]]
INFO [2017-04-20 22:38:20] mylist_humans_by_day
INFO [2017-04-20 22:38:20] 
INFO [2017-04-20 22:38:20] $filename
INFO [2017-04-20 22:38:20] NULL
INFO [2017-04-20 22:38:20] 
INFO [2017-04-20 22:38:20] $main
INFO [2017-04-20 22:38:20] [1] "DE genes across days in humans (5% FDR, batch 1)"
INFO [2017-04-20 22:38:20] 
INFO [2017-04-20 22:38:20] $cex
INFO [2017-04-20 22:38:20] [1] 1.5
INFO [2017-04-20 22:38:20] 
INFO [2017-04-20 22:38:20] $fill
INFO [2017-04-20 22:38:20] pal[1:3]
INFO [2017-04-20 22:38:20] 
INFO [2017-04-20 22:38:20] $lty
INFO [2017-04-20 22:38:20] [1] 1
INFO [2017-04-20 22:38:20] 
INFO [2017-04-20 22:38:20] $height
INFO [2017-04-20 22:38:20] [1] 2000
INFO [2017-04-20 22:38:20] 
INFO [2017-04-20 22:38:20] $width
INFO [2017-04-20 22:38:20] [1] 3000
INFO [2017-04-20 22:38:20] 
INFO [2017-04-20 22:38:20] [[1]]
INFO [2017-04-20 22:38:20] mylist_chimps_by_day
INFO [2017-04-20 22:38:20] 
INFO [2017-04-20 22:38:20] $filename
INFO [2017-04-20 22:38:20] NULL
INFO [2017-04-20 22:38:20] 
INFO [2017-04-20 22:38:20] $main
INFO [2017-04-20 22:38:20] [1] "DE genes across days in chimpanzees (5% FDR, batch 1)"
INFO [2017-04-20 22:38:20] 
INFO [2017-04-20 22:38:20] $cex
INFO [2017-04-20 22:38:20] [1] 1.5
INFO [2017-04-20 22:38:20] 
INFO [2017-04-20 22:38:20] $fill
INFO [2017-04-20 22:38:20] pal[1:3]
INFO [2017-04-20 22:38:20] 
INFO [2017-04-20 22:38:20] $lty
INFO [2017-04-20 22:38:20] [1] 1
INFO [2017-04-20 22:38:20] 
INFO [2017-04-20 22:38:20] $height
INFO [2017-04-20 22:38:20] [1] 2000
INFO [2017-04-20 22:38:20] 
INFO [2017-04-20 22:38:20] $width
INFO [2017-04-20 22:38:20] [1] 3000
INFO [2017-04-20 22:38:20] 
