INFO [2017-04-02 18:51:17] [[1]]
INFO [2017-04-02 18:51:17] mylist
INFO [2017-04-02 18:51:17] 
INFO [2017-04-02 18:51:17] $filename
INFO [2017-04-02 18:51:17] NULL
INFO [2017-04-02 18:51:17] 
INFO [2017-04-02 18:51:17] $main
INFO [2017-04-02 18:51:17] [1] "DE genes between species per day (5% FDR)"
INFO [2017-04-02 18:51:17] 
INFO [2017-04-02 18:51:17] $cex
INFO [2017-04-02 18:51:17] [1] 1.5
INFO [2017-04-02 18:51:17] 
INFO [2017-04-02 18:51:17] $fill
INFO [2017-04-02 18:51:17] pal[1:4]
INFO [2017-04-02 18:51:17] 
INFO [2017-04-02 18:51:17] $lty
INFO [2017-04-02 18:51:17] [1] 1
INFO [2017-04-02 18:51:17] 
INFO [2017-04-02 18:51:17] $height
INFO [2017-04-02 18:51:17] [1] 2000
INFO [2017-04-02 18:51:17] 
INFO [2017-04-02 18:51:17] $width
INFO [2017-04-02 18:51:17] [1] 3000
INFO [2017-04-02 18:51:17] 
INFO [2017-04-02 18:51:17] [[1]]
INFO [2017-04-02 18:51:17] mylist_humans_by_day
INFO [2017-04-02 18:51:17] 
INFO [2017-04-02 18:51:17] $filename
INFO [2017-04-02 18:51:17] NULL
INFO [2017-04-02 18:51:17] 
INFO [2017-04-02 18:51:17] $main
INFO [2017-04-02 18:51:17] [1] "DE genes across days in humans (5% FDR)"
INFO [2017-04-02 18:51:17] 
INFO [2017-04-02 18:51:17] $cex
INFO [2017-04-02 18:51:17] [1] 1.5
INFO [2017-04-02 18:51:17] 
INFO [2017-04-02 18:51:17] $fill
INFO [2017-04-02 18:51:17] pal[1:3]
INFO [2017-04-02 18:51:17] 
INFO [2017-04-02 18:51:17] $lty
INFO [2017-04-02 18:51:17] [1] 1
INFO [2017-04-02 18:51:17] 
INFO [2017-04-02 18:51:17] $height
INFO [2017-04-02 18:51:17] [1] 2000
INFO [2017-04-02 18:51:17] 
INFO [2017-04-02 18:51:17] $width
INFO [2017-04-02 18:51:17] [1] 3000
INFO [2017-04-02 18:51:17] 
