INFO [2017-03-28 20:49:51] [[1]]
INFO [2017-03-28 20:49:51] mylist
INFO [2017-03-28 20:49:51] 
INFO [2017-03-28 20:49:51] $filename
INFO [2017-03-28 20:49:51] NULL
INFO [2017-03-28 20:49:51] 
INFO [2017-03-28 20:49:51] $main
INFO [2017-03-28 20:49:51] [1] "DE genes between species per day (5% FDR, batch 2)"
INFO [2017-03-28 20:49:51] 
INFO [2017-03-28 20:49:51] $cex
INFO [2017-03-28 20:49:51] [1] 1.5
INFO [2017-03-28 20:49:51] 
INFO [2017-03-28 20:49:51] $fill
INFO [2017-03-28 20:49:51] pal[1:4]
INFO [2017-03-28 20:49:51] 
INFO [2017-03-28 20:49:51] $lty
INFO [2017-03-28 20:49:51] [1] 1
INFO [2017-03-28 20:49:51] 
INFO [2017-03-28 20:49:51] $height
INFO [2017-03-28 20:49:51] [1] 2000
INFO [2017-03-28 20:49:51] 
INFO [2017-03-28 20:49:51] $width
INFO [2017-03-28 20:49:51] [1] 3000
INFO [2017-03-28 20:49:51] 
