INFO [2017-03-28 21:06:31] [[1]]
INFO [2017-03-28 21:06:31] mylist
INFO [2017-03-28 21:06:31] 
INFO [2017-03-28 21:06:31] $filename
INFO [2017-03-28 21:06:31] NULL
INFO [2017-03-28 21:06:31] 
INFO [2017-03-28 21:06:31] $main
INFO [2017-03-28 21:06:31] [1] "DE genes between species per day (5% FDR, batch 1)"
INFO [2017-03-28 21:06:31] 
INFO [2017-03-28 21:06:31] $cex
INFO [2017-03-28 21:06:31] [1] 1.5
INFO [2017-03-28 21:06:31] 
INFO [2017-03-28 21:06:31] $fill
INFO [2017-03-28 21:06:31] pal[1:4]
INFO [2017-03-28 21:06:31] 
INFO [2017-03-28 21:06:31] $lty
INFO [2017-03-28 21:06:31] [1] 1
INFO [2017-03-28 21:06:31] 
INFO [2017-03-28 21:06:31] $height
INFO [2017-03-28 21:06:31] [1] 2000
INFO [2017-03-28 21:06:31] 
INFO [2017-03-28 21:06:31] $width
INFO [2017-03-28 21:06:31] [1] 3000
INFO [2017-03-28 21:06:31] 
INFO [2017-03-28 21:06:31] [[1]]
INFO [2017-03-28 21:06:31] mylist_humans_by_day
INFO [2017-03-28 21:06:31] 
INFO [2017-03-28 21:06:31] $filename
INFO [2017-03-28 21:06:31] NULL
INFO [2017-03-28 21:06:31] 
INFO [2017-03-28 21:06:31] $main
INFO [2017-03-28 21:06:31] [1] "DE genes across days in humans (5% FDR, batch 1)"
INFO [2017-03-28 21:06:31] 
INFO [2017-03-28 21:06:31] $cex
INFO [2017-03-28 21:06:31] [1] 1.5
INFO [2017-03-28 21:06:31] 
INFO [2017-03-28 21:06:31] $fill
INFO [2017-03-28 21:06:31] pal[1:3]
INFO [2017-03-28 21:06:31] 
INFO [2017-03-28 21:06:31] $lty
INFO [2017-03-28 21:06:31] [1] 1
INFO [2017-03-28 21:06:31] 
INFO [2017-03-28 21:06:31] $height
INFO [2017-03-28 21:06:31] [1] 2000
INFO [2017-03-28 21:06:31] 
INFO [2017-03-28 21:06:31] $width
INFO [2017-03-28 21:06:31] [1] 3000
INFO [2017-03-28 21:06:31] 
