INFO [2017-03-28 20:56:29] [[1]]
INFO [2017-03-28 20:56:29] mylist_humans_by_day
INFO [2017-03-28 20:56:29] 
INFO [2017-03-28 20:56:29] $filename
INFO [2017-03-28 20:56:29] NULL
INFO [2017-03-28 20:56:29] 
INFO [2017-03-28 20:56:29] $main
INFO [2017-03-28 20:56:29] [1] "DE genes across days in humans (5% FDR)"
INFO [2017-03-28 20:56:29] 
INFO [2017-03-28 20:56:29] $cex
INFO [2017-03-28 20:56:29] [1] 1.5
INFO [2017-03-28 20:56:29] 
INFO [2017-03-28 20:56:29] $fill
INFO [2017-03-28 20:56:29] pal[1:3]
INFO [2017-03-28 20:56:29] 
INFO [2017-03-28 20:56:29] $lty
INFO [2017-03-28 20:56:29] [1] 1
INFO [2017-03-28 20:56:29] 
INFO [2017-03-28 20:56:29] $height
INFO [2017-03-28 20:56:29] [1] 2000
INFO [2017-03-28 20:56:29] 
INFO [2017-03-28 20:56:29] $width
INFO [2017-03-28 20:56:29] [1] 3000
INFO [2017-03-28 20:56:29] 
INFO [2017-03-28 20:56:29] [[1]]
INFO [2017-03-28 20:56:29] mylist_chimps_by_day
INFO [2017-03-28 20:56:29] 
INFO [2017-03-28 20:56:29] $filename
INFO [2017-03-28 20:56:29] NULL
INFO [2017-03-28 20:56:29] 
INFO [2017-03-28 20:56:29] $main
INFO [2017-03-28 20:56:29] [1] "DE genes across days in chimpanzees (5% FDR)"
INFO [2017-03-28 20:56:29] 
INFO [2017-03-28 20:56:29] $cex
INFO [2017-03-28 20:56:29] [1] 1.5
INFO [2017-03-28 20:56:29] 
INFO [2017-03-28 20:56:29] $fill
INFO [2017-03-28 20:56:29] pal[1:3]
INFO [2017-03-28 20:56:29] 
INFO [2017-03-28 20:56:29] $lty
INFO [2017-03-28 20:56:29] [1] 1
INFO [2017-03-28 20:56:29] 
INFO [2017-03-28 20:56:29] $height
INFO [2017-03-28 20:56:29] [1] 2000
INFO [2017-03-28 20:56:29] 
INFO [2017-03-28 20:56:29] $width
INFO [2017-03-28 20:56:29] [1] 3000
INFO [2017-03-28 20:56:29] 
INFO [2017-03-28 20:56:29] [[1]]
INFO [2017-03-28 20:56:29] mylist_interact
INFO [2017-03-28 20:56:29] 
INFO [2017-03-28 20:56:29] $filename
INFO [2017-03-28 20:56:29] NULL
INFO [2017-03-28 20:56:29] 
INFO [2017-03-28 20:56:29] $main
INFO [2017-03-28 20:56:29] [1] "Genes with a significant species-by-day interaction (5% FDR)"
INFO [2017-03-28 20:56:29] 
INFO [2017-03-28 20:56:29] $cex
INFO [2017-03-28 20:56:29] [1] 1.5
INFO [2017-03-28 20:56:29] 
INFO [2017-03-28 20:56:29] $fill
INFO [2017-03-28 20:56:29] pal[1:3]
INFO [2017-03-28 20:56:29] 
INFO [2017-03-28 20:56:29] $lty
INFO [2017-03-28 20:56:29] [1] 1
INFO [2017-03-28 20:56:29] 
INFO [2017-03-28 20:56:29] $height
INFO [2017-03-28 20:56:29] [1] 2000
INFO [2017-03-28 20:56:29] 
INFO [2017-03-28 20:56:29] $width
INFO [2017-03-28 20:56:29] [1] 3000
INFO [2017-03-28 20:56:29] 
