INFO [2017-04-02 19:12:50] [[1]]
INFO [2017-04-02 19:12:50] mylist_interact
INFO [2017-04-02 19:12:50] 
INFO [2017-04-02 19:12:50] $filename
INFO [2017-04-02 19:12:50] NULL
INFO [2017-04-02 19:12:50] 
INFO [2017-04-02 19:12:50] $main
INFO [2017-04-02 19:12:50] [1] "Genes with a significant species-by-day interaction (5% FDR, batch 2)"
INFO [2017-04-02 19:12:50] 
INFO [2017-04-02 19:12:50] $cex
INFO [2017-04-02 19:12:50] [1] 1.5
INFO [2017-04-02 19:12:50] 
INFO [2017-04-02 19:12:50] $fill
INFO [2017-04-02 19:12:50] pal[1:3]
INFO [2017-04-02 19:12:50] 
INFO [2017-04-02 19:12:50] $lty
INFO [2017-04-02 19:12:50] [1] 1
INFO [2017-04-02 19:12:50] 
INFO [2017-04-02 19:12:50] $height
INFO [2017-04-02 19:12:50] [1] 2000
INFO [2017-04-02 19:12:50] 
INFO [2017-04-02 19:12:50] $width
INFO [2017-04-02 19:12:50] [1] 3000
INFO [2017-04-02 19:12:50] 
