INFO [2017-03-28 20:48:37] [[1]]
INFO [2017-03-28 20:48:37] mylist
INFO [2017-03-28 20:48:37] 
INFO [2017-03-28 20:48:37] $filename
INFO [2017-03-28 20:48:37] NULL
INFO [2017-03-28 20:48:37] 
INFO [2017-03-28 20:48:37] $main
INFO [2017-03-28 20:48:37] [1] "DE genes between species per day (10% FDR)"
INFO [2017-03-28 20:48:37] 
INFO [2017-03-28 20:48:37] $cex
INFO [2017-03-28 20:48:37] [1] 1.5
INFO [2017-03-28 20:48:37] 
INFO [2017-03-28 20:48:37] $fill
INFO [2017-03-28 20:48:37] pal[1:4]
INFO [2017-03-28 20:48:37] 
INFO [2017-03-28 20:48:37] $lty
INFO [2017-03-28 20:48:37] [1] 1
INFO [2017-03-28 20:48:37] 
INFO [2017-03-28 20:48:37] $height
INFO [2017-03-28 20:48:37] [1] 2000
INFO [2017-03-28 20:48:37] 
INFO [2017-03-28 20:48:37] $width
INFO [2017-03-28 20:48:37] [1] 3000
INFO [2017-03-28 20:48:37] 
INFO [2017-03-28 20:48:37] [[1]]
INFO [2017-03-28 20:48:37] mylist_humans_by_day
INFO [2017-03-28 20:48:37] 
INFO [2017-03-28 20:48:37] $filename
INFO [2017-03-28 20:48:37] NULL
INFO [2017-03-28 20:48:37] 
INFO [2017-03-28 20:48:37] $main
INFO [2017-03-28 20:48:37] [1] "DE genes across days in humans (1% FDR)"
INFO [2017-03-28 20:48:37] 
INFO [2017-03-28 20:48:37] $cex
INFO [2017-03-28 20:48:37] [1] 1.5
INFO [2017-03-28 20:48:37] 
INFO [2017-03-28 20:48:37] $fill
INFO [2017-03-28 20:48:37] pal[1:3]
INFO [2017-03-28 20:48:37] 
INFO [2017-03-28 20:48:37] $lty
INFO [2017-03-28 20:48:37] [1] 1
INFO [2017-03-28 20:48:37] 
INFO [2017-03-28 20:48:37] $height
INFO [2017-03-28 20:48:37] [1] 2000
INFO [2017-03-28 20:48:37] 
INFO [2017-03-28 20:48:37] $width
INFO [2017-03-28 20:48:37] [1] 3000
INFO [2017-03-28 20:48:37] 
