INFO [2017-04-02 19:11:57] [[1]]
INFO [2017-04-02 19:11:57] mylist_interact
INFO [2017-04-02 19:11:57] 
INFO [2017-04-02 19:11:57] $filename
INFO [2017-04-02 19:11:57] NULL
INFO [2017-04-02 19:11:57] 
INFO [2017-04-02 19:11:57] $main
INFO [2017-04-02 19:11:57] [1] "Genes with a significant species-by-day interaction (1% FDR)"
INFO [2017-04-02 19:11:57] 
INFO [2017-04-02 19:11:57] $cex
INFO [2017-04-02 19:11:57] [1] 1.5
INFO [2017-04-02 19:11:57] 
INFO [2017-04-02 19:11:57] $fill
INFO [2017-04-02 19:11:57] pal[1:3]
INFO [2017-04-02 19:11:57] 
INFO [2017-04-02 19:11:57] $lty
INFO [2017-04-02 19:11:57] [1] 1
INFO [2017-04-02 19:11:57] 
INFO [2017-04-02 19:11:57] $height
INFO [2017-04-02 19:11:57] [1] 2000
INFO [2017-04-02 19:11:57] 
INFO [2017-04-02 19:11:57] $width
INFO [2017-04-02 19:11:57] [1] 3000
INFO [2017-04-02 19:11:57] 
INFO [2017-04-02 19:11:57] [[1]]
INFO [2017-04-02 19:11:57] mylist
INFO [2017-04-02 19:11:57] 
INFO [2017-04-02 19:11:57] $filename
INFO [2017-04-02 19:11:57] NULL
INFO [2017-04-02 19:11:57] 
INFO [2017-04-02 19:11:57] $main
INFO [2017-04-02 19:11:57] [1] "DE genes between species per day (10% FDR)"
INFO [2017-04-02 19:11:57] 
INFO [2017-04-02 19:11:57] $cex
INFO [2017-04-02 19:11:57] [1] 1.5
INFO [2017-04-02 19:11:57] 
INFO [2017-04-02 19:11:57] $fill
INFO [2017-04-02 19:11:57] pal[1:4]
INFO [2017-04-02 19:11:57] 
INFO [2017-04-02 19:11:57] $lty
INFO [2017-04-02 19:11:57] [1] 1
INFO [2017-04-02 19:11:57] 
INFO [2017-04-02 19:11:57] $height
INFO [2017-04-02 19:11:57] [1] 2000
INFO [2017-04-02 19:11:57] 
INFO [2017-04-02 19:11:57] $width
INFO [2017-04-02 19:11:57] [1] 3000
INFO [2017-04-02 19:11:57] 
