INFO [2017-03-28 20:56:31] [[1]]
INFO [2017-03-28 20:56:31] mylist_humans_by_day
INFO [2017-03-28 20:56:31] 
INFO [2017-03-28 20:56:31] $filename
INFO [2017-03-28 20:56:31] NULL
INFO [2017-03-28 20:56:31] 
INFO [2017-03-28 20:56:31] $main
INFO [2017-03-28 20:56:31] [1] "DE genes across days in humans (1% FDR)"
INFO [2017-03-28 20:56:31] 
INFO [2017-03-28 20:56:31] $cex
INFO [2017-03-28 20:56:31] [1] 1.5
INFO [2017-03-28 20:56:31] 
INFO [2017-03-28 20:56:31] $fill
INFO [2017-03-28 20:56:31] pal[1:3]
INFO [2017-03-28 20:56:31] 
INFO [2017-03-28 20:56:31] $lty
INFO [2017-03-28 20:56:31] [1] 1
INFO [2017-03-28 20:56:31] 
INFO [2017-03-28 20:56:31] $height
INFO [2017-03-28 20:56:31] [1] 2000
INFO [2017-03-28 20:56:31] 
INFO [2017-03-28 20:56:31] $width
INFO [2017-03-28 20:56:31] [1] 3000
INFO [2017-03-28 20:56:31] 
INFO [2017-03-28 20:56:31] [[1]]
INFO [2017-03-28 20:56:31] mylist_chimps_by_day
INFO [2017-03-28 20:56:31] 
INFO [2017-03-28 20:56:31] $filename
INFO [2017-03-28 20:56:31] NULL
INFO [2017-03-28 20:56:31] 
INFO [2017-03-28 20:56:31] $main
INFO [2017-03-28 20:56:31] [1] "DE genes across days in chimpanzees (1% FDR)"
INFO [2017-03-28 20:56:31] 
INFO [2017-03-28 20:56:31] $cex
INFO [2017-03-28 20:56:31] [1] 1.5
INFO [2017-03-28 20:56:31] 
INFO [2017-03-28 20:56:31] $fill
INFO [2017-03-28 20:56:31] pal[1:3]
INFO [2017-03-28 20:56:31] 
INFO [2017-03-28 20:56:31] $lty
INFO [2017-03-28 20:56:31] [1] 1
INFO [2017-03-28 20:56:31] 
INFO [2017-03-28 20:56:31] $height
INFO [2017-03-28 20:56:31] [1] 2000
INFO [2017-03-28 20:56:31] 
INFO [2017-03-28 20:56:31] $width
INFO [2017-03-28 20:56:31] [1] 3000
INFO [2017-03-28 20:56:31] 
INFO [2017-03-28 20:56:31] [[1]]
INFO [2017-03-28 20:56:31] mylist_interact
INFO [2017-03-28 20:56:31] 
INFO [2017-03-28 20:56:31] $filename
INFO [2017-03-28 20:56:31] NULL
INFO [2017-03-28 20:56:31] 
INFO [2017-03-28 20:56:31] $main
INFO [2017-03-28 20:56:31] [1] "Genes with a significant species-by-day interaction (1% FDR)"
INFO [2017-03-28 20:56:31] 
INFO [2017-03-28 20:56:31] $cex
INFO [2017-03-28 20:56:31] [1] 1.5
INFO [2017-03-28 20:56:31] 
INFO [2017-03-28 20:56:31] $fill
INFO [2017-03-28 20:56:31] pal[1:3]
INFO [2017-03-28 20:56:31] 
INFO [2017-03-28 20:56:31] $lty
INFO [2017-03-28 20:56:31] [1] 1
INFO [2017-03-28 20:56:31] 
INFO [2017-03-28 20:56:31] $height
INFO [2017-03-28 20:56:31] [1] 2000
INFO [2017-03-28 20:56:31] 
INFO [2017-03-28 20:56:31] $width
INFO [2017-03-28 20:56:31] [1] 3000
INFO [2017-03-28 20:56:31] 
