INFO [2017-03-28 20:56:32] [[1]]
INFO [2017-03-28 20:56:32] mylist
INFO [2017-03-28 20:56:32] 
INFO [2017-03-28 20:56:32] $filename
INFO [2017-03-28 20:56:32] NULL
INFO [2017-03-28 20:56:32] 
INFO [2017-03-28 20:56:32] $main
INFO [2017-03-28 20:56:32] [1] "DE genes between species per day (10% FDR)"
INFO [2017-03-28 20:56:32] 
INFO [2017-03-28 20:56:32] $cex
INFO [2017-03-28 20:56:32] [1] 1.5
INFO [2017-03-28 20:56:32] 
INFO [2017-03-28 20:56:32] $fill
INFO [2017-03-28 20:56:32] pal[1:4]
INFO [2017-03-28 20:56:32] 
INFO [2017-03-28 20:56:32] $lty
INFO [2017-03-28 20:56:32] [1] 1
INFO [2017-03-28 20:56:32] 
INFO [2017-03-28 20:56:32] $height
INFO [2017-03-28 20:56:32] [1] 2000
INFO [2017-03-28 20:56:32] 
INFO [2017-03-28 20:56:32] $width
INFO [2017-03-28 20:56:32] [1] 3000
INFO [2017-03-28 20:56:32] 
INFO [2017-03-28 20:56:32] [[1]]
INFO [2017-03-28 20:56:32] mylist_humans_by_day
INFO [2017-03-28 20:56:32] 
INFO [2017-03-28 20:56:32] $filename
INFO [2017-03-28 20:56:32] NULL
INFO [2017-03-28 20:56:32] 
INFO [2017-03-28 20:56:32] $main
INFO [2017-03-28 20:56:32] [1] "DE genes across days in humans (1% FDR)"
INFO [2017-03-28 20:56:32] 
INFO [2017-03-28 20:56:32] $cex
INFO [2017-03-28 20:56:32] [1] 1.5
INFO [2017-03-28 20:56:32] 
INFO [2017-03-28 20:56:32] $fill
INFO [2017-03-28 20:56:32] pal[1:3]
INFO [2017-03-28 20:56:32] 
INFO [2017-03-28 20:56:32] $lty
INFO [2017-03-28 20:56:32] [1] 1
INFO [2017-03-28 20:56:32] 
INFO [2017-03-28 20:56:32] $height
INFO [2017-03-28 20:56:32] [1] 2000
INFO [2017-03-28 20:56:32] 
INFO [2017-03-28 20:56:32] $width
INFO [2017-03-28 20:56:32] [1] 3000
INFO [2017-03-28 20:56:32] 
