INFO [2017-03-28 21:06:04] [[1]]
INFO [2017-03-28 21:06:04] mylist_chimps_by_day
INFO [2017-03-28 21:06:04] 
INFO [2017-03-28 21:06:04] $filename
INFO [2017-03-28 21:06:04] NULL
INFO [2017-03-28 21:06:04] 
INFO [2017-03-28 21:06:04] $main
INFO [2017-03-28 21:06:04] [1] "DE genes across days in chimpanzees (5% FDR)"
INFO [2017-03-28 21:06:04] 
INFO [2017-03-28 21:06:04] $cex
INFO [2017-03-28 21:06:04] [1] 1.5
INFO [2017-03-28 21:06:04] 
INFO [2017-03-28 21:06:04] $fill
INFO [2017-03-28 21:06:04] pal[1:3]
INFO [2017-03-28 21:06:04] 
INFO [2017-03-28 21:06:04] $lty
INFO [2017-03-28 21:06:04] [1] 1
INFO [2017-03-28 21:06:04] 
INFO [2017-03-28 21:06:04] $height
INFO [2017-03-28 21:06:04] [1] 2000
INFO [2017-03-28 21:06:04] 
INFO [2017-03-28 21:06:04] $width
INFO [2017-03-28 21:06:04] [1] 3000
INFO [2017-03-28 21:06:04] 
INFO [2017-03-28 21:06:04] [[1]]
INFO [2017-03-28 21:06:04] mylist_interact
INFO [2017-03-28 21:06:04] 
INFO [2017-03-28 21:06:04] $filename
INFO [2017-03-28 21:06:04] NULL
INFO [2017-03-28 21:06:04] 
INFO [2017-03-28 21:06:04] $main
INFO [2017-03-28 21:06:04] [1] "Genes with a significant species-by-day interaction (5% FDR)"
INFO [2017-03-28 21:06:04] 
INFO [2017-03-28 21:06:04] $cex
INFO [2017-03-28 21:06:04] [1] 1.5
INFO [2017-03-28 21:06:04] 
INFO [2017-03-28 21:06:04] $fill
INFO [2017-03-28 21:06:04] pal[1:3]
INFO [2017-03-28 21:06:04] 
INFO [2017-03-28 21:06:04] $lty
INFO [2017-03-28 21:06:04] [1] 1
INFO [2017-03-28 21:06:04] 
INFO [2017-03-28 21:06:04] $height
INFO [2017-03-28 21:06:04] [1] 2000
INFO [2017-03-28 21:06:04] 
INFO [2017-03-28 21:06:04] $width
INFO [2017-03-28 21:06:04] [1] 3000
INFO [2017-03-28 21:06:04] 
