INFO [2017-04-02 18:51:46] [[1]]
INFO [2017-04-02 18:51:46] mylist
INFO [2017-04-02 18:51:46] 
INFO [2017-04-02 18:51:46] $filename
INFO [2017-04-02 18:51:46] NULL
INFO [2017-04-02 18:51:46] 
INFO [2017-04-02 18:51:46] $main
INFO [2017-04-02 18:51:46] [1] "DE genes between species per day (5% FDR, batch 1)"
INFO [2017-04-02 18:51:46] 
INFO [2017-04-02 18:51:46] $cex
INFO [2017-04-02 18:51:46] [1] 1.5
INFO [2017-04-02 18:51:46] 
INFO [2017-04-02 18:51:46] $fill
INFO [2017-04-02 18:51:46] pal[1:4]
INFO [2017-04-02 18:51:46] 
INFO [2017-04-02 18:51:46] $lty
INFO [2017-04-02 18:51:46] [1] 1
INFO [2017-04-02 18:51:46] 
INFO [2017-04-02 18:51:46] $height
INFO [2017-04-02 18:51:46] [1] 2000
INFO [2017-04-02 18:51:46] 
INFO [2017-04-02 18:51:46] $width
INFO [2017-04-02 18:51:46] [1] 3000
INFO [2017-04-02 18:51:46] 
INFO [2017-04-02 18:51:46] [[1]]
INFO [2017-04-02 18:51:46] mylist_humans_by_day
INFO [2017-04-02 18:51:46] 
INFO [2017-04-02 18:51:46] $filename
INFO [2017-04-02 18:51:46] NULL
INFO [2017-04-02 18:51:46] 
INFO [2017-04-02 18:51:46] $main
INFO [2017-04-02 18:51:46] [1] "DE genes across days in humans (5% FDR, batch 1)"
INFO [2017-04-02 18:51:46] 
INFO [2017-04-02 18:51:46] $cex
INFO [2017-04-02 18:51:46] [1] 1.5
INFO [2017-04-02 18:51:46] 
INFO [2017-04-02 18:51:46] $fill
INFO [2017-04-02 18:51:46] pal[1:3]
INFO [2017-04-02 18:51:46] 
INFO [2017-04-02 18:51:46] $lty
INFO [2017-04-02 18:51:46] [1] 1
INFO [2017-04-02 18:51:46] 
INFO [2017-04-02 18:51:46] $height
INFO [2017-04-02 18:51:46] [1] 2000
INFO [2017-04-02 18:51:46] 
INFO [2017-04-02 18:51:46] $width
INFO [2017-04-02 18:51:46] [1] 3000
INFO [2017-04-02 18:51:46] 
INFO [2017-04-02 18:51:46] [[1]]
INFO [2017-04-02 18:51:46] mylist_chimps_by_day
INFO [2017-04-02 18:51:46] 
INFO [2017-04-02 18:51:46] $filename
INFO [2017-04-02 18:51:46] NULL
INFO [2017-04-02 18:51:46] 
INFO [2017-04-02 18:51:46] $main
INFO [2017-04-02 18:51:46] [1] "DE genes across days in chimpanzees (5% FDR, batch 1)"
INFO [2017-04-02 18:51:46] 
INFO [2017-04-02 18:51:46] $cex
INFO [2017-04-02 18:51:46] [1] 1.5
INFO [2017-04-02 18:51:46] 
INFO [2017-04-02 18:51:46] $fill
INFO [2017-04-02 18:51:46] pal[1:3]
INFO [2017-04-02 18:51:46] 
INFO [2017-04-02 18:51:46] $lty
INFO [2017-04-02 18:51:46] [1] 1
INFO [2017-04-02 18:51:46] 
INFO [2017-04-02 18:51:46] $height
INFO [2017-04-02 18:51:46] [1] 2000
INFO [2017-04-02 18:51:46] 
INFO [2017-04-02 18:51:46] $width
INFO [2017-04-02 18:51:46] [1] 3000
INFO [2017-04-02 18:51:46] 
