INFO [2017-03-28 21:06:57] [[1]]
INFO [2017-03-28 21:06:57] mylist_humans_by_day
INFO [2017-03-28 21:06:57] 
INFO [2017-03-28 21:06:57] $filename
INFO [2017-03-28 21:06:57] NULL
INFO [2017-03-28 21:06:57] 
INFO [2017-03-28 21:06:57] $main
INFO [2017-03-28 21:06:57] [1] "DE genes across days in humans (1% FDR, batch 2)"
INFO [2017-03-28 21:06:57] 
INFO [2017-03-28 21:06:57] $cex
INFO [2017-03-28 21:06:57] [1] 1.5
INFO [2017-03-28 21:06:57] 
INFO [2017-03-28 21:06:57] $fill
INFO [2017-03-28 21:06:57] pal[1:3]
INFO [2017-03-28 21:06:57] 
INFO [2017-03-28 21:06:57] $lty
INFO [2017-03-28 21:06:57] [1] 1
INFO [2017-03-28 21:06:57] 
INFO [2017-03-28 21:06:57] $height
INFO [2017-03-28 21:06:57] [1] 2000
INFO [2017-03-28 21:06:57] 
INFO [2017-03-28 21:06:57] $width
INFO [2017-03-28 21:06:57] [1] 3000
INFO [2017-03-28 21:06:57] 
INFO [2017-03-28 21:06:57] [[1]]
INFO [2017-03-28 21:06:57] mylist_chimps_by_day
INFO [2017-03-28 21:06:57] 
INFO [2017-03-28 21:06:57] $filename
INFO [2017-03-28 21:06:57] NULL
INFO [2017-03-28 21:06:57] 
INFO [2017-03-28 21:06:57] $main
INFO [2017-03-28 21:06:57] [1] "DE genes across days in chimpanzees (5% FDR, batch 2)"
INFO [2017-03-28 21:06:57] 
INFO [2017-03-28 21:06:57] $cex
INFO [2017-03-28 21:06:57] [1] 1.5
INFO [2017-03-28 21:06:57] 
INFO [2017-03-28 21:06:57] $fill
INFO [2017-03-28 21:06:57] pal[1:3]
INFO [2017-03-28 21:06:57] 
INFO [2017-03-28 21:06:57] $lty
INFO [2017-03-28 21:06:57] [1] 1
INFO [2017-03-28 21:06:57] 
INFO [2017-03-28 21:06:57] $height
INFO [2017-03-28 21:06:57] [1] 2000
INFO [2017-03-28 21:06:57] 
INFO [2017-03-28 21:06:57] $width
INFO [2017-03-28 21:06:57] [1] 3000
INFO [2017-03-28 21:06:57] 
INFO [2017-03-28 21:06:57] [[1]]
INFO [2017-03-28 21:06:57] mylist_interact
INFO [2017-03-28 21:06:57] 
INFO [2017-03-28 21:06:57] $filename
INFO [2017-03-28 21:06:57] NULL
INFO [2017-03-28 21:06:57] 
INFO [2017-03-28 21:06:57] $main
INFO [2017-03-28 21:06:57] [1] "Genes with a significant species-by-day interaction (5% FDR, batch 2)"
INFO [2017-03-28 21:06:57] 
INFO [2017-03-28 21:06:57] $cex
INFO [2017-03-28 21:06:57] [1] 1.5
INFO [2017-03-28 21:06:57] 
INFO [2017-03-28 21:06:57] $fill
INFO [2017-03-28 21:06:57] pal[1:3]
INFO [2017-03-28 21:06:57] 
INFO [2017-03-28 21:06:57] $lty
INFO [2017-03-28 21:06:57] [1] 1
INFO [2017-03-28 21:06:57] 
INFO [2017-03-28 21:06:57] $height
INFO [2017-03-28 21:06:57] [1] 2000
INFO [2017-03-28 21:06:57] 
INFO [2017-03-28 21:06:57] $width
INFO [2017-03-28 21:06:57] [1] 3000
INFO [2017-03-28 21:06:57] 
