INFO [2017-03-28 20:51:00] [[1]]
INFO [2017-03-28 20:51:00] mylist_humans_by_day
INFO [2017-03-28 20:51:00] 
INFO [2017-03-28 20:51:00] $filename
INFO [2017-03-28 20:51:00] NULL
INFO [2017-03-28 20:51:00] 
INFO [2017-03-28 20:51:00] $main
INFO [2017-03-28 20:51:00] [1] "DE genes across days in humans (5% FDR, global correction)"
INFO [2017-03-28 20:51:00] 
INFO [2017-03-28 20:51:00] $cex
INFO [2017-03-28 20:51:00] [1] 1.5
INFO [2017-03-28 20:51:00] 
INFO [2017-03-28 20:51:00] $fill
INFO [2017-03-28 20:51:00] pal[1:3]
INFO [2017-03-28 20:51:00] 
INFO [2017-03-28 20:51:00] $lty
INFO [2017-03-28 20:51:00] [1] 1
INFO [2017-03-28 20:51:00] 
INFO [2017-03-28 20:51:00] $height
INFO [2017-03-28 20:51:00] [1] 2000
INFO [2017-03-28 20:51:00] 
INFO [2017-03-28 20:51:00] $width
INFO [2017-03-28 20:51:00] [1] 3000
INFO [2017-03-28 20:51:00] 
INFO [2017-03-28 20:51:00] [[1]]
INFO [2017-03-28 20:51:00] mylist_chimps_by_day
INFO [2017-03-28 20:51:00] 
INFO [2017-03-28 20:51:00] $filename
INFO [2017-03-28 20:51:00] NULL
INFO [2017-03-28 20:51:00] 
INFO [2017-03-28 20:51:00] $main
INFO [2017-03-28 20:51:00] [1] "DE genes across days in chimpanzees (5% FDR, global correction)"
INFO [2017-03-28 20:51:00] 
INFO [2017-03-28 20:51:00] $cex
INFO [2017-03-28 20:51:00] [1] 1.5
INFO [2017-03-28 20:51:00] 
INFO [2017-03-28 20:51:00] $fill
INFO [2017-03-28 20:51:00] pal[1:3]
INFO [2017-03-28 20:51:00] 
INFO [2017-03-28 20:51:00] $lty
INFO [2017-03-28 20:51:00] [1] 1
INFO [2017-03-28 20:51:00] 
INFO [2017-03-28 20:51:00] $height
INFO [2017-03-28 20:51:00] [1] 2000
INFO [2017-03-28 20:51:00] 
INFO [2017-03-28 20:51:00] $width
INFO [2017-03-28 20:51:00] [1] 3000
INFO [2017-03-28 20:51:00] 
INFO [2017-03-28 20:51:00] [[1]]
INFO [2017-03-28 20:51:00] mylist_interact
INFO [2017-03-28 20:51:00] 
INFO [2017-03-28 20:51:00] $filename
INFO [2017-03-28 20:51:00] NULL
INFO [2017-03-28 20:51:00] 
INFO [2017-03-28 20:51:00] $main
INFO [2017-03-28 20:51:00] [1] "Genes with a significant species-by-day interaction (5% FDR, global correction)"
INFO [2017-03-28 20:51:00] 
INFO [2017-03-28 20:51:00] $cex
INFO [2017-03-28 20:51:00] [1] 1.5
INFO [2017-03-28 20:51:00] 
INFO [2017-03-28 20:51:00] $fill
INFO [2017-03-28 20:51:00] pal[1:3]
INFO [2017-03-28 20:51:00] 
INFO [2017-03-28 20:51:00] $lty
INFO [2017-03-28 20:51:00] [1] 1
INFO [2017-03-28 20:51:00] 
INFO [2017-03-28 20:51:00] $height
INFO [2017-03-28 20:51:00] [1] 2000
INFO [2017-03-28 20:51:00] 
INFO [2017-03-28 20:51:00] $width
INFO [2017-03-28 20:51:00] [1] 3000
INFO [2017-03-28 20:51:00] 
