INFO [2017-04-02 19:13:40] [[1]]
INFO [2017-04-02 19:13:40] mylist
INFO [2017-04-02 19:13:40] 
INFO [2017-04-02 19:13:40] $filename
INFO [2017-04-02 19:13:40] NULL
INFO [2017-04-02 19:13:40] 
INFO [2017-04-02 19:13:40] $main
INFO [2017-04-02 19:13:40] [1] "DE genes between species per day (5% FDR, batch 2)"
INFO [2017-04-02 19:13:40] 
INFO [2017-04-02 19:13:40] $cex
INFO [2017-04-02 19:13:40] [1] 1.5
INFO [2017-04-02 19:13:40] 
INFO [2017-04-02 19:13:40] $fill
INFO [2017-04-02 19:13:40] pal[1:4]
INFO [2017-04-02 19:13:40] 
INFO [2017-04-02 19:13:40] $lty
INFO [2017-04-02 19:13:40] [1] 1
INFO [2017-04-02 19:13:40] 
INFO [2017-04-02 19:13:40] $height
INFO [2017-04-02 19:13:40] [1] 2000
INFO [2017-04-02 19:13:40] 
INFO [2017-04-02 19:13:40] $width
INFO [2017-04-02 19:13:40] [1] 3000
INFO [2017-04-02 19:13:40] 
