INFO [2016-11-09 20:48:10] [[1]]
INFO [2016-11-09 20:48:10] mylist
INFO [2016-11-09 20:48:10] 
INFO [2016-11-09 20:48:10] $filename
INFO [2016-11-09 20:48:10] NULL
INFO [2016-11-09 20:48:10] 
INFO [2016-11-09 20:48:10] $main
INFO [2016-11-09 20:48:10] [1] "Genes with significant species by day interactions (FDR< 5%)"
INFO [2016-11-09 20:48:10] 
INFO [2016-11-09 20:48:10] $cex
INFO [2016-11-09 20:48:10] [1] 1.5
INFO [2016-11-09 20:48:10] 
INFO [2016-11-09 20:48:10] $fill
INFO [2016-11-09 20:48:10] pal[1:3]
INFO [2016-11-09 20:48:10] 
INFO [2016-11-09 20:48:10] $lty
INFO [2016-11-09 20:48:10] [1] 1
INFO [2016-11-09 20:48:10] 
INFO [2016-11-09 20:48:10] $height
INFO [2016-11-09 20:48:10] [1] 2000
INFO [2016-11-09 20:48:10] 
INFO [2016-11-09 20:48:10] $width
INFO [2016-11-09 20:48:10] [1] 3000
INFO [2016-11-09 20:48:10] 
