INFO [2017-01-23 22:28:16] [[1]]
INFO [2017-01-23 22:28:16] mylist
INFO [2017-01-23 22:28:16] 
INFO [2017-01-23 22:28:16] $filename
INFO [2017-01-23 22:28:16] NULL
INFO [2017-01-23 22:28:16] 
INFO [2017-01-23 22:28:16] $main
INFO [2017-01-23 22:28:16] [1] "Genes with significant species by day interactions (FDR< 5%)"
INFO [2017-01-23 22:28:16] 
INFO [2017-01-23 22:28:16] $cex
INFO [2017-01-23 22:28:16] [1] 1.5
INFO [2017-01-23 22:28:16] 
INFO [2017-01-23 22:28:16] $fill
INFO [2017-01-23 22:28:16] pal[1:3]
INFO [2017-01-23 22:28:16] 
INFO [2017-01-23 22:28:16] $lty
INFO [2017-01-23 22:28:16] [1] 1
INFO [2017-01-23 22:28:16] 
INFO [2017-01-23 22:28:16] $height
INFO [2017-01-23 22:28:16] [1] 2000
INFO [2017-01-23 22:28:16] 
INFO [2017-01-23 22:28:16] $width
INFO [2017-01-23 22:28:16] [1] 3000
INFO [2017-01-23 22:28:16] 
