INFO [2017-03-28 20:50:15] [[1]]
INFO [2017-03-28 20:50:15] mylist
INFO [2017-03-28 20:50:15] 
INFO [2017-03-28 20:50:15] $filename
INFO [2017-03-28 20:50:15] NULL
INFO [2017-03-28 20:50:15] 
INFO [2017-03-28 20:50:15] $main
INFO [2017-03-28 20:50:15] [1] "DE genes between species per day (5% FDR, batch 2)"
INFO [2017-03-28 20:50:15] 
INFO [2017-03-28 20:50:15] $cex
INFO [2017-03-28 20:50:15] [1] 1.5
INFO [2017-03-28 20:50:15] 
INFO [2017-03-28 20:50:15] $fill
INFO [2017-03-28 20:50:15] pal[1:4]
INFO [2017-03-28 20:50:15] 
INFO [2017-03-28 20:50:15] $lty
INFO [2017-03-28 20:50:15] [1] 1
INFO [2017-03-28 20:50:15] 
INFO [2017-03-28 20:50:15] $height
INFO [2017-03-28 20:50:15] [1] 2000
INFO [2017-03-28 20:50:15] 
INFO [2017-03-28 20:50:15] $width
INFO [2017-03-28 20:50:15] [1] 3000
INFO [2017-03-28 20:50:15] 
