INFO [2017-03-28 20:56:33] [[1]]
INFO [2017-03-28 20:56:33] mylist_chimps_by_day
INFO [2017-03-28 20:56:33] 
INFO [2017-03-28 20:56:33] $filename
INFO [2017-03-28 20:56:33] NULL
INFO [2017-03-28 20:56:33] 
INFO [2017-03-28 20:56:33] $main
INFO [2017-03-28 20:56:33] [1] "DE genes across days in chimpanzees (1% FDR)"
INFO [2017-03-28 20:56:33] 
INFO [2017-03-28 20:56:33] $cex
INFO [2017-03-28 20:56:33] [1] 1.5
INFO [2017-03-28 20:56:33] 
INFO [2017-03-28 20:56:33] $fill
INFO [2017-03-28 20:56:33] pal[1:3]
INFO [2017-03-28 20:56:33] 
INFO [2017-03-28 20:56:33] $lty
INFO [2017-03-28 20:56:33] [1] 1
INFO [2017-03-28 20:56:33] 
INFO [2017-03-28 20:56:33] $height
INFO [2017-03-28 20:56:33] [1] 2000
INFO [2017-03-28 20:56:33] 
INFO [2017-03-28 20:56:33] $width
INFO [2017-03-28 20:56:33] [1] 3000
INFO [2017-03-28 20:56:33] 
INFO [2017-03-28 20:56:33] [[1]]
INFO [2017-03-28 20:56:33] mylist_interact
INFO [2017-03-28 20:56:33] 
INFO [2017-03-28 20:56:33] $filename
INFO [2017-03-28 20:56:33] NULL
INFO [2017-03-28 20:56:33] 
INFO [2017-03-28 20:56:33] $main
INFO [2017-03-28 20:56:33] [1] "Genes with a significant species-by-day interaction (1% FDR)"
INFO [2017-03-28 20:56:33] 
INFO [2017-03-28 20:56:33] $cex
INFO [2017-03-28 20:56:33] [1] 1.5
INFO [2017-03-28 20:56:33] 
INFO [2017-03-28 20:56:33] $fill
INFO [2017-03-28 20:56:33] pal[1:3]
INFO [2017-03-28 20:56:33] 
INFO [2017-03-28 20:56:33] $lty
INFO [2017-03-28 20:56:33] [1] 1
INFO [2017-03-28 20:56:33] 
INFO [2017-03-28 20:56:33] $height
INFO [2017-03-28 20:56:33] [1] 2000
INFO [2017-03-28 20:56:33] 
INFO [2017-03-28 20:56:33] $width
INFO [2017-03-28 20:56:33] [1] 3000
INFO [2017-03-28 20:56:33] 
