INFO [2017-04-02 19:14:24] [[1]]
INFO [2017-04-02 19:14:24] mylist_interact
INFO [2017-04-02 19:14:24] 
INFO [2017-04-02 19:14:24] $filename
INFO [2017-04-02 19:14:24] NULL
INFO [2017-04-02 19:14:24] 
INFO [2017-04-02 19:14:24] $main
INFO [2017-04-02 19:14:24] [1] "Genes with a significant species-by-day interaction (5% FDR, global correction)"
INFO [2017-04-02 19:14:24] 
INFO [2017-04-02 19:14:24] $cex
INFO [2017-04-02 19:14:24] [1] 1.5
INFO [2017-04-02 19:14:24] 
INFO [2017-04-02 19:14:24] $fill
INFO [2017-04-02 19:14:24] pal[1:3]
INFO [2017-04-02 19:14:24] 
INFO [2017-04-02 19:14:24] $lty
INFO [2017-04-02 19:14:24] [1] 1
INFO [2017-04-02 19:14:24] 
INFO [2017-04-02 19:14:24] $height
INFO [2017-04-02 19:14:24] [1] 2000
INFO [2017-04-02 19:14:24] 
INFO [2017-04-02 19:14:24] $width
INFO [2017-04-02 19:14:24] [1] 3000
INFO [2017-04-02 19:14:24] 
