INFO [2017-03-28 20:48:36] [[1]]
INFO [2017-03-28 20:48:36] mylist_humans_by_day
INFO [2017-03-28 20:48:36] 
INFO [2017-03-28 20:48:36] $filename
INFO [2017-03-28 20:48:36] NULL
INFO [2017-03-28 20:48:36] 
INFO [2017-03-28 20:48:36] $main
INFO [2017-03-28 20:48:36] [1] "DE genes across days in humans (1% FDR)"
INFO [2017-03-28 20:48:36] 
INFO [2017-03-28 20:48:36] $cex
INFO [2017-03-28 20:48:36] [1] 1.5
INFO [2017-03-28 20:48:36] 
INFO [2017-03-28 20:48:36] $fill
INFO [2017-03-28 20:48:36] pal[1:3]
INFO [2017-03-28 20:48:36] 
INFO [2017-03-28 20:48:36] $lty
INFO [2017-03-28 20:48:36] [1] 1
INFO [2017-03-28 20:48:36] 
INFO [2017-03-28 20:48:36] $height
INFO [2017-03-28 20:48:36] [1] 2000
INFO [2017-03-28 20:48:36] 
INFO [2017-03-28 20:48:36] $width
INFO [2017-03-28 20:48:36] [1] 3000
INFO [2017-03-28 20:48:36] 
INFO [2017-03-28 20:48:36] [[1]]
INFO [2017-03-28 20:48:36] mylist_chimps_by_day
INFO [2017-03-28 20:48:36] 
INFO [2017-03-28 20:48:36] $filename
INFO [2017-03-28 20:48:36] NULL
INFO [2017-03-28 20:48:36] 
INFO [2017-03-28 20:48:36] $main
INFO [2017-03-28 20:48:36] [1] "DE genes across days in chimpanzees (1% FDR)"
INFO [2017-03-28 20:48:36] 
INFO [2017-03-28 20:48:36] $cex
INFO [2017-03-28 20:48:36] [1] 1.5
INFO [2017-03-28 20:48:36] 
INFO [2017-03-28 20:48:36] $fill
INFO [2017-03-28 20:48:36] pal[1:3]
INFO [2017-03-28 20:48:36] 
INFO [2017-03-28 20:48:36] $lty
INFO [2017-03-28 20:48:36] [1] 1
INFO [2017-03-28 20:48:36] 
INFO [2017-03-28 20:48:36] $height
INFO [2017-03-28 20:48:36] [1] 2000
INFO [2017-03-28 20:48:36] 
INFO [2017-03-28 20:48:36] $width
INFO [2017-03-28 20:48:36] [1] 3000
INFO [2017-03-28 20:48:36] 
INFO [2017-03-28 20:48:36] [[1]]
INFO [2017-03-28 20:48:36] mylist_interact
INFO [2017-03-28 20:48:36] 
INFO [2017-03-28 20:48:36] $filename
INFO [2017-03-28 20:48:36] NULL
INFO [2017-03-28 20:48:36] 
INFO [2017-03-28 20:48:36] $main
INFO [2017-03-28 20:48:36] [1] "Genes with a significant species-by-day interaction (1% FDR)"
INFO [2017-03-28 20:48:36] 
INFO [2017-03-28 20:48:36] $cex
INFO [2017-03-28 20:48:36] [1] 1.5
INFO [2017-03-28 20:48:36] 
INFO [2017-03-28 20:48:36] $fill
INFO [2017-03-28 20:48:36] pal[1:3]
INFO [2017-03-28 20:48:36] 
INFO [2017-03-28 20:48:36] $lty
INFO [2017-03-28 20:48:36] [1] 1
INFO [2017-03-28 20:48:36] 
INFO [2017-03-28 20:48:36] $height
INFO [2017-03-28 20:48:36] [1] 2000
INFO [2017-03-28 20:48:36] 
INFO [2017-03-28 20:48:36] $width
INFO [2017-03-28 20:48:36] [1] 3000
INFO [2017-03-28 20:48:36] 
