INFO [2017-04-16 18:34:59] [[1]]
INFO [2017-04-16 18:34:59] mylist_humans_by_day
INFO [2017-04-16 18:34:59] 
INFO [2017-04-16 18:34:59] $filename
INFO [2017-04-16 18:34:59] NULL
INFO [2017-04-16 18:34:59] 
INFO [2017-04-16 18:34:59] $main
INFO [2017-04-16 18:34:59] [1] "DE genes across days in humans (5% FDR)"
INFO [2017-04-16 18:34:59] 
INFO [2017-04-16 18:34:59] $cex
INFO [2017-04-16 18:34:59] [1] 1.5
INFO [2017-04-16 18:34:59] 
INFO [2017-04-16 18:34:59] $fill
INFO [2017-04-16 18:34:59] pal[1:3]
INFO [2017-04-16 18:34:59] 
INFO [2017-04-16 18:34:59] $lty
INFO [2017-04-16 18:34:59] [1] 1
INFO [2017-04-16 18:34:59] 
INFO [2017-04-16 18:34:59] $height
INFO [2017-04-16 18:34:59] [1] 2000
INFO [2017-04-16 18:34:59] 
INFO [2017-04-16 18:34:59] $width
INFO [2017-04-16 18:34:59] [1] 3000
INFO [2017-04-16 18:34:59] 
INFO [2017-04-16 18:34:59] [[1]]
INFO [2017-04-16 18:34:59] mylist_chimps_by_day
INFO [2017-04-16 18:34:59] 
INFO [2017-04-16 18:34:59] $filename
INFO [2017-04-16 18:34:59] NULL
INFO [2017-04-16 18:34:59] 
INFO [2017-04-16 18:34:59] $main
INFO [2017-04-16 18:34:59] [1] "DE genes across days in chimpanzees (5% FDR)"
INFO [2017-04-16 18:34:59] 
INFO [2017-04-16 18:34:59] $cex
INFO [2017-04-16 18:34:59] [1] 1.5
INFO [2017-04-16 18:34:59] 
INFO [2017-04-16 18:34:59] $fill
INFO [2017-04-16 18:34:59] pal[1:3]
INFO [2017-04-16 18:34:59] 
INFO [2017-04-16 18:34:59] $lty
INFO [2017-04-16 18:34:59] [1] 1
INFO [2017-04-16 18:34:59] 
INFO [2017-04-16 18:34:59] $height
INFO [2017-04-16 18:34:59] [1] 2000
INFO [2017-04-16 18:34:59] 
INFO [2017-04-16 18:34:59] $width
INFO [2017-04-16 18:34:59] [1] 3000
INFO [2017-04-16 18:34:59] 
INFO [2017-04-16 18:34:59] [[1]]
INFO [2017-04-16 18:34:59] mylist_interact
INFO [2017-04-16 18:34:59] 
INFO [2017-04-16 18:34:59] $filename
INFO [2017-04-16 18:34:59] NULL
INFO [2017-04-16 18:34:59] 
INFO [2017-04-16 18:34:59] $main
INFO [2017-04-16 18:34:59] [1] "Genes with a significant species-by-day interaction (5% FDR)"
INFO [2017-04-16 18:34:59] 
INFO [2017-04-16 18:34:59] $cex
INFO [2017-04-16 18:34:59] [1] 1.5
INFO [2017-04-16 18:34:59] 
INFO [2017-04-16 18:34:59] $fill
INFO [2017-04-16 18:34:59] pal[1:3]
INFO [2017-04-16 18:34:59] 
INFO [2017-04-16 18:34:59] $lty
INFO [2017-04-16 18:34:59] [1] 1
INFO [2017-04-16 18:34:59] 
INFO [2017-04-16 18:34:59] $height
INFO [2017-04-16 18:34:59] [1] 2000
INFO [2017-04-16 18:34:59] 
INFO [2017-04-16 18:34:59] $width
INFO [2017-04-16 18:34:59] [1] 3000
INFO [2017-04-16 18:34:59] 
