INFO [2017-01-09 16:31:37] [[1]]
INFO [2017-01-09 16:31:37] mylist
INFO [2017-01-09 16:31:37] 
INFO [2017-01-09 16:31:37] $filename
INFO [2017-01-09 16:31:37] NULL
INFO [2017-01-09 16:31:37] 
INFO [2017-01-09 16:31:37] $main
INFO [2017-01-09 16:31:37] [1] "DE genes between species per day"
INFO [2017-01-09 16:31:37] 
INFO [2017-01-09 16:31:37] $cex
INFO [2017-01-09 16:31:37] [1] 1.5
INFO [2017-01-09 16:31:37] 
INFO [2017-01-09 16:31:37] $fill
INFO [2017-01-09 16:31:37] pal[1:4]
INFO [2017-01-09 16:31:37] 
INFO [2017-01-09 16:31:37] $lty
INFO [2017-01-09 16:31:37] [1] 1
INFO [2017-01-09 16:31:37] 
INFO [2017-01-09 16:31:37] $height
INFO [2017-01-09 16:31:37] [1] 2000
INFO [2017-01-09 16:31:37] 
INFO [2017-01-09 16:31:37] $width
INFO [2017-01-09 16:31:37] [1] 3000
INFO [2017-01-09 16:31:37] 
