INFO [2017-03-28 20:59:13] [[1]]
INFO [2017-03-28 20:59:13] mylist
INFO [2017-03-28 20:59:13] 
INFO [2017-03-28 20:59:13] $filename
INFO [2017-03-28 20:59:13] NULL
INFO [2017-03-28 20:59:13] 
INFO [2017-03-28 20:59:13] $main
INFO [2017-03-28 20:59:13] [1] "DE genes between species per day (5% FDR; 3940 genes with log2 fold change >= 1)"
INFO [2017-03-28 20:59:13] 
INFO [2017-03-28 20:59:13] $cex
INFO [2017-03-28 20:59:13] [1] 1.5
INFO [2017-03-28 20:59:13] 
INFO [2017-03-28 20:59:13] $fill
INFO [2017-03-28 20:59:13] pal[1:4]
INFO [2017-03-28 20:59:13] 
INFO [2017-03-28 20:59:13] $lty
INFO [2017-03-28 20:59:13] [1] 1
INFO [2017-03-28 20:59:13] 
INFO [2017-03-28 20:59:13] $height
INFO [2017-03-28 20:59:13] [1] 2000
INFO [2017-03-28 20:59:13] 
INFO [2017-03-28 20:59:13] $width
INFO [2017-03-28 20:59:13] [1] 3000
INFO [2017-03-28 20:59:13] 
