INFO [2017-04-16 18:35:55] [[1]]
INFO [2017-04-16 18:35:55] mylist_humans_by_day
INFO [2017-04-16 18:35:55] 
INFO [2017-04-16 18:35:55] $filename
INFO [2017-04-16 18:35:55] NULL
INFO [2017-04-16 18:35:55] 
INFO [2017-04-16 18:35:55] $main
INFO [2017-04-16 18:35:55] [1] "DE genes across days in humans (1% FDR, batch 2)"
INFO [2017-04-16 18:35:55] 
INFO [2017-04-16 18:35:55] $cex
INFO [2017-04-16 18:35:55] [1] 1.5
INFO [2017-04-16 18:35:55] 
INFO [2017-04-16 18:35:55] $fill
INFO [2017-04-16 18:35:55] pal[1:3]
INFO [2017-04-16 18:35:55] 
INFO [2017-04-16 18:35:55] $lty
INFO [2017-04-16 18:35:55] [1] 1
INFO [2017-04-16 18:35:55] 
INFO [2017-04-16 18:35:55] $height
INFO [2017-04-16 18:35:55] [1] 2000
INFO [2017-04-16 18:35:55] 
INFO [2017-04-16 18:35:55] $width
INFO [2017-04-16 18:35:55] [1] 3000
INFO [2017-04-16 18:35:55] 
INFO [2017-04-16 18:35:55] [[1]]
INFO [2017-04-16 18:35:55] mylist_chimps_by_day
INFO [2017-04-16 18:35:55] 
INFO [2017-04-16 18:35:55] $filename
INFO [2017-04-16 18:35:55] NULL
INFO [2017-04-16 18:35:55] 
INFO [2017-04-16 18:35:55] $main
INFO [2017-04-16 18:35:55] [1] "DE genes across days in chimpanzees (5% FDR, batch 2)"
INFO [2017-04-16 18:35:55] 
INFO [2017-04-16 18:35:55] $cex
INFO [2017-04-16 18:35:55] [1] 1.5
INFO [2017-04-16 18:35:55] 
INFO [2017-04-16 18:35:55] $fill
INFO [2017-04-16 18:35:55] pal[1:3]
INFO [2017-04-16 18:35:55] 
INFO [2017-04-16 18:35:55] $lty
INFO [2017-04-16 18:35:55] [1] 1
INFO [2017-04-16 18:35:55] 
INFO [2017-04-16 18:35:55] $height
INFO [2017-04-16 18:35:55] [1] 2000
INFO [2017-04-16 18:35:55] 
INFO [2017-04-16 18:35:55] $width
INFO [2017-04-16 18:35:55] [1] 3000
INFO [2017-04-16 18:35:55] 
INFO [2017-04-16 18:35:55] [[1]]
INFO [2017-04-16 18:35:55] mylist_interact
INFO [2017-04-16 18:35:55] 
INFO [2017-04-16 18:35:55] $filename
INFO [2017-04-16 18:35:55] NULL
INFO [2017-04-16 18:35:55] 
INFO [2017-04-16 18:35:55] $main
INFO [2017-04-16 18:35:55] [1] "Genes with a significant species-by-day interaction (5% FDR, batch 2)"
INFO [2017-04-16 18:35:55] 
INFO [2017-04-16 18:35:55] $cex
INFO [2017-04-16 18:35:55] [1] 1.5
INFO [2017-04-16 18:35:55] 
INFO [2017-04-16 18:35:55] $fill
INFO [2017-04-16 18:35:55] pal[1:3]
INFO [2017-04-16 18:35:55] 
INFO [2017-04-16 18:35:55] $lty
INFO [2017-04-16 18:35:55] [1] 1
INFO [2017-04-16 18:35:55] 
INFO [2017-04-16 18:35:55] $height
INFO [2017-04-16 18:35:55] [1] 2000
INFO [2017-04-16 18:35:55] 
INFO [2017-04-16 18:35:55] $width
INFO [2017-04-16 18:35:55] [1] 3000
INFO [2017-04-16 18:35:55] 
