INFO [2017-03-28 21:08:49] [[1]]
INFO [2017-03-28 21:08:49] mylist_humans_by_day
INFO [2017-03-28 21:08:49] 
INFO [2017-03-28 21:08:49] $filename
INFO [2017-03-28 21:08:49] NULL
INFO [2017-03-28 21:08:49] 
INFO [2017-03-28 21:08:49] $main
INFO [2017-03-28 21:08:49] [1] "DE genes across days in humans (5% FDR)"
INFO [2017-03-28 21:08:49] 
INFO [2017-03-28 21:08:49] $cex
INFO [2017-03-28 21:08:49] [1] 1.5
INFO [2017-03-28 21:08:49] 
INFO [2017-03-28 21:08:49] $fill
INFO [2017-03-28 21:08:49] pal[1:3]
INFO [2017-03-28 21:08:49] 
INFO [2017-03-28 21:08:49] $lty
INFO [2017-03-28 21:08:49] [1] 1
INFO [2017-03-28 21:08:49] 
INFO [2017-03-28 21:08:49] $height
INFO [2017-03-28 21:08:49] [1] 2000
INFO [2017-03-28 21:08:49] 
INFO [2017-03-28 21:08:49] $width
INFO [2017-03-28 21:08:49] [1] 3000
INFO [2017-03-28 21:08:49] 
INFO [2017-03-28 21:08:49] [[1]]
INFO [2017-03-28 21:08:49] mylist_chimps_by_day
INFO [2017-03-28 21:08:49] 
INFO [2017-03-28 21:08:49] $filename
INFO [2017-03-28 21:08:49] NULL
INFO [2017-03-28 21:08:49] 
INFO [2017-03-28 21:08:49] $main
INFO [2017-03-28 21:08:49] [1] "DE genes across days in chimpanzees (5% FDR)"
INFO [2017-03-28 21:08:49] 
INFO [2017-03-28 21:08:49] $cex
INFO [2017-03-28 21:08:49] [1] 1.5
INFO [2017-03-28 21:08:49] 
INFO [2017-03-28 21:08:49] $fill
INFO [2017-03-28 21:08:49] pal[1:3]
INFO [2017-03-28 21:08:49] 
INFO [2017-03-28 21:08:49] $lty
INFO [2017-03-28 21:08:49] [1] 1
INFO [2017-03-28 21:08:49] 
INFO [2017-03-28 21:08:49] $height
INFO [2017-03-28 21:08:49] [1] 2000
INFO [2017-03-28 21:08:49] 
INFO [2017-03-28 21:08:49] $width
INFO [2017-03-28 21:08:49] [1] 3000
INFO [2017-03-28 21:08:49] 
