INFO [2017-04-02 19:11:56] [[1]]
INFO [2017-04-02 19:11:56] mylist
INFO [2017-04-02 19:11:56] 
INFO [2017-04-02 19:11:56] $filename
INFO [2017-04-02 19:11:56] NULL
INFO [2017-04-02 19:11:56] 
INFO [2017-04-02 19:11:56] $main
INFO [2017-04-02 19:11:56] [1] "DE genes between species per day (1% FDR)"
INFO [2017-04-02 19:11:56] 
INFO [2017-04-02 19:11:56] $cex
INFO [2017-04-02 19:11:56] [1] 1.5
INFO [2017-04-02 19:11:56] 
INFO [2017-04-02 19:11:56] $fill
INFO [2017-04-02 19:11:56] pal[1:4]
INFO [2017-04-02 19:11:56] 
INFO [2017-04-02 19:11:56] $lty
INFO [2017-04-02 19:11:56] [1] 1
INFO [2017-04-02 19:11:56] 
INFO [2017-04-02 19:11:56] $height
INFO [2017-04-02 19:11:56] [1] 2000
INFO [2017-04-02 19:11:56] 
INFO [2017-04-02 19:11:56] $width
INFO [2017-04-02 19:11:56] [1] 3000
INFO [2017-04-02 19:11:56] 
INFO [2017-04-02 19:11:56] [[1]]
INFO [2017-04-02 19:11:56] mylist_humans_by_day
INFO [2017-04-02 19:11:56] 
INFO [2017-04-02 19:11:56] $filename
INFO [2017-04-02 19:11:56] NULL
INFO [2017-04-02 19:11:56] 
INFO [2017-04-02 19:11:56] $main
INFO [2017-04-02 19:11:56] [1] "DE genes across days in humans (1% FDR)"
INFO [2017-04-02 19:11:56] 
INFO [2017-04-02 19:11:56] $cex
INFO [2017-04-02 19:11:56] [1] 1.5
INFO [2017-04-02 19:11:56] 
INFO [2017-04-02 19:11:56] $fill
INFO [2017-04-02 19:11:56] pal[1:3]
INFO [2017-04-02 19:11:56] 
INFO [2017-04-02 19:11:56] $lty
INFO [2017-04-02 19:11:56] [1] 1
INFO [2017-04-02 19:11:56] 
INFO [2017-04-02 19:11:56] $height
INFO [2017-04-02 19:11:56] [1] 2000
INFO [2017-04-02 19:11:56] 
INFO [2017-04-02 19:11:56] $width
INFO [2017-04-02 19:11:56] [1] 3000
INFO [2017-04-02 19:11:56] 
INFO [2017-04-02 19:11:56] [[1]]
INFO [2017-04-02 19:11:56] mylist_chimps_by_day
INFO [2017-04-02 19:11:56] 
INFO [2017-04-02 19:11:56] $filename
INFO [2017-04-02 19:11:56] NULL
INFO [2017-04-02 19:11:56] 
INFO [2017-04-02 19:11:56] $main
INFO [2017-04-02 19:11:56] [1] "DE genes across days in chimpanzees (1% FDR)"
INFO [2017-04-02 19:11:56] 
INFO [2017-04-02 19:11:56] $cex
INFO [2017-04-02 19:11:56] [1] 1.5
INFO [2017-04-02 19:11:56] 
INFO [2017-04-02 19:11:56] $fill
INFO [2017-04-02 19:11:56] pal[1:3]
INFO [2017-04-02 19:11:56] 
INFO [2017-04-02 19:11:56] $lty
INFO [2017-04-02 19:11:56] [1] 1
INFO [2017-04-02 19:11:56] 
INFO [2017-04-02 19:11:56] $height
INFO [2017-04-02 19:11:56] [1] 2000
INFO [2017-04-02 19:11:56] 
INFO [2017-04-02 19:11:56] $width
INFO [2017-04-02 19:11:56] [1] 3000
INFO [2017-04-02 19:11:56] 
