INFO [2017-01-23 22:53:44] [[1]]
INFO [2017-01-23 22:53:44] mylist
INFO [2017-01-23 22:53:44] 
INFO [2017-01-23 22:53:44] $filename
INFO [2017-01-23 22:53:44] NULL
INFO [2017-01-23 22:53:44] 
INFO [2017-01-23 22:53:44] $main
INFO [2017-01-23 22:53:44] [1] "Genes with significant species by day interactions (FDR< 5%)"
INFO [2017-01-23 22:53:44] 
INFO [2017-01-23 22:53:44] $cex
INFO [2017-01-23 22:53:44] [1] 1.5
INFO [2017-01-23 22:53:44] 
INFO [2017-01-23 22:53:44] $fill
INFO [2017-01-23 22:53:44] pal[1:3]
INFO [2017-01-23 22:53:44] 
INFO [2017-01-23 22:53:44] $lty
INFO [2017-01-23 22:53:44] [1] 1
INFO [2017-01-23 22:53:44] 
INFO [2017-01-23 22:53:44] $height
INFO [2017-01-23 22:53:44] [1] 2000
INFO [2017-01-23 22:53:44] 
INFO [2017-01-23 22:53:44] $width
INFO [2017-01-23 22:53:44] [1] 3000
INFO [2017-01-23 22:53:44] 
