INFO [2017-01-23 22:21:29] [[1]]
INFO [2017-01-23 22:21:29] mylist
INFO [2017-01-23 22:21:29] 
INFO [2017-01-23 22:21:29] $filename
INFO [2017-01-23 22:21:29] NULL
INFO [2017-01-23 22:21:29] 
INFO [2017-01-23 22:21:29] $main
INFO [2017-01-23 22:21:29] [1] "Genes with significant species by day interactions (FDR< 5%)"
INFO [2017-01-23 22:21:29] 
INFO [2017-01-23 22:21:29] $cex
INFO [2017-01-23 22:21:29] [1] 1.5
INFO [2017-01-23 22:21:29] 
INFO [2017-01-23 22:21:29] $fill
INFO [2017-01-23 22:21:29] pal[1:3]
INFO [2017-01-23 22:21:29] 
INFO [2017-01-23 22:21:29] $lty
INFO [2017-01-23 22:21:29] [1] 1
INFO [2017-01-23 22:21:29] 
INFO [2017-01-23 22:21:29] $height
INFO [2017-01-23 22:21:29] [1] 2000
INFO [2017-01-23 22:21:29] 
INFO [2017-01-23 22:21:29] $width
INFO [2017-01-23 22:21:29] [1] 3000
INFO [2017-01-23 22:21:29] 
