INFO [2017-04-16 18:35:27] [[1]]
INFO [2017-04-16 18:35:27] mylist
INFO [2017-04-16 18:35:27] 
INFO [2017-04-16 18:35:27] $filename
INFO [2017-04-16 18:35:27] NULL
INFO [2017-04-16 18:35:27] 
INFO [2017-04-16 18:35:27] $main
INFO [2017-04-16 18:35:27] [1] "DE genes between species per day (5% FDR, batch 1)"
INFO [2017-04-16 18:35:27] 
INFO [2017-04-16 18:35:27] $cex
INFO [2017-04-16 18:35:27] [1] 1.5
INFO [2017-04-16 18:35:27] 
INFO [2017-04-16 18:35:27] $fill
INFO [2017-04-16 18:35:27] pal[1:4]
INFO [2017-04-16 18:35:27] 
INFO [2017-04-16 18:35:27] $lty
INFO [2017-04-16 18:35:27] [1] 1
INFO [2017-04-16 18:35:27] 
INFO [2017-04-16 18:35:27] $height
INFO [2017-04-16 18:35:27] [1] 2000
INFO [2017-04-16 18:35:27] 
INFO [2017-04-16 18:35:27] $width
INFO [2017-04-16 18:35:27] [1] 3000
INFO [2017-04-16 18:35:27] 
INFO [2017-04-16 18:35:27] [[1]]
INFO [2017-04-16 18:35:27] mylist_humans_by_day
INFO [2017-04-16 18:35:27] 
INFO [2017-04-16 18:35:27] $filename
INFO [2017-04-16 18:35:27] NULL
INFO [2017-04-16 18:35:27] 
INFO [2017-04-16 18:35:27] $main
INFO [2017-04-16 18:35:27] [1] "DE genes across days in humans (5% FDR, batch 1)"
INFO [2017-04-16 18:35:27] 
INFO [2017-04-16 18:35:27] $cex
INFO [2017-04-16 18:35:27] [1] 1.5
INFO [2017-04-16 18:35:27] 
INFO [2017-04-16 18:35:27] $fill
INFO [2017-04-16 18:35:27] pal[1:3]
INFO [2017-04-16 18:35:27] 
INFO [2017-04-16 18:35:27] $lty
INFO [2017-04-16 18:35:27] [1] 1
INFO [2017-04-16 18:35:27] 
INFO [2017-04-16 18:35:27] $height
INFO [2017-04-16 18:35:27] [1] 2000
INFO [2017-04-16 18:35:27] 
INFO [2017-04-16 18:35:27] $width
INFO [2017-04-16 18:35:27] [1] 3000
INFO [2017-04-16 18:35:27] 
