INFO [2017-01-23 22:27:53] [[1]]
INFO [2017-01-23 22:27:53] mylist
INFO [2017-01-23 22:27:53] 
INFO [2017-01-23 22:27:53] $filename
INFO [2017-01-23 22:27:53] NULL
INFO [2017-01-23 22:27:53] 
INFO [2017-01-23 22:27:53] $main
INFO [2017-01-23 22:27:53] [1] "DE genes between species per day (FDR< 5%)"
INFO [2017-01-23 22:27:53] 
INFO [2017-01-23 22:27:53] $cex
INFO [2017-01-23 22:27:53] [1] 1.5
INFO [2017-01-23 22:27:53] 
INFO [2017-01-23 22:27:53] $fill
INFO [2017-01-23 22:27:53] pal[1:4]
INFO [2017-01-23 22:27:53] 
INFO [2017-01-23 22:27:53] $lty
INFO [2017-01-23 22:27:53] [1] 1
INFO [2017-01-23 22:27:53] 
INFO [2017-01-23 22:27:53] $height
INFO [2017-01-23 22:27:53] [1] 2000
INFO [2017-01-23 22:27:53] 
INFO [2017-01-23 22:27:53] $width
INFO [2017-01-23 22:27:53] [1] 3000
INFO [2017-01-23 22:27:53] 
