INFO [2017-03-28 20:40:23] [[1]]
INFO [2017-03-28 20:40:23] mylist
INFO [2017-03-28 20:40:23] 
INFO [2017-03-28 20:40:23] $filename
INFO [2017-03-28 20:40:23] NULL
INFO [2017-03-28 20:40:23] 
INFO [2017-03-28 20:40:23] $main
INFO [2017-03-28 20:40:23] [1] "DE genes between species per day (5% FDR, batch 1)"
INFO [2017-03-28 20:40:23] 
INFO [2017-03-28 20:40:23] $cex
INFO [2017-03-28 20:40:23] [1] 1.5
INFO [2017-03-28 20:40:23] 
INFO [2017-03-28 20:40:23] $fill
INFO [2017-03-28 20:40:23] pal[1:4]
INFO [2017-03-28 20:40:23] 
INFO [2017-03-28 20:40:23] $lty
INFO [2017-03-28 20:40:23] [1] 1
INFO [2017-03-28 20:40:23] 
INFO [2017-03-28 20:40:23] $height
INFO [2017-03-28 20:40:23] [1] 2000
INFO [2017-03-28 20:40:23] 
INFO [2017-03-28 20:40:23] $width
INFO [2017-03-28 20:40:23] [1] 3000
INFO [2017-03-28 20:40:23] 
