INFO [2017-04-20 22:40:34] [[1]]
INFO [2017-04-20 22:40:34] mylist_chimps_by_day
INFO [2017-04-20 22:40:34] 
INFO [2017-04-20 22:40:34] $filename
INFO [2017-04-20 22:40:34] NULL
INFO [2017-04-20 22:40:34] 
INFO [2017-04-20 22:40:34] $main
INFO [2017-04-20 22:40:34] [1] "DE genes across days in chimpanzees (5% FDR)"
INFO [2017-04-20 22:40:34] 
INFO [2017-04-20 22:40:34] $cex
INFO [2017-04-20 22:40:34] [1] 1.5
INFO [2017-04-20 22:40:34] 
INFO [2017-04-20 22:40:34] $fill
INFO [2017-04-20 22:40:34] pal[1:3]
INFO [2017-04-20 22:40:34] 
INFO [2017-04-20 22:40:34] $lty
INFO [2017-04-20 22:40:34] [1] 1
INFO [2017-04-20 22:40:34] 
INFO [2017-04-20 22:40:34] $height
INFO [2017-04-20 22:40:34] [1] 2000
INFO [2017-04-20 22:40:34] 
INFO [2017-04-20 22:40:34] $width
INFO [2017-04-20 22:40:34] [1] 3000
INFO [2017-04-20 22:40:34] 
