INFO [2017-01-08 21:38:51] [[1]]
INFO [2017-01-08 21:38:51] mylist
INFO [2017-01-08 21:38:51] 
INFO [2017-01-08 21:38:51] $filename
INFO [2017-01-08 21:38:51] NULL
INFO [2017-01-08 21:38:51] 
INFO [2017-01-08 21:38:51] $main
INFO [2017-01-08 21:38:51] [1] "Genes with significant species by day interactions (FDR< 5%)"
INFO [2017-01-08 21:38:51] 
INFO [2017-01-08 21:38:51] $cex
INFO [2017-01-08 21:38:51] [1] 1.5
INFO [2017-01-08 21:38:51] 
INFO [2017-01-08 21:38:51] $fill
INFO [2017-01-08 21:38:51] pal[1:3]
INFO [2017-01-08 21:38:51] 
INFO [2017-01-08 21:38:51] $lty
INFO [2017-01-08 21:38:51] [1] 1
INFO [2017-01-08 21:38:51] 
INFO [2017-01-08 21:38:51] $height
INFO [2017-01-08 21:38:51] [1] 2000
INFO [2017-01-08 21:38:51] 
INFO [2017-01-08 21:38:51] $width
INFO [2017-01-08 21:38:51] [1] 3000
INFO [2017-01-08 21:38:51] 
