INFO [2017-03-28 20:49:26] [[1]]
INFO [2017-03-28 20:49:26] mylist
INFO [2017-03-28 20:49:26] 
INFO [2017-03-28 20:49:26] $filename
INFO [2017-03-28 20:49:26] NULL
INFO [2017-03-28 20:49:26] 
INFO [2017-03-28 20:49:26] $main
INFO [2017-03-28 20:49:26] [1] "DE genes between species per day (5% FDR, batch 2)"
INFO [2017-03-28 20:49:26] 
INFO [2017-03-28 20:49:26] $cex
INFO [2017-03-28 20:49:26] [1] 1.5
INFO [2017-03-28 20:49:26] 
INFO [2017-03-28 20:49:26] $fill
INFO [2017-03-28 20:49:26] pal[1:4]
INFO [2017-03-28 20:49:26] 
INFO [2017-03-28 20:49:26] $lty
INFO [2017-03-28 20:49:26] [1] 1
INFO [2017-03-28 20:49:26] 
INFO [2017-03-28 20:49:26] $height
INFO [2017-03-28 20:49:26] [1] 2000
INFO [2017-03-28 20:49:26] 
INFO [2017-03-28 20:49:26] $width
INFO [2017-03-28 20:49:26] [1] 3000
INFO [2017-03-28 20:49:26] 
