INFO [2017-04-02 18:53:04] [[1]]
INFO [2017-04-02 18:53:04] mylist
INFO [2017-04-02 18:53:04] 
INFO [2017-04-02 18:53:04] $filename
INFO [2017-04-02 18:53:04] NULL
INFO [2017-04-02 18:53:04] 
INFO [2017-04-02 18:53:04] $main
INFO [2017-04-02 18:53:04] [1] "DE genes between species per day (5% FDR, batch 2)"
INFO [2017-04-02 18:53:04] 
INFO [2017-04-02 18:53:04] $cex
INFO [2017-04-02 18:53:04] [1] 1.5
INFO [2017-04-02 18:53:04] 
INFO [2017-04-02 18:53:04] $fill
INFO [2017-04-02 18:53:04] pal[1:4]
INFO [2017-04-02 18:53:04] 
INFO [2017-04-02 18:53:04] $lty
INFO [2017-04-02 18:53:04] [1] 1
INFO [2017-04-02 18:53:04] 
INFO [2017-04-02 18:53:04] $height
INFO [2017-04-02 18:53:04] [1] 2000
INFO [2017-04-02 18:53:04] 
INFO [2017-04-02 18:53:04] $width
INFO [2017-04-02 18:53:04] [1] 3000
INFO [2017-04-02 18:53:04] 
