INFO [2017-04-16 20:06:37] [[1]]
INFO [2017-04-16 20:06:37] mylist
INFO [2017-04-16 20:06:37] 
INFO [2017-04-16 20:06:37] $filename
INFO [2017-04-16 20:06:37] NULL
INFO [2017-04-16 20:06:37] 
INFO [2017-04-16 20:06:37] $main
INFO [2017-04-16 20:06:37] [1] "DE genes between species per day (5% FDR, RPKM, 63 samples)"
INFO [2017-04-16 20:06:37] 
INFO [2017-04-16 20:06:37] $cex
INFO [2017-04-16 20:06:37] [1] 1.5
INFO [2017-04-16 20:06:37] 
INFO [2017-04-16 20:06:37] $fill
INFO [2017-04-16 20:06:37] pal[1:4]
INFO [2017-04-16 20:06:37] 
INFO [2017-04-16 20:06:37] $lty
INFO [2017-04-16 20:06:37] [1] 1
INFO [2017-04-16 20:06:37] 
INFO [2017-04-16 20:06:37] $height
INFO [2017-04-16 20:06:37] [1] 2000
INFO [2017-04-16 20:06:37] 
INFO [2017-04-16 20:06:37] $width
INFO [2017-04-16 20:06:37] [1] 3000
INFO [2017-04-16 20:06:37] 
