INFO [2017-01-09 11:20:34] [[1]]
INFO [2017-01-09 11:20:34] mylist
INFO [2017-01-09 11:20:34] 
INFO [2017-01-09 11:20:34] $filename
INFO [2017-01-09 11:20:34] NULL
INFO [2017-01-09 11:20:34] 
INFO [2017-01-09 11:20:34] $main
INFO [2017-01-09 11:20:34] [1] "Genes with Significant Day Coefficients"
INFO [2017-01-09 11:20:34] 
INFO [2017-01-09 11:20:34] $cex
INFO [2017-01-09 11:20:34] [1] 1.5
INFO [2017-01-09 11:20:34] 
INFO [2017-01-09 11:20:34] $fill
INFO [2017-01-09 11:20:34] pal[1:3]
INFO [2017-01-09 11:20:34] 
INFO [2017-01-09 11:20:34] $lty
INFO [2017-01-09 11:20:34] [1] 1
INFO [2017-01-09 11:20:34] 
INFO [2017-01-09 11:20:34] $height
INFO [2017-01-09 11:20:34] [1] 2000
INFO [2017-01-09 11:20:34] 
INFO [2017-01-09 11:20:34] $width
INFO [2017-01-09 11:20:34] [1] 2500
INFO [2017-01-09 11:20:34] 
