INFO [2017-04-20 22:38:45] [[1]]
INFO [2017-04-20 22:38:45] mylist
INFO [2017-04-20 22:38:45] 
INFO [2017-04-20 22:38:45] $filename
INFO [2017-04-20 22:38:45] NULL
INFO [2017-04-20 22:38:45] 
INFO [2017-04-20 22:38:45] $main
INFO [2017-04-20 22:38:45] [1] "DE genes between species per day (5% FDR, batch 2)"
INFO [2017-04-20 22:38:45] 
INFO [2017-04-20 22:38:45] $cex
INFO [2017-04-20 22:38:45] [1] 1.5
INFO [2017-04-20 22:38:45] 
INFO [2017-04-20 22:38:45] $fill
INFO [2017-04-20 22:38:45] pal[1:4]
INFO [2017-04-20 22:38:45] 
INFO [2017-04-20 22:38:45] $lty
INFO [2017-04-20 22:38:45] [1] 1
INFO [2017-04-20 22:38:45] 
INFO [2017-04-20 22:38:45] $height
INFO [2017-04-20 22:38:45] [1] 2000
INFO [2017-04-20 22:38:45] 
INFO [2017-04-20 22:38:45] $width
INFO [2017-04-20 22:38:45] [1] 3000
INFO [2017-04-20 22:38:45] 
INFO [2017-04-20 22:38:45] [[1]]
INFO [2017-04-20 22:38:45] mylist_humans_by_day
INFO [2017-04-20 22:38:45] 
INFO [2017-04-20 22:38:45] $filename
INFO [2017-04-20 22:38:45] NULL
INFO [2017-04-20 22:38:45] 
INFO [2017-04-20 22:38:45] $main
INFO [2017-04-20 22:38:45] [1] "DE genes across days in humans (1% FDR, batch 2)"
INFO [2017-04-20 22:38:45] 
INFO [2017-04-20 22:38:45] $cex
INFO [2017-04-20 22:38:45] [1] 1.5
INFO [2017-04-20 22:38:45] 
INFO [2017-04-20 22:38:45] $fill
INFO [2017-04-20 22:38:45] pal[1:3]
INFO [2017-04-20 22:38:45] 
INFO [2017-04-20 22:38:45] $lty
INFO [2017-04-20 22:38:45] [1] 1
INFO [2017-04-20 22:38:45] 
INFO [2017-04-20 22:38:45] $height
INFO [2017-04-20 22:38:45] [1] 2000
INFO [2017-04-20 22:38:45] 
INFO [2017-04-20 22:38:45] $width
INFO [2017-04-20 22:38:45] [1] 3000
INFO [2017-04-20 22:38:45] 
INFO [2017-04-20 22:38:45] [[1]]
INFO [2017-04-20 22:38:45] mylist_chimps_by_day
INFO [2017-04-20 22:38:45] 
INFO [2017-04-20 22:38:45] $filename
INFO [2017-04-20 22:38:45] NULL
INFO [2017-04-20 22:38:45] 
INFO [2017-04-20 22:38:45] $main
INFO [2017-04-20 22:38:45] [1] "DE genes across days in chimpanzees (5% FDR, batch 2)"
INFO [2017-04-20 22:38:45] 
INFO [2017-04-20 22:38:45] $cex
INFO [2017-04-20 22:38:45] [1] 1.5
INFO [2017-04-20 22:38:45] 
INFO [2017-04-20 22:38:45] $fill
INFO [2017-04-20 22:38:45] pal[1:3]
INFO [2017-04-20 22:38:45] 
INFO [2017-04-20 22:38:45] $lty
INFO [2017-04-20 22:38:45] [1] 1
INFO [2017-04-20 22:38:45] 
INFO [2017-04-20 22:38:45] $height
INFO [2017-04-20 22:38:45] [1] 2000
INFO [2017-04-20 22:38:45] 
INFO [2017-04-20 22:38:45] $width
INFO [2017-04-20 22:38:45] [1] 3000
INFO [2017-04-20 22:38:45] 
