INFO [2017-04-02 18:51:18] [[1]]
INFO [2017-04-02 18:51:18] mylist_chimps_by_day
INFO [2017-04-02 18:51:18] 
INFO [2017-04-02 18:51:18] $filename
INFO [2017-04-02 18:51:18] NULL
INFO [2017-04-02 18:51:18] 
INFO [2017-04-02 18:51:18] $main
INFO [2017-04-02 18:51:18] [1] "DE genes across days in chimpanzees (5% FDR)"
INFO [2017-04-02 18:51:18] 
INFO [2017-04-02 18:51:18] $cex
INFO [2017-04-02 18:51:18] [1] 1.5
INFO [2017-04-02 18:51:18] 
INFO [2017-04-02 18:51:18] $fill
INFO [2017-04-02 18:51:18] pal[1:3]
INFO [2017-04-02 18:51:18] 
INFO [2017-04-02 18:51:18] $lty
INFO [2017-04-02 18:51:18] [1] 1
INFO [2017-04-02 18:51:18] 
INFO [2017-04-02 18:51:18] $height
INFO [2017-04-02 18:51:18] [1] 2000
INFO [2017-04-02 18:51:18] 
INFO [2017-04-02 18:51:18] $width
INFO [2017-04-02 18:51:18] [1] 3000
INFO [2017-04-02 18:51:18] 
INFO [2017-04-02 18:51:18] [[1]]
INFO [2017-04-02 18:51:18] mylist_interact
INFO [2017-04-02 18:51:18] 
INFO [2017-04-02 18:51:18] $filename
INFO [2017-04-02 18:51:18] NULL
INFO [2017-04-02 18:51:18] 
INFO [2017-04-02 18:51:18] $main
INFO [2017-04-02 18:51:18] [1] "Genes with a significant species-by-day interaction (5% FDR)"
INFO [2017-04-02 18:51:18] 
INFO [2017-04-02 18:51:18] $cex
INFO [2017-04-02 18:51:18] [1] 1.5
INFO [2017-04-02 18:51:18] 
INFO [2017-04-02 18:51:18] $fill
INFO [2017-04-02 18:51:18] pal[1:3]
INFO [2017-04-02 18:51:18] 
INFO [2017-04-02 18:51:18] $lty
INFO [2017-04-02 18:51:18] [1] 1
INFO [2017-04-02 18:51:18] 
INFO [2017-04-02 18:51:18] $height
INFO [2017-04-02 18:51:18] [1] 2000
INFO [2017-04-02 18:51:18] 
INFO [2017-04-02 18:51:18] $width
INFO [2017-04-02 18:51:18] [1] 3000
INFO [2017-04-02 18:51:18] 
