INFO [2017-03-28 21:06:05] [[1]]
INFO [2017-03-28 21:06:05] mylist
INFO [2017-03-28 21:06:05] 
INFO [2017-03-28 21:06:05] $filename
INFO [2017-03-28 21:06:05] NULL
INFO [2017-03-28 21:06:05] 
INFO [2017-03-28 21:06:05] $main
INFO [2017-03-28 21:06:05] [1] "DE genes between species per day (1% FDR)"
INFO [2017-03-28 21:06:05] 
INFO [2017-03-28 21:06:05] $cex
INFO [2017-03-28 21:06:05] [1] 1.5
INFO [2017-03-28 21:06:05] 
INFO [2017-03-28 21:06:05] $fill
INFO [2017-03-28 21:06:05] pal[1:4]
INFO [2017-03-28 21:06:05] 
INFO [2017-03-28 21:06:05] $lty
INFO [2017-03-28 21:06:05] [1] 1
INFO [2017-03-28 21:06:05] 
INFO [2017-03-28 21:06:05] $height
INFO [2017-03-28 21:06:05] [1] 2000
INFO [2017-03-28 21:06:05] 
INFO [2017-03-28 21:06:05] $width
INFO [2017-03-28 21:06:05] [1] 3000
INFO [2017-03-28 21:06:05] 
INFO [2017-03-28 21:06:06] [[1]]
INFO [2017-03-28 21:06:06] mylist_humans_by_day
INFO [2017-03-28 21:06:06] 
INFO [2017-03-28 21:06:06] $filename
INFO [2017-03-28 21:06:06] NULL
INFO [2017-03-28 21:06:06] 
INFO [2017-03-28 21:06:06] $main
INFO [2017-03-28 21:06:06] [1] "DE genes across days in humans (1% FDR)"
INFO [2017-03-28 21:06:06] 
INFO [2017-03-28 21:06:06] $cex
INFO [2017-03-28 21:06:06] [1] 1.5
INFO [2017-03-28 21:06:06] 
INFO [2017-03-28 21:06:06] $fill
INFO [2017-03-28 21:06:06] pal[1:3]
INFO [2017-03-28 21:06:06] 
INFO [2017-03-28 21:06:06] $lty
INFO [2017-03-28 21:06:06] [1] 1
INFO [2017-03-28 21:06:06] 
INFO [2017-03-28 21:06:06] $height
INFO [2017-03-28 21:06:06] [1] 2000
INFO [2017-03-28 21:06:06] 
INFO [2017-03-28 21:06:06] $width
INFO [2017-03-28 21:06:06] [1] 3000
INFO [2017-03-28 21:06:06] 
