INFO [2017-04-02 18:52:12] [[1]]
INFO [2017-04-02 18:52:12] mylist
INFO [2017-04-02 18:52:12] 
INFO [2017-04-02 18:52:12] $filename
INFO [2017-04-02 18:52:12] NULL
INFO [2017-04-02 18:52:12] 
INFO [2017-04-02 18:52:12] $main
INFO [2017-04-02 18:52:12] [1] "DE genes between species per day (5% FDR, batch 2)"
INFO [2017-04-02 18:52:12] 
INFO [2017-04-02 18:52:12] $cex
INFO [2017-04-02 18:52:12] [1] 1.5
INFO [2017-04-02 18:52:12] 
INFO [2017-04-02 18:52:12] $fill
INFO [2017-04-02 18:52:12] pal[1:4]
INFO [2017-04-02 18:52:12] 
INFO [2017-04-02 18:52:12] $lty
INFO [2017-04-02 18:52:12] [1] 1
INFO [2017-04-02 18:52:12] 
INFO [2017-04-02 18:52:12] $height
INFO [2017-04-02 18:52:12] [1] 2000
INFO [2017-04-02 18:52:12] 
INFO [2017-04-02 18:52:12] $width
INFO [2017-04-02 18:52:12] [1] 3000
INFO [2017-04-02 18:52:12] 
INFO [2017-04-02 18:52:12] [[1]]
INFO [2017-04-02 18:52:12] mylist_humans_by_day
INFO [2017-04-02 18:52:12] 
INFO [2017-04-02 18:52:12] $filename
INFO [2017-04-02 18:52:12] NULL
INFO [2017-04-02 18:52:12] 
INFO [2017-04-02 18:52:12] $main
INFO [2017-04-02 18:52:12] [1] "DE genes across days in humans (1% FDR, batch 2)"
INFO [2017-04-02 18:52:12] 
INFO [2017-04-02 18:52:12] $cex
INFO [2017-04-02 18:52:12] [1] 1.5
INFO [2017-04-02 18:52:12] 
INFO [2017-04-02 18:52:12] $fill
INFO [2017-04-02 18:52:12] pal[1:3]
INFO [2017-04-02 18:52:12] 
INFO [2017-04-02 18:52:12] $lty
INFO [2017-04-02 18:52:12] [1] 1
INFO [2017-04-02 18:52:12] 
INFO [2017-04-02 18:52:12] $height
INFO [2017-04-02 18:52:12] [1] 2000
INFO [2017-04-02 18:52:12] 
INFO [2017-04-02 18:52:12] $width
INFO [2017-04-02 18:52:12] [1] 3000
INFO [2017-04-02 18:52:12] 
