INFO [2017-04-02 19:14:23] [[1]]
INFO [2017-04-02 19:14:23] mylist
INFO [2017-04-02 19:14:23] 
INFO [2017-04-02 19:14:23] $filename
INFO [2017-04-02 19:14:23] NULL
INFO [2017-04-02 19:14:23] 
INFO [2017-04-02 19:14:23] $main
INFO [2017-04-02 19:14:23] [1] "DE genes between species per day (5% FDR, global correction)"
INFO [2017-04-02 19:14:23] 
INFO [2017-04-02 19:14:23] $cex
INFO [2017-04-02 19:14:23] [1] 1.5
INFO [2017-04-02 19:14:23] 
INFO [2017-04-02 19:14:23] $fill
INFO [2017-04-02 19:14:23] pal[1:4]
INFO [2017-04-02 19:14:23] 
INFO [2017-04-02 19:14:23] $lty
INFO [2017-04-02 19:14:23] [1] 1
INFO [2017-04-02 19:14:23] 
INFO [2017-04-02 19:14:23] $height
INFO [2017-04-02 19:14:23] [1] 2000
INFO [2017-04-02 19:14:23] 
INFO [2017-04-02 19:14:23] $width
INFO [2017-04-02 19:14:23] [1] 3000
INFO [2017-04-02 19:14:23] 
INFO [2017-04-02 19:14:23] [[1]]
INFO [2017-04-02 19:14:23] mylist_humans_by_day
INFO [2017-04-02 19:14:23] 
INFO [2017-04-02 19:14:23] $filename
INFO [2017-04-02 19:14:23] NULL
INFO [2017-04-02 19:14:23] 
INFO [2017-04-02 19:14:23] $main
INFO [2017-04-02 19:14:23] [1] "DE genes across days in humans (5% FDR, global correction)"
INFO [2017-04-02 19:14:23] 
INFO [2017-04-02 19:14:23] $cex
INFO [2017-04-02 19:14:23] [1] 1.5
INFO [2017-04-02 19:14:23] 
INFO [2017-04-02 19:14:23] $fill
INFO [2017-04-02 19:14:23] pal[1:3]
INFO [2017-04-02 19:14:23] 
INFO [2017-04-02 19:14:23] $lty
INFO [2017-04-02 19:14:23] [1] 1
INFO [2017-04-02 19:14:23] 
INFO [2017-04-02 19:14:23] $height
INFO [2017-04-02 19:14:23] [1] 2000
INFO [2017-04-02 19:14:23] 
INFO [2017-04-02 19:14:23] $width
INFO [2017-04-02 19:14:23] [1] 3000
INFO [2017-04-02 19:14:23] 
INFO [2017-04-02 19:14:23] [[1]]
INFO [2017-04-02 19:14:23] mylist_chimps_by_day
INFO [2017-04-02 19:14:23] 
INFO [2017-04-02 19:14:23] $filename
INFO [2017-04-02 19:14:23] NULL
INFO [2017-04-02 19:14:23] 
INFO [2017-04-02 19:14:23] $main
INFO [2017-04-02 19:14:23] [1] "DE genes across days in chimpanzees (5% FDR, global correction)"
INFO [2017-04-02 19:14:23] 
INFO [2017-04-02 19:14:23] $cex
INFO [2017-04-02 19:14:23] [1] 1.5
INFO [2017-04-02 19:14:23] 
INFO [2017-04-02 19:14:23] $fill
INFO [2017-04-02 19:14:23] pal[1:3]
INFO [2017-04-02 19:14:23] 
INFO [2017-04-02 19:14:23] $lty
INFO [2017-04-02 19:14:23] [1] 1
INFO [2017-04-02 19:14:23] 
INFO [2017-04-02 19:14:23] $height
INFO [2017-04-02 19:14:23] [1] 2000
INFO [2017-04-02 19:14:23] 
INFO [2017-04-02 19:14:23] $width
INFO [2017-04-02 19:14:23] [1] 3000
INFO [2017-04-02 19:14:23] 
