INFO [2017-04-02 19:12:49] [[1]]
INFO [2017-04-02 19:12:49] mylist
INFO [2017-04-02 19:12:49] 
INFO [2017-04-02 19:12:49] $filename
INFO [2017-04-02 19:12:49] NULL
INFO [2017-04-02 19:12:49] 
INFO [2017-04-02 19:12:49] $main
INFO [2017-04-02 19:12:49] [1] "DE genes between species per day (5% FDR, batch 2)"
INFO [2017-04-02 19:12:49] 
INFO [2017-04-02 19:12:49] $cex
INFO [2017-04-02 19:12:49] [1] 1.5
INFO [2017-04-02 19:12:49] 
INFO [2017-04-02 19:12:49] $fill
INFO [2017-04-02 19:12:49] pal[1:4]
INFO [2017-04-02 19:12:49] 
INFO [2017-04-02 19:12:49] $lty
INFO [2017-04-02 19:12:49] [1] 1
INFO [2017-04-02 19:12:49] 
INFO [2017-04-02 19:12:49] $height
INFO [2017-04-02 19:12:49] [1] 2000
INFO [2017-04-02 19:12:49] 
INFO [2017-04-02 19:12:49] $width
INFO [2017-04-02 19:12:49] [1] 3000
INFO [2017-04-02 19:12:49] 
INFO [2017-04-02 19:12:49] [[1]]
INFO [2017-04-02 19:12:49] mylist_humans_by_day
INFO [2017-04-02 19:12:49] 
INFO [2017-04-02 19:12:49] $filename
INFO [2017-04-02 19:12:49] NULL
INFO [2017-04-02 19:12:49] 
INFO [2017-04-02 19:12:49] $main
INFO [2017-04-02 19:12:49] [1] "DE genes across days in humans (1% FDR, batch 2)"
INFO [2017-04-02 19:12:49] 
INFO [2017-04-02 19:12:49] $cex
INFO [2017-04-02 19:12:49] [1] 1.5
INFO [2017-04-02 19:12:49] 
INFO [2017-04-02 19:12:49] $fill
INFO [2017-04-02 19:12:49] pal[1:3]
INFO [2017-04-02 19:12:49] 
INFO [2017-04-02 19:12:49] $lty
INFO [2017-04-02 19:12:49] [1] 1
INFO [2017-04-02 19:12:49] 
INFO [2017-04-02 19:12:49] $height
INFO [2017-04-02 19:12:49] [1] 2000
INFO [2017-04-02 19:12:49] 
INFO [2017-04-02 19:12:49] $width
INFO [2017-04-02 19:12:49] [1] 3000
INFO [2017-04-02 19:12:49] 
INFO [2017-04-02 19:12:49] [[1]]
INFO [2017-04-02 19:12:49] mylist_chimps_by_day
INFO [2017-04-02 19:12:49] 
INFO [2017-04-02 19:12:49] $filename
INFO [2017-04-02 19:12:49] NULL
INFO [2017-04-02 19:12:49] 
INFO [2017-04-02 19:12:49] $main
INFO [2017-04-02 19:12:49] [1] "DE genes across days in chimpanzees (5% FDR, batch 2)"
INFO [2017-04-02 19:12:49] 
INFO [2017-04-02 19:12:49] $cex
INFO [2017-04-02 19:12:49] [1] 1.5
INFO [2017-04-02 19:12:49] 
INFO [2017-04-02 19:12:49] $fill
INFO [2017-04-02 19:12:49] pal[1:3]
INFO [2017-04-02 19:12:49] 
INFO [2017-04-02 19:12:49] $lty
INFO [2017-04-02 19:12:49] [1] 1
INFO [2017-04-02 19:12:49] 
INFO [2017-04-02 19:12:49] $height
INFO [2017-04-02 19:12:49] [1] 2000
INFO [2017-04-02 19:12:49] 
INFO [2017-04-02 19:12:49] $width
INFO [2017-04-02 19:12:49] [1] 3000
INFO [2017-04-02 19:12:49] 
