INFO [2017-01-24 11:47:44] [[1]]
INFO [2017-01-24 11:47:44] mylist
INFO [2017-01-24 11:47:44] 
INFO [2017-01-24 11:47:44] $filename
INFO [2017-01-24 11:47:44] NULL
INFO [2017-01-24 11:47:44] 
INFO [2017-01-24 11:47:44] $main
INFO [2017-01-24 11:47:44] [1] "DE genes between species per day (FDR< 5%)"
INFO [2017-01-24 11:47:44] 
INFO [2017-01-24 11:47:44] $cex
INFO [2017-01-24 11:47:44] [1] 1.5
INFO [2017-01-24 11:47:44] 
INFO [2017-01-24 11:47:44] $fill
INFO [2017-01-24 11:47:44] pal[1:4]
INFO [2017-01-24 11:47:44] 
INFO [2017-01-24 11:47:44] $lty
INFO [2017-01-24 11:47:44] [1] 1
INFO [2017-01-24 11:47:44] 
INFO [2017-01-24 11:47:44] $height
INFO [2017-01-24 11:47:44] [1] 2000
INFO [2017-01-24 11:47:44] 
INFO [2017-01-24 11:47:44] $width
INFO [2017-01-24 11:47:44] [1] 3000
INFO [2017-01-24 11:47:44] 
