INFO [2017-04-16 18:37:50] [[1]]
INFO [2017-04-16 18:37:50] mylist
INFO [2017-04-16 18:37:50] 
INFO [2017-04-16 18:37:50] $filename
INFO [2017-04-16 18:37:50] NULL
INFO [2017-04-16 18:37:50] 
INFO [2017-04-16 18:37:50] $main
INFO [2017-04-16 18:37:50] [1] "DE genes between species per day (5% FDR; 3940 genes with log2 fold change >= 1)"
INFO [2017-04-16 18:37:50] 
INFO [2017-04-16 18:37:50] $cex
INFO [2017-04-16 18:37:50] [1] 1.5
INFO [2017-04-16 18:37:50] 
INFO [2017-04-16 18:37:50] $fill
INFO [2017-04-16 18:37:50] pal[1:4]
INFO [2017-04-16 18:37:50] 
INFO [2017-04-16 18:37:50] $lty
INFO [2017-04-16 18:37:50] [1] 1
INFO [2017-04-16 18:37:50] 
INFO [2017-04-16 18:37:50] $height
INFO [2017-04-16 18:37:50] [1] 2000
INFO [2017-04-16 18:37:50] 
INFO [2017-04-16 18:37:50] $width
INFO [2017-04-16 18:37:50] [1] 3000
INFO [2017-04-16 18:37:50] 
INFO [2017-04-16 18:37:50] [[1]]
INFO [2017-04-16 18:37:50] mylist_humans_by_day
INFO [2017-04-16 18:37:50] 
INFO [2017-04-16 18:37:50] $filename
INFO [2017-04-16 18:37:50] NULL
INFO [2017-04-16 18:37:50] 
INFO [2017-04-16 18:37:50] $main
INFO [2017-04-16 18:37:50] [1] "DE genes across days in humans (5% FDR)"
INFO [2017-04-16 18:37:50] 
INFO [2017-04-16 18:37:50] $cex
INFO [2017-04-16 18:37:50] [1] 1.5
INFO [2017-04-16 18:37:50] 
INFO [2017-04-16 18:37:50] $fill
INFO [2017-04-16 18:37:50] pal[1:3]
INFO [2017-04-16 18:37:50] 
INFO [2017-04-16 18:37:50] $lty
INFO [2017-04-16 18:37:50] [1] 1
INFO [2017-04-16 18:37:50] 
INFO [2017-04-16 18:37:50] $height
INFO [2017-04-16 18:37:50] [1] 2000
INFO [2017-04-16 18:37:50] 
INFO [2017-04-16 18:37:50] $width
INFO [2017-04-16 18:37:50] [1] 3000
INFO [2017-04-16 18:37:50] 
INFO [2017-04-16 18:37:50] [[1]]
INFO [2017-04-16 18:37:50] mylist_chimps_by_day
INFO [2017-04-16 18:37:50] 
INFO [2017-04-16 18:37:50] $filename
INFO [2017-04-16 18:37:50] NULL
INFO [2017-04-16 18:37:50] 
INFO [2017-04-16 18:37:50] $main
INFO [2017-04-16 18:37:50] [1] "DE genes across days in chimpanzees (5% FDR)"
INFO [2017-04-16 18:37:50] 
INFO [2017-04-16 18:37:50] $cex
INFO [2017-04-16 18:37:50] [1] 1.5
INFO [2017-04-16 18:37:50] 
INFO [2017-04-16 18:37:50] $fill
INFO [2017-04-16 18:37:50] pal[1:3]
INFO [2017-04-16 18:37:50] 
INFO [2017-04-16 18:37:50] $lty
INFO [2017-04-16 18:37:50] [1] 1
INFO [2017-04-16 18:37:50] 
INFO [2017-04-16 18:37:50] $height
INFO [2017-04-16 18:37:50] [1] 2000
INFO [2017-04-16 18:37:50] 
INFO [2017-04-16 18:37:50] $width
INFO [2017-04-16 18:37:50] [1] 3000
INFO [2017-04-16 18:37:50] 
