INFO [2017-04-20 22:40:33] [[1]]
INFO [2017-04-20 22:40:33] mylist
INFO [2017-04-20 22:40:33] 
INFO [2017-04-20 22:40:33] $filename
INFO [2017-04-20 22:40:33] NULL
INFO [2017-04-20 22:40:33] 
INFO [2017-04-20 22:40:33] $main
INFO [2017-04-20 22:40:33] [1] "DE genes between species per day (5% FDR; 3940 genes with log2 fold change >= 1)"
INFO [2017-04-20 22:40:33] 
INFO [2017-04-20 22:40:33] $cex
INFO [2017-04-20 22:40:33] [1] 1.5
INFO [2017-04-20 22:40:33] 
INFO [2017-04-20 22:40:33] $fill
INFO [2017-04-20 22:40:33] pal[1:4]
INFO [2017-04-20 22:40:33] 
INFO [2017-04-20 22:40:33] $lty
INFO [2017-04-20 22:40:33] [1] 1
INFO [2017-04-20 22:40:33] 
INFO [2017-04-20 22:40:33] $height
INFO [2017-04-20 22:40:33] [1] 2000
INFO [2017-04-20 22:40:33] 
INFO [2017-04-20 22:40:33] $width
INFO [2017-04-20 22:40:33] [1] 3000
INFO [2017-04-20 22:40:33] 
INFO [2017-04-20 22:40:33] [[1]]
INFO [2017-04-20 22:40:33] mylist_humans_by_day
INFO [2017-04-20 22:40:33] 
INFO [2017-04-20 22:40:33] $filename
INFO [2017-04-20 22:40:33] NULL
INFO [2017-04-20 22:40:33] 
INFO [2017-04-20 22:40:33] $main
INFO [2017-04-20 22:40:33] [1] "DE genes across days in humans (5% FDR)"
INFO [2017-04-20 22:40:33] 
INFO [2017-04-20 22:40:33] $cex
INFO [2017-04-20 22:40:33] [1] 1.5
INFO [2017-04-20 22:40:33] 
INFO [2017-04-20 22:40:33] $fill
INFO [2017-04-20 22:40:33] pal[1:3]
INFO [2017-04-20 22:40:33] 
INFO [2017-04-20 22:40:33] $lty
INFO [2017-04-20 22:40:33] [1] 1
INFO [2017-04-20 22:40:33] 
INFO [2017-04-20 22:40:33] $height
INFO [2017-04-20 22:40:33] [1] 2000
INFO [2017-04-20 22:40:33] 
INFO [2017-04-20 22:40:33] $width
INFO [2017-04-20 22:40:33] [1] 3000
INFO [2017-04-20 22:40:33] 
