INFO [2017-04-02 18:51:19] [[1]]
INFO [2017-04-02 18:51:19] mylist
INFO [2017-04-02 18:51:19] 
INFO [2017-04-02 18:51:19] $filename
INFO [2017-04-02 18:51:19] NULL
INFO [2017-04-02 18:51:19] 
INFO [2017-04-02 18:51:19] $main
INFO [2017-04-02 18:51:19] [1] "DE genes between species per day (1% FDR)"
INFO [2017-04-02 18:51:19] 
INFO [2017-04-02 18:51:19] $cex
INFO [2017-04-02 18:51:19] [1] 1.5
INFO [2017-04-02 18:51:19] 
INFO [2017-04-02 18:51:19] $fill
INFO [2017-04-02 18:51:19] pal[1:4]
INFO [2017-04-02 18:51:19] 
INFO [2017-04-02 18:51:19] $lty
INFO [2017-04-02 18:51:19] [1] 1
INFO [2017-04-02 18:51:19] 
INFO [2017-04-02 18:51:19] $height
INFO [2017-04-02 18:51:19] [1] 2000
INFO [2017-04-02 18:51:19] 
INFO [2017-04-02 18:51:19] $width
INFO [2017-04-02 18:51:19] [1] 3000
INFO [2017-04-02 18:51:19] 
INFO [2017-04-02 18:51:19] [[1]]
INFO [2017-04-02 18:51:19] mylist_humans_by_day
INFO [2017-04-02 18:51:19] 
INFO [2017-04-02 18:51:19] $filename
INFO [2017-04-02 18:51:19] NULL
INFO [2017-04-02 18:51:19] 
INFO [2017-04-02 18:51:19] $main
INFO [2017-04-02 18:51:19] [1] "DE genes across days in humans (1% FDR)"
INFO [2017-04-02 18:51:19] 
INFO [2017-04-02 18:51:19] $cex
INFO [2017-04-02 18:51:19] [1] 1.5
INFO [2017-04-02 18:51:19] 
INFO [2017-04-02 18:51:19] $fill
INFO [2017-04-02 18:51:19] pal[1:3]
INFO [2017-04-02 18:51:19] 
INFO [2017-04-02 18:51:19] $lty
INFO [2017-04-02 18:51:19] [1] 1
INFO [2017-04-02 18:51:19] 
INFO [2017-04-02 18:51:19] $height
INFO [2017-04-02 18:51:19] [1] 2000
INFO [2017-04-02 18:51:19] 
INFO [2017-04-02 18:51:19] $width
INFO [2017-04-02 18:51:19] [1] 3000
INFO [2017-04-02 18:51:19] 
