INFO [2017-03-28 20:57:22] [[1]]
INFO [2017-03-28 20:57:22] mylist_interact
INFO [2017-03-28 20:57:22] 
INFO [2017-03-28 20:57:22] $filename
INFO [2017-03-28 20:57:22] NULL
INFO [2017-03-28 20:57:22] 
INFO [2017-03-28 20:57:22] $main
INFO [2017-03-28 20:57:22] [1] "Genes with a significant species-by-day interaction (5% FDR, batch 2)"
INFO [2017-03-28 20:57:22] 
INFO [2017-03-28 20:57:22] $cex
INFO [2017-03-28 20:57:22] [1] 1.5
INFO [2017-03-28 20:57:22] 
INFO [2017-03-28 20:57:22] $fill
INFO [2017-03-28 20:57:22] pal[1:3]
INFO [2017-03-28 20:57:22] 
INFO [2017-03-28 20:57:22] $lty
INFO [2017-03-28 20:57:22] [1] 1
INFO [2017-03-28 20:57:22] 
INFO [2017-03-28 20:57:22] $height
INFO [2017-03-28 20:57:22] [1] 2000
INFO [2017-03-28 20:57:22] 
INFO [2017-03-28 20:57:22] $width
INFO [2017-03-28 20:57:22] [1] 3000
INFO [2017-03-28 20:57:22] 
