INFO [2017-03-28 20:39:58] [[1]]
INFO [2017-03-28 20:39:58] mylist
INFO [2017-03-28 20:39:58] 
INFO [2017-03-28 20:39:58] $filename
INFO [2017-03-28 20:39:58] NULL
INFO [2017-03-28 20:39:58] 
INFO [2017-03-28 20:39:58] $main
INFO [2017-03-28 20:39:58] [1] "DE genes between species per day (1% FDR)"
INFO [2017-03-28 20:39:58] 
INFO [2017-03-28 20:39:58] $cex
INFO [2017-03-28 20:39:58] [1] 1.5
INFO [2017-03-28 20:39:58] 
INFO [2017-03-28 20:39:58] $fill
INFO [2017-03-28 20:39:58] pal[1:4]
INFO [2017-03-28 20:39:58] 
INFO [2017-03-28 20:39:58] $lty
INFO [2017-03-28 20:39:58] [1] 1
INFO [2017-03-28 20:39:58] 
INFO [2017-03-28 20:39:58] $height
INFO [2017-03-28 20:39:58] [1] 2000
INFO [2017-03-28 20:39:58] 
INFO [2017-03-28 20:39:58] $width
INFO [2017-03-28 20:39:58] [1] 3000
INFO [2017-03-28 20:39:58] 
INFO [2017-03-28 20:39:58] [[1]]
INFO [2017-03-28 20:39:58] mylist_humans_by_day
INFO [2017-03-28 20:39:58] 
INFO [2017-03-28 20:39:58] $filename
INFO [2017-03-28 20:39:58] NULL
INFO [2017-03-28 20:39:58] 
INFO [2017-03-28 20:39:58] $main
INFO [2017-03-28 20:39:58] [1] "DE genes across days in humans (1% FDR)"
INFO [2017-03-28 20:39:58] 
INFO [2017-03-28 20:39:58] $cex
INFO [2017-03-28 20:39:58] [1] 1.5
INFO [2017-03-28 20:39:58] 
INFO [2017-03-28 20:39:58] $fill
INFO [2017-03-28 20:39:58] pal[1:3]
INFO [2017-03-28 20:39:58] 
INFO [2017-03-28 20:39:58] $lty
INFO [2017-03-28 20:39:58] [1] 1
INFO [2017-03-28 20:39:58] 
INFO [2017-03-28 20:39:58] $height
INFO [2017-03-28 20:39:58] [1] 2000
INFO [2017-03-28 20:39:58] 
INFO [2017-03-28 20:39:58] $width
INFO [2017-03-28 20:39:58] [1] 3000
INFO [2017-03-28 20:39:58] 
