INFO [2017-03-28 20:48:38] [[1]]
INFO [2017-03-28 20:48:38] mylist_chimps_by_day
INFO [2017-03-28 20:48:38] 
INFO [2017-03-28 20:48:38] $filename
INFO [2017-03-28 20:48:38] NULL
INFO [2017-03-28 20:48:38] 
INFO [2017-03-28 20:48:38] $main
INFO [2017-03-28 20:48:38] [1] "DE genes across days in chimpanzees (1% FDR)"
INFO [2017-03-28 20:48:38] 
INFO [2017-03-28 20:48:38] $cex
INFO [2017-03-28 20:48:38] [1] 1.5
INFO [2017-03-28 20:48:38] 
INFO [2017-03-28 20:48:38] $fill
INFO [2017-03-28 20:48:38] pal[1:3]
INFO [2017-03-28 20:48:38] 
INFO [2017-03-28 20:48:38] $lty
INFO [2017-03-28 20:48:38] [1] 1
INFO [2017-03-28 20:48:38] 
INFO [2017-03-28 20:48:38] $height
INFO [2017-03-28 20:48:38] [1] 2000
INFO [2017-03-28 20:48:38] 
INFO [2017-03-28 20:48:38] $width
INFO [2017-03-28 20:48:38] [1] 3000
INFO [2017-03-28 20:48:38] 
INFO [2017-03-28 20:48:38] [[1]]
INFO [2017-03-28 20:48:38] mylist_interact
INFO [2017-03-28 20:48:38] 
INFO [2017-03-28 20:48:38] $filename
INFO [2017-03-28 20:48:38] NULL
INFO [2017-03-28 20:48:38] 
INFO [2017-03-28 20:48:38] $main
INFO [2017-03-28 20:48:38] [1] "Genes with a significant species-by-day interaction (1% FDR)"
INFO [2017-03-28 20:48:38] 
INFO [2017-03-28 20:48:38] $cex
INFO [2017-03-28 20:48:38] [1] 1.5
INFO [2017-03-28 20:48:38] 
INFO [2017-03-28 20:48:38] $fill
INFO [2017-03-28 20:48:38] pal[1:3]
INFO [2017-03-28 20:48:38] 
INFO [2017-03-28 20:48:38] $lty
INFO [2017-03-28 20:48:38] [1] 1
INFO [2017-03-28 20:48:38] 
INFO [2017-03-28 20:48:38] $height
INFO [2017-03-28 20:48:38] [1] 2000
INFO [2017-03-28 20:48:38] 
INFO [2017-03-28 20:48:38] $width
INFO [2017-03-28 20:48:38] [1] 3000
INFO [2017-03-28 20:48:38] 
