INFO [2017-01-09 22:01:40] [[1]]
INFO [2017-01-09 22:01:40] mylist
INFO [2017-01-09 22:01:40] 
INFO [2017-01-09 22:01:40] $filename
INFO [2017-01-09 22:01:40] NULL
INFO [2017-01-09 22:01:40] 
INFO [2017-01-09 22:01:40] $main
INFO [2017-01-09 22:01:40] [1] "Genes with Significant Day Coefficients"
INFO [2017-01-09 22:01:40] 
INFO [2017-01-09 22:01:40] $cex
INFO [2017-01-09 22:01:40] [1] 1.5
INFO [2017-01-09 22:01:40] 
INFO [2017-01-09 22:01:40] $fill
INFO [2017-01-09 22:01:40] pal[1:3]
INFO [2017-01-09 22:01:40] 
INFO [2017-01-09 22:01:40] $lty
INFO [2017-01-09 22:01:40] [1] 1
INFO [2017-01-09 22:01:40] 
INFO [2017-01-09 22:01:40] $height
INFO [2017-01-09 22:01:40] [1] 2000
INFO [2017-01-09 22:01:40] 
INFO [2017-01-09 22:01:40] $width
INFO [2017-01-09 22:01:40] [1] 2500
INFO [2017-01-09 22:01:40] 
